[0.589s] Invoking command in '/home/tomas-jelinek/clearpath_sim_ws/src/obst_avoid': PYTHONPATH=/home/tomas-jelinek/clearpath_sim_ws/build/obst_avoid/prefix_override:/usr/lib/python3/dist-packages/colcon_core/task/python/colcon_distutils_commands:/home/tomas-jelinek/clearpath_sim_ws/install/obst_avoid/lib/python3.10/site-packages:${PYTHONPATH} /usr/bin/python3 -W ignore:setup.py install is deprecated setup.py egg_info --egg-base ../../build/obst_avoid build --build-base /home/tomas-jelinek/clearpath_sim_ws/build/obst_avoid/build install --record /home/tomas-jelinek/clearpath_sim_ws/build/obst_avoid/install.log --single-version-externally-managed install_data
[0.792s] running egg_info
[0.792s] writing ../../build/obst_avoid/obst_avoid.egg-info/PKG-INFO
[0.792s] writing dependency_links to ../../build/obst_avoid/obst_avoid.egg-info/dependency_links.txt
[0.792s] writing entry points to ../../build/obst_avoid/obst_avoid.egg-info/entry_points.txt
[0.793s] writing requirements to ../../build/obst_avoid/obst_avoid.egg-info/requires.txt
[0.793s] writing top-level names to ../../build/obst_avoid/obst_avoid.egg-info/top_level.txt
[0.794s] reading manifest file '../../build/obst_avoid/obst_avoid.egg-info/SOURCES.txt'
[0.794s] writing manifest file '../../build/obst_avoid/obst_avoid.egg-info/SOURCES.txt'
[0.794s] running build
[0.794s] running build_py
[0.795s] running install
[0.795s] running install_lib
[0.796s] running install_data
[0.796s] running install_egg_info
[0.797s] removing '/home/tomas-jelinek/clearpath_sim_ws/install/obst_avoid/lib/python3.10/site-packages/obst_avoid-0.0.0-py3.10.egg-info' (and everything under it)
[0.797s] Copying ../../build/obst_avoid/obst_avoid.egg-info to /home/tomas-jelinek/clearpath_sim_ws/install/obst_avoid/lib/python3.10/site-packages/obst_avoid-0.0.0-py3.10.egg-info
[0.798s] running install_scripts
[0.812s] Installing gazebo_config script to /home/tomas-jelinek/clearpath_sim_ws/install/obst_avoid/lib/obst_avoid
[0.812s] writing list of installed files to '/home/tomas-jelinek/clearpath_sim_ws/build/obst_avoid/install.log'
[0.830s] Invoked command in '/home/tomas-jelinek/clearpath_sim_ws/src/obst_avoid' returned '0': PYTHONPATH=/home/tomas-jelinek/clearpath_sim_ws/build/obst_avoid/prefix_override:/usr/lib/python3/dist-packages/colcon_core/task/python/colcon_distutils_commands:/home/tomas-jelinek/clearpath_sim_ws/install/obst_avoid/lib/python3.10/site-packages:${PYTHONPATH} /usr/bin/python3 -W ignore:setup.py install is deprecated setup.py egg_info --egg-base ../../build/obst_avoid build --build-base /home/tomas-jelinek/clearpath_sim_ws/build/obst_avoid/build install --record /home/tomas-jelinek/clearpath_sim_ws/build/obst_avoid/install.log --single-version-externally-managed install_data
