[0.058s] Invoking command in '/home/tomas-jelinek/clearpath_sim_ws/build/clearpath_platform_msgs': CMAKE_PREFIX_PATH=/opt/ros/humble /usr/bin/cmake --build /home/tomas-jelinek/clearpath_sim_ws/build/clearpath_platform_msgs -- -j8 -l8
[0.698s] [35m[1mConsolidate compiler generated dependencies of target clearpath_platform_msgs__rosidl_generator_c[0m
[0.699s] [  0%] Built target clearpath_platform_msgs__cpp
[0.699s] [  0%] Built target ament_cmake_python_symlink_clearpath_platform_msgs
[0.699s] [35m[1mConsolidate compiler generated dependencies of target clearpath_platform_msgs__rosidl_typesupport_cpp[0m
[0.699s] [ 12%] Built target clearpath_platform_msgs__rosidl_generator_c
[0.699s] [35m[1mConsolidate compiler generated dependencies of target clearpath_platform_msgs__rosidl_typesupport_introspection_cpp[0m
[0.700s] [35m[1mConsolidate compiler generated dependencies of target clearpath_platform_msgs__rosidl_typesupport_fastrtps_cpp[0m
[0.700s] [35m[1mConsolidate compiler generated dependencies of target clearpath_platform_msgs__rosidl_typesupport_fastrtps_c[0m
[0.701s] [35m[1mConsolidate compiler generated dependencies of target clearpath_platform_msgs__rosidl_typesupport_introspection_c[0m
[0.701s] [ 24%] Built target clearpath_platform_msgs__rosidl_typesupport_cpp
[0.701s] [35m[1mConsolidate compiler generated dependencies of target clearpath_platform_msgs__rosidl_typesupport_c[0m
[0.701s] [ 35%] Built target clearpath_platform_msgs__rosidl_typesupport_fastrtps_cpp
[0.701s] [ 47%] Built target clearpath_platform_msgs__rosidl_typesupport_introspection_cpp
[0.701s] [ 59%] Built target clearpath_platform_msgs__rosidl_typesupport_introspection_c
[0.701s] [ 70%] Built target clearpath_platform_msgs__rosidl_typesupport_c
[0.701s] [ 82%] Built target clearpath_platform_msgs__rosidl_typesupport_fastrtps_c
[0.701s] [ 82%] Built target clearpath_platform_msgs
[0.701s] [ 83%] Built target clearpath_platform_msgs__py
[0.701s] [35m[1mConsolidate compiler generated dependencies of target clearpath_platform_msgs__rosidl_generator_py[0m
[0.702s] [ 94%] Built target clearpath_platform_msgs__rosidl_generator_py
[0.702s] [35m[1mConsolidate compiler generated dependencies of target clearpath_platform_msgs__rosidl_typesupport_fastrtps_c__pyext[0m
[0.702s] [35m[1mConsolidate compiler generated dependencies of target clearpath_platform_msgs__rosidl_typesupport_c__pyext[0m
[0.702s] [35m[1mConsolidate compiler generated dependencies of target clearpath_platform_msgs__rosidl_typesupport_introspection_c__pyext[0m
[0.702s] [ 96%] Built target clearpath_platform_msgs__rosidl_typesupport_fastrtps_c__pyext
[0.702s] [ 98%] Built target clearpath_platform_msgs__rosidl_typesupport_c__pyext
[0.702s] [100%] Built target clearpath_platform_msgs__rosidl_typesupport_introspection_c__pyext
[0.770s] running egg_info
[0.771s] writing clearpath_platform_msgs.egg-info/PKG-INFO
[0.771s] writing dependency_links to clearpath_platform_msgs.egg-info/dependency_links.txt
[0.771s] writing top-level names to clearpath_platform_msgs.egg-info/top_level.txt
[0.773s] reading manifest file 'clearpath_platform_msgs.egg-info/SOURCES.txt'
[0.777s] writing manifest file 'clearpath_platform_msgs.egg-info/SOURCES.txt'
[0.838s] [100%] Built target ament_cmake_python_build_clearpath_platform_msgs_egg
[0.960s] Invoked command in '/home/tomas-jelinek/clearpath_sim_ws/build/clearpath_platform_msgs' returned '0': CMAKE_PREFIX_PATH=/opt/ros/humble /usr/bin/cmake --build /home/tomas-jelinek/clearpath_sim_ws/build/clearpath_platform_msgs -- -j8 -l8
[1.395s] Invoking command in '/home/tomas-jelinek/clearpath_sim_ws/build/clearpath_platform_msgs': CMAKE_PREFIX_PATH=/opt/ros/humble /usr/bin/cmake --install /home/tomas-jelinek/clearpath_sim_ws/build/clearpath_platform_msgs
[1.410s] -- Install configuration: ""
[1.411s] -- Execute custom install script
[1.412s] -- Up-to-date symlink: /home/tomas-jelinek/clearpath_sim_ws/install/clearpath_platform_msgs/share/ament_index/resource_index/rosidl_interfaces/clearpath_platform_msgs
[1.414s] -- Up-to-date symlink: /home/tomas-jelinek/clearpath_sim_ws/install/clearpath_platform_msgs/include/clearpath_platform_msgs/clearpath_platform_msgs/msg/detail/drive__functions.h
[1.415s] -- Up-to-date symlink: /home/tomas-jelinek/clearpath_sim_ws/install/clearpath_platform_msgs/include/clearpath_platform_msgs/clearpath_platform_msgs/msg/detail/drive__struct.h
[1.415s] -- Up-to-date symlink: /home/tomas-jelinek/clearpath_sim_ws/install/clearpath_platform_msgs/include/clearpath_platform_msgs/clearpath_platform_msgs/msg/detail/drive__type_support.h
[1.416s] -- Up-to-date symlink: /home/tomas-jelinek/clearpath_sim_ws/install/clearpath_platform_msgs/include/clearpath_platform_msgs/clearpath_platform_msgs/msg/detail/drive_feedback__functions.h
[1.416s] -- Up-to-date symlink: /home/tomas-jelinek/clearpath_sim_ws/install/clearpath_platform_msgs/include/clearpath_platform_msgs/clearpath_platform_msgs/msg/detail/drive_feedback__struct.h
[1.416s] -- Up-to-date symlink: /home/tomas-jelinek/clearpath_sim_ws/install/clearpath_platform_msgs/include/clearpath_platform_msgs/clearpath_platform_msgs/msg/detail/drive_feedback__type_support.h
[1.417s] -- Up-to-date symlink: /home/tomas-jelinek/clearpath_sim_ws/install/clearpath_platform_msgs/include/clearpath_platform_msgs/clearpath_platform_msgs/msg/detail/fans__functions.h
[1.417s] -- Up-to-date symlink: /home/tomas-jelinek/clearpath_sim_ws/install/clearpath_platform_msgs/include/clearpath_platform_msgs/clearpath_platform_msgs/msg/detail/fans__struct.h
[1.417s] -- Up-to-date symlink: /home/tomas-jelinek/clearpath_sim_ws/install/clearpath_platform_msgs/include/clearpath_platform_msgs/clearpath_platform_msgs/msg/detail/fans__type_support.h
[1.418s] -- Up-to-date symlink: /home/tomas-jelinek/clearpath_sim_ws/install/clearpath_platform_msgs/include/clearpath_platform_msgs/clearpath_platform_msgs/msg/detail/feedback__functions.h
[1.418s] -- Up-to-date symlink: /home/tomas-jelinek/clearpath_sim_ws/install/clearpath_platform_msgs/include/clearpath_platform_msgs/clearpath_platform_msgs/msg/detail/feedback__struct.h
[1.420s] -- Up-to-date symlink: /home/tomas-jelinek/clearpath_sim_ws/install/clearpath_platform_msgs/include/clearpath_platform_msgs/clearpath_platform_msgs/msg/detail/feedback__type_support.h
[1.420s] -- Up-to-date symlink: /home/tomas-jelinek/clearpath_sim_ws/install/clearpath_platform_msgs/include/clearpath_platform_msgs/clearpath_platform_msgs/msg/detail/lights__functions.h
[1.421s] -- Up-to-date symlink: /home/tomas-jelinek/clearpath_sim_ws/install/clearpath_platform_msgs/include/clearpath_platform_msgs/clearpath_platform_msgs/msg/detail/lights__struct.h
[1.421s] -- Up-to-date symlink: /home/tomas-jelinek/clearpath_sim_ws/install/clearpath_platform_msgs/include/clearpath_platform_msgs/clearpath_platform_msgs/msg/detail/lights__type_support.h
[1.422s] -- Up-to-date symlink: /home/tomas-jelinek/clearpath_sim_ws/install/clearpath_platform_msgs/include/clearpath_platform_msgs/clearpath_platform_msgs/msg/detail/power__functions.h
[1.422s] -- Up-to-date symlink: /home/tomas-jelinek/clearpath_sim_ws/install/clearpath_platform_msgs/include/clearpath_platform_msgs/clearpath_platform_msgs/msg/detail/power__struct.h
[1.422s] -- Up-to-date symlink: /home/tomas-jelinek/clearpath_sim_ws/install/clearpath_platform_msgs/include/clearpath_platform_msgs/clearpath_platform_msgs/msg/detail/power__type_support.h
[1.422s] -- Up-to-date symlink: /home/tomas-jelinek/clearpath_sim_ws/install/clearpath_platform_msgs/include/clearpath_platform_msgs/clearpath_platform_msgs/msg/detail/rgb__functions.h
[1.422s] -- Up-to-date symlink: /home/tomas-jelinek/clearpath_sim_ws/install/clearpath_platform_msgs/include/clearpath_platform_msgs/clearpath_platform_msgs/msg/detail/rgb__struct.h
[1.423s] -- Up-to-date symlink: /home/tomas-jelinek/clearpath_sim_ws/install/clearpath_platform_msgs/include/clearpath_platform_msgs/clearpath_platform_msgs/msg/detail/rgb__type_support.h
[1.423s] -- Up-to-date symlink: /home/tomas-jelinek/clearpath_sim_ws/install/clearpath_platform_msgs/include/clearpath_platform_msgs/clearpath_platform_msgs/msg/detail/status__functions.h
[1.424s] -- Up-to-date symlink: /home/tomas-jelinek/clearpath_sim_ws/install/clearpath_platform_msgs/include/clearpath_platform_msgs/clearpath_platform_msgs/msg/detail/status__struct.h
[1.424s] -- Up-to-date symlink: /home/tomas-jelinek/clearpath_sim_ws/install/clearpath_platform_msgs/include/clearpath_platform_msgs/clearpath_platform_msgs/msg/detail/status__type_support.h
[1.424s] -- Up-to-date symlink: /home/tomas-jelinek/clearpath_sim_ws/install/clearpath_platform_msgs/include/clearpath_platform_msgs/clearpath_platform_msgs/msg/detail/stop_status__functions.h
[1.425s] -- Up-to-date symlink: /home/tomas-jelinek/clearpath_sim_ws/install/clearpath_platform_msgs/include/clearpath_platform_msgs/clearpath_platform_msgs/msg/detail/stop_status__struct.h
[1.426s] -- Up-to-date symlink: /home/tomas-jelinek/clearpath_sim_ws/install/clearpath_platform_msgs/include/clearpath_platform_msgs/clearpath_platform_msgs/msg/detail/stop_status__type_support.h
[1.426s] -- Up-to-date symlink: /home/tomas-jelinek/clearpath_sim_ws/install/clearpath_platform_msgs/include/clearpath_platform_msgs/clearpath_platform_msgs/msg/drive.h
[1.426s] -- Up-to-date symlink: /home/tomas-jelinek/clearpath_sim_ws/install/clearpath_platform_msgs/include/clearpath_platform_msgs/clearpath_platform_msgs/msg/drive_feedback.h
[1.426s] -- Up-to-date symlink: /home/tomas-jelinek/clearpath_sim_ws/install/clearpath_platform_msgs/include/clearpath_platform_msgs/clearpath_platform_msgs/msg/fans.h
[1.427s] -- Up-to-date symlink: /home/tomas-jelinek/clearpath_sim_ws/install/clearpath_platform_msgs/include/clearpath_platform_msgs/clearpath_platform_msgs/msg/feedback.h
[1.427s] -- Up-to-date symlink: /home/tomas-jelinek/clearpath_sim_ws/install/clearpath_platform_msgs/include/clearpath_platform_msgs/clearpath_platform_msgs/msg/lights.h
[1.427s] -- Up-to-date symlink: /home/tomas-jelinek/clearpath_sim_ws/install/clearpath_platform_msgs/include/clearpath_platform_msgs/clearpath_platform_msgs/msg/power.h
[1.427s] -- Up-to-date symlink: /home/tomas-jelinek/clearpath_sim_ws/install/clearpath_platform_msgs/include/clearpath_platform_msgs/clearpath_platform_msgs/msg/rgb.h
[1.427s] -- Up-to-date symlink: /home/tomas-jelinek/clearpath_sim_ws/install/clearpath_platform_msgs/include/clearpath_platform_msgs/clearpath_platform_msgs/msg/rosidl_generator_c__visibility_control.h
[1.427s] -- Up-to-date symlink: /home/tomas-jelinek/clearpath_sim_ws/install/clearpath_platform_msgs/include/clearpath_platform_msgs/clearpath_platform_msgs/msg/status.h
[1.427s] -- Up-to-date symlink: /home/tomas-jelinek/clearpath_sim_ws/install/clearpath_platform_msgs/include/clearpath_platform_msgs/clearpath_platform_msgs/msg/stop_status.h
[1.427s] -- Up-to-date symlink: /home/tomas-jelinek/clearpath_sim_ws/install/clearpath_platform_msgs/include/clearpath_platform_msgs/clearpath_platform_msgs/srv/configure_mcu.h
[1.428s] -- Up-to-date symlink: /home/tomas-jelinek/clearpath_sim_ws/install/clearpath_platform_msgs/include/clearpath_platform_msgs/clearpath_platform_msgs/srv/detail/configure_mcu__functions.h
[1.428s] -- Up-to-date symlink: /home/tomas-jelinek/clearpath_sim_ws/install/clearpath_platform_msgs/include/clearpath_platform_msgs/clearpath_platform_msgs/srv/detail/configure_mcu__struct.h
[1.428s] -- Up-to-date symlink: /home/tomas-jelinek/clearpath_sim_ws/install/clearpath_platform_msgs/include/clearpath_platform_msgs/clearpath_platform_msgs/srv/detail/configure_mcu__type_support.h
[1.428s] -- Up-to-date symlink: /home/tomas-jelinek/clearpath_sim_ws/install/clearpath_platform_msgs/share/clearpath_platform_msgs/environment/library_path.sh
[1.428s] -- Up-to-date symlink: /home/tomas-jelinek/clearpath_sim_ws/install/clearpath_platform_msgs/share/clearpath_platform_msgs/environment/library_path.dsv
[1.429s] -- Up-to-date symlink: /home/tomas-jelinek/clearpath_sim_ws/install/clearpath_platform_msgs/include/clearpath_platform_msgs/clearpath_platform_msgs/msg/detail/drive__rosidl_typesupport_fastrtps_c.h
[1.429s] -- Up-to-date symlink: /home/tomas-jelinek/clearpath_sim_ws/install/clearpath_platform_msgs/include/clearpath_platform_msgs/clearpath_platform_msgs/msg/detail/drive_feedback__rosidl_typesupport_fastrtps_c.h
[1.430s] -- Up-to-date symlink: /home/tomas-jelinek/clearpath_sim_ws/install/clearpath_platform_msgs/include/clearpath_platform_msgs/clearpath_platform_msgs/msg/detail/fans__rosidl_typesupport_fastrtps_c.h
[1.430s] -- Up-to-date symlink: /home/tomas-jelinek/clearpath_sim_ws/install/clearpath_platform_msgs/include/clearpath_platform_msgs/clearpath_platform_msgs/msg/detail/feedback__rosidl_typesupport_fastrtps_c.h
[1.430s] -- Up-to-date symlink: /home/tomas-jelinek/clearpath_sim_ws/install/clearpath_platform_msgs/include/clearpath_platform_msgs/clearpath_platform_msgs/msg/detail/lights__rosidl_typesupport_fastrtps_c.h
[1.430s] -- Up-to-date symlink: /home/tomas-jelinek/clearpath_sim_ws/install/clearpath_platform_msgs/include/clearpath_platform_msgs/clearpath_platform_msgs/msg/detail/power__rosidl_typesupport_fastrtps_c.h
[1.430s] -- Up-to-date symlink: /home/tomas-jelinek/clearpath_sim_ws/install/clearpath_platform_msgs/include/clearpath_platform_msgs/clearpath_platform_msgs/msg/detail/rgb__rosidl_typesupport_fastrtps_c.h
[1.431s] -- Up-to-date symlink: /home/tomas-jelinek/clearpath_sim_ws/install/clearpath_platform_msgs/include/clearpath_platform_msgs/clearpath_platform_msgs/msg/detail/status__rosidl_typesupport_fastrtps_c.h
[1.431s] -- Up-to-date symlink: /home/tomas-jelinek/clearpath_sim_ws/install/clearpath_platform_msgs/include/clearpath_platform_msgs/clearpath_platform_msgs/msg/detail/stop_status__rosidl_typesupport_fastrtps_c.h
[1.431s] -- Up-to-date symlink: /home/tomas-jelinek/clearpath_sim_ws/install/clearpath_platform_msgs/include/clearpath_platform_msgs/clearpath_platform_msgs/msg/rosidl_typesupport_fastrtps_c__visibility_control.h
[1.431s] -- Up-to-date symlink: /home/tomas-jelinek/clearpath_sim_ws/install/clearpath_platform_msgs/include/clearpath_platform_msgs/clearpath_platform_msgs/srv/detail/configure_mcu__rosidl_typesupport_fastrtps_c.h
[1.433s] -- Up-to-date symlink: /home/tomas-jelinek/clearpath_sim_ws/install/clearpath_platform_msgs/include/clearpath_platform_msgs/clearpath_platform_msgs/msg/detail/drive__builder.hpp
[1.434s] -- Up-to-date symlink: /home/tomas-jelinek/clearpath_sim_ws/install/clearpath_platform_msgs/include/clearpath_platform_msgs/clearpath_platform_msgs/msg/detail/drive__struct.hpp
[1.434s] -- Up-to-date symlink: /home/tomas-jelinek/clearpath_sim_ws/install/clearpath_platform_msgs/include/clearpath_platform_msgs/clearpath_platform_msgs/msg/detail/drive__traits.hpp
[1.434s] -- Up-to-date symlink: /home/tomas-jelinek/clearpath_sim_ws/install/clearpath_platform_msgs/include/clearpath_platform_msgs/clearpath_platform_msgs/msg/detail/drive_feedback__builder.hpp
[1.434s] -- Up-to-date symlink: /home/tomas-jelinek/clearpath_sim_ws/install/clearpath_platform_msgs/include/clearpath_platform_msgs/clearpath_platform_msgs/msg/detail/drive_feedback__struct.hpp
[1.434s] -- Up-to-date symlink: /home/tomas-jelinek/clearpath_sim_ws/install/clearpath_platform_msgs/include/clearpath_platform_msgs/clearpath_platform_msgs/msg/detail/drive_feedback__traits.hpp
[1.434s] -- Up-to-date symlink: /home/tomas-jelinek/clearpath_sim_ws/install/clearpath_platform_msgs/include/clearpath_platform_msgs/clearpath_platform_msgs/msg/detail/fans__builder.hpp
[1.434s] -- Up-to-date symlink: /home/tomas-jelinek/clearpath_sim_ws/install/clearpath_platform_msgs/include/clearpath_platform_msgs/clearpath_platform_msgs/msg/detail/fans__struct.hpp
[1.434s] -- Up-to-date symlink: /home/tomas-jelinek/clearpath_sim_ws/install/clearpath_platform_msgs/include/clearpath_platform_msgs/clearpath_platform_msgs/msg/detail/fans__traits.hpp
[1.435s] -- Up-to-date symlink: /home/tomas-jelinek/clearpath_sim_ws/install/clearpath_platform_msgs/include/clearpath_platform_msgs/clearpath_platform_msgs/msg/detail/feedback__builder.hpp
[1.435s] -- Up-to-date symlink: /home/tomas-jelinek/clearpath_sim_ws/install/clearpath_platform_msgs/include/clearpath_platform_msgs/clearpath_platform_msgs/msg/detail/feedback__struct.hpp
[1.435s] -- Up-to-date symlink: /home/tomas-jelinek/clearpath_sim_ws/install/clearpath_platform_msgs/include/clearpath_platform_msgs/clearpath_platform_msgs/msg/detail/feedback__traits.hpp
[1.435s] -- Up-to-date symlink: /home/tomas-jelinek/clearpath_sim_ws/install/clearpath_platform_msgs/include/clearpath_platform_msgs/clearpath_platform_msgs/msg/detail/lights__builder.hpp
[1.435s] -- Up-to-date symlink: /home/tomas-jelinek/clearpath_sim_ws/install/clearpath_platform_msgs/include/clearpath_platform_msgs/clearpath_platform_msgs/msg/detail/lights__struct.hpp
[1.435s] -- Up-to-date symlink: /home/tomas-jelinek/clearpath_sim_ws/install/clearpath_platform_msgs/include/clearpath_platform_msgs/clearpath_platform_msgs/msg/detail/lights__traits.hpp
[1.435s] -- Up-to-date symlink: /home/tomas-jelinek/clearpath_sim_ws/install/clearpath_platform_msgs/include/clearpath_platform_msgs/clearpath_platform_msgs/msg/detail/power__builder.hpp
[1.436s] -- Up-to-date symlink: /home/tomas-jelinek/clearpath_sim_ws/install/clearpath_platform_msgs/include/clearpath_platform_msgs/clearpath_platform_msgs/msg/detail/power__struct.hpp
[1.436s] -- Up-to-date symlink: /home/tomas-jelinek/clearpath_sim_ws/install/clearpath_platform_msgs/include/clearpath_platform_msgs/clearpath_platform_msgs/msg/detail/power__traits.hpp
[1.436s] -- Up-to-date symlink: /home/tomas-jelinek/clearpath_sim_ws/install/clearpath_platform_msgs/include/clearpath_platform_msgs/clearpath_platform_msgs/msg/detail/rgb__builder.hpp
[1.436s] -- Up-to-date symlink: /home/tomas-jelinek/clearpath_sim_ws/install/clearpath_platform_msgs/include/clearpath_platform_msgs/clearpath_platform_msgs/msg/detail/rgb__struct.hpp
[1.437s] -- Up-to-date symlink: /home/tomas-jelinek/clearpath_sim_ws/install/clearpath_platform_msgs/include/clearpath_platform_msgs/clearpath_platform_msgs/msg/detail/rgb__traits.hpp
[1.437s] -- Up-to-date symlink: /home/tomas-jelinek/clearpath_sim_ws/install/clearpath_platform_msgs/include/clearpath_platform_msgs/clearpath_platform_msgs/msg/detail/status__builder.hpp
[1.437s] -- Up-to-date symlink: /home/tomas-jelinek/clearpath_sim_ws/install/clearpath_platform_msgs/include/clearpath_platform_msgs/clearpath_platform_msgs/msg/detail/status__struct.hpp
[1.437s] -- Up-to-date symlink: /home/tomas-jelinek/clearpath_sim_ws/install/clearpath_platform_msgs/include/clearpath_platform_msgs/clearpath_platform_msgs/msg/detail/status__traits.hpp
[1.438s] -- Up-to-date symlink: /home/tomas-jelinek/clearpath_sim_ws/install/clearpath_platform_msgs/include/clearpath_platform_msgs/clearpath_platform_msgs/msg/detail/stop_status__builder.hpp
[1.438s] -- Up-to-date symlink: /home/tomas-jelinek/clearpath_sim_ws/install/clearpath_platform_msgs/include/clearpath_platform_msgs/clearpath_platform_msgs/msg/detail/stop_status__struct.hpp
[1.439s] -- Up-to-date symlink: /home/tomas-jelinek/clearpath_sim_ws/install/clearpath_platform_msgs/include/clearpath_platform_msgs/clearpath_platform_msgs/msg/detail/stop_status__traits.hpp
[1.440s] -- Up-to-date symlink: /home/tomas-jelinek/clearpath_sim_ws/install/clearpath_platform_msgs/include/clearpath_platform_msgs/clearpath_platform_msgs/msg/drive.hpp
[1.440s] -- Up-to-date symlink: /home/tomas-jelinek/clearpath_sim_ws/install/clearpath_platform_msgs/include/clearpath_platform_msgs/clearpath_platform_msgs/msg/drive_feedback.hpp
[1.440s] -- Up-to-date symlink: /home/tomas-jelinek/clearpath_sim_ws/install/clearpath_platform_msgs/include/clearpath_platform_msgs/clearpath_platform_msgs/msg/fans.hpp
[1.440s] -- Up-to-date symlink: /home/tomas-jelinek/clearpath_sim_ws/install/clearpath_platform_msgs/include/clearpath_platform_msgs/clearpath_platform_msgs/msg/feedback.hpp
[1.441s] -- Up-to-date symlink: /home/tomas-jelinek/clearpath_sim_ws/install/clearpath_platform_msgs/include/clearpath_platform_msgs/clearpath_platform_msgs/msg/lights.hpp
[1.441s] -- Up-to-date symlink: /home/tomas-jelinek/clearpath_sim_ws/install/clearpath_platform_msgs/include/clearpath_platform_msgs/clearpath_platform_msgs/msg/power.hpp
[1.441s] -- Up-to-date symlink: /home/tomas-jelinek/clearpath_sim_ws/install/clearpath_platform_msgs/include/clearpath_platform_msgs/clearpath_platform_msgs/msg/rgb.hpp
[1.441s] -- Up-to-date symlink: /home/tomas-jelinek/clearpath_sim_ws/install/clearpath_platform_msgs/include/clearpath_platform_msgs/clearpath_platform_msgs/msg/status.hpp
[1.442s] -- Up-to-date symlink: /home/tomas-jelinek/clearpath_sim_ws/install/clearpath_platform_msgs/include/clearpath_platform_msgs/clearpath_platform_msgs/msg/stop_status.hpp
[1.442s] -- Up-to-date symlink: /home/tomas-jelinek/clearpath_sim_ws/install/clearpath_platform_msgs/include/clearpath_platform_msgs/clearpath_platform_msgs/srv/configure_mcu.hpp
[1.442s] -- Up-to-date symlink: /home/tomas-jelinek/clearpath_sim_ws/install/clearpath_platform_msgs/include/clearpath_platform_msgs/clearpath_platform_msgs/srv/detail/configure_mcu__builder.hpp
[1.442s] -- Up-to-date symlink: /home/tomas-jelinek/clearpath_sim_ws/install/clearpath_platform_msgs/include/clearpath_platform_msgs/clearpath_platform_msgs/srv/detail/configure_mcu__struct.hpp
[1.442s] -- Up-to-date symlink: /home/tomas-jelinek/clearpath_sim_ws/install/clearpath_platform_msgs/include/clearpath_platform_msgs/clearpath_platform_msgs/srv/detail/configure_mcu__traits.hpp
[1.443s] -- Up-to-date symlink: /home/tomas-jelinek/clearpath_sim_ws/install/clearpath_platform_msgs/include/clearpath_platform_msgs/clearpath_platform_msgs/msg/detail/drive__rosidl_typesupport_fastrtps_cpp.hpp
[1.444s] -- Up-to-date symlink: /home/tomas-jelinek/clearpath_sim_ws/install/clearpath_platform_msgs/include/clearpath_platform_msgs/clearpath_platform_msgs/msg/detail/drive_feedback__rosidl_typesupport_fastrtps_cpp.hpp
[1.444s] -- Up-to-date symlink: /home/tomas-jelinek/clearpath_sim_ws/install/clearpath_platform_msgs/include/clearpath_platform_msgs/clearpath_platform_msgs/msg/detail/fans__rosidl_typesupport_fastrtps_cpp.hpp
[1.444s] -- Up-to-date symlink: /home/tomas-jelinek/clearpath_sim_ws/install/clearpath_platform_msgs/include/clearpath_platform_msgs/clearpath_platform_msgs/msg/detail/feedback__rosidl_typesupport_fastrtps_cpp.hpp
[1.445s] -- Up-to-date symlink: /home/tomas-jelinek/clearpath_sim_ws/install/clearpath_platform_msgs/include/clearpath_platform_msgs/clearpath_platform_msgs/msg/detail/lights__rosidl_typesupport_fastrtps_cpp.hpp
[1.446s] -- Up-to-date symlink: /home/tomas-jelinek/clearpath_sim_ws/install/clearpath_platform_msgs/include/clearpath_platform_msgs/clearpath_platform_msgs/msg/detail/power__rosidl_typesupport_fastrtps_cpp.hpp
[1.446s] -- Up-to-date symlink: /home/tomas-jelinek/clearpath_sim_ws/install/clearpath_platform_msgs/include/clearpath_platform_msgs/clearpath_platform_msgs/msg/detail/rgb__rosidl_typesupport_fastrtps_cpp.hpp
[1.447s] -- Up-to-date symlink: /home/tomas-jelinek/clearpath_sim_ws/install/clearpath_platform_msgs/include/clearpath_platform_msgs/clearpath_platform_msgs/msg/detail/status__rosidl_typesupport_fastrtps_cpp.hpp
[1.447s] -- Up-to-date symlink: /home/tomas-jelinek/clearpath_sim_ws/install/clearpath_platform_msgs/include/clearpath_platform_msgs/clearpath_platform_msgs/msg/detail/stop_status__rosidl_typesupport_fastrtps_cpp.hpp
[1.447s] -- Up-to-date symlink: /home/tomas-jelinek/clearpath_sim_ws/install/clearpath_platform_msgs/include/clearpath_platform_msgs/clearpath_platform_msgs/msg/rosidl_typesupport_fastrtps_cpp__visibility_control.h
[1.447s] -- Up-to-date symlink: /home/tomas-jelinek/clearpath_sim_ws/install/clearpath_platform_msgs/include/clearpath_platform_msgs/clearpath_platform_msgs/srv/detail/configure_mcu__rosidl_typesupport_fastrtps_cpp.hpp
[1.448s] -- Up-to-date symlink: /home/tomas-jelinek/clearpath_sim_ws/install/clearpath_platform_msgs/include/clearpath_platform_msgs/clearpath_platform_msgs/msg/detail/drive__rosidl_typesupport_introspection_c.h
[1.448s] -- Up-to-date symlink: /home/tomas-jelinek/clearpath_sim_ws/install/clearpath_platform_msgs/include/clearpath_platform_msgs/clearpath_platform_msgs/msg/detail/drive_feedback__rosidl_typesupport_introspection_c.h
[1.448s] -- Up-to-date symlink: /home/tomas-jelinek/clearpath_sim_ws/install/clearpath_platform_msgs/include/clearpath_platform_msgs/clearpath_platform_msgs/msg/detail/fans__rosidl_typesupport_introspection_c.h
[1.451s] -- Up-to-date symlink: /home/tomas-jelinek/clearpath_sim_ws/install/clearpath_platform_msgs/include/clearpath_platform_msgs/clearpath_platform_msgs/msg/detail/feedback__rosidl_typesupport_introspection_c.h
[1.451s] -- Up-to-date symlink: /home/tomas-jelinek/clearpath_sim_ws/install/clearpath_platform_msgs/include/clearpath_platform_msgs/clearpath_platform_msgs/msg/detail/lights__rosidl_typesupport_introspection_c.h
[1.451s] -- Up-to-date symlink: /home/tomas-jelinek/clearpath_sim_ws/install/clearpath_platform_msgs/include/clearpath_platform_msgs/clearpath_platform_msgs/msg/detail/power__rosidl_typesupport_introspection_c.h
[1.451s] -- Up-to-date symlink: /home/tomas-jelinek/clearpath_sim_ws/install/clearpath_platform_msgs/include/clearpath_platform_msgs/clearpath_platform_msgs/msg/detail/rgb__rosidl_typesupport_introspection_c.h
[1.451s] -- Up-to-date symlink: /home/tomas-jelinek/clearpath_sim_ws/install/clearpath_platform_msgs/include/clearpath_platform_msgs/clearpath_platform_msgs/msg/detail/status__rosidl_typesupport_introspection_c.h
[1.451s] -- Up-to-date symlink: /home/tomas-jelinek/clearpath_sim_ws/install/clearpath_platform_msgs/include/clearpath_platform_msgs/clearpath_platform_msgs/msg/detail/stop_status__rosidl_typesupport_introspection_c.h
[1.452s] -- Up-to-date symlink: /home/tomas-jelinek/clearpath_sim_ws/install/clearpath_platform_msgs/include/clearpath_platform_msgs/clearpath_platform_msgs/msg/rosidl_typesupport_introspection_c__visibility_control.h
[1.452s] -- Up-to-date symlink: /home/tomas-jelinek/clearpath_sim_ws/install/clearpath_platform_msgs/include/clearpath_platform_msgs/clearpath_platform_msgs/srv/detail/configure_mcu__rosidl_typesupport_introspection_c.h
[1.452s] -- Up-to-date symlink: /home/tomas-jelinek/clearpath_sim_ws/install/clearpath_platform_msgs/include/clearpath_platform_msgs/clearpath_platform_msgs/msg/detail/drive__rosidl_typesupport_introspection_cpp.hpp
[1.452s] -- Up-to-date symlink: /home/tomas-jelinek/clearpath_sim_ws/install/clearpath_platform_msgs/include/clearpath_platform_msgs/clearpath_platform_msgs/msg/detail/drive_feedback__rosidl_typesupport_introspection_cpp.hpp
[1.452s] -- Up-to-date symlink: /home/tomas-jelinek/clearpath_sim_ws/install/clearpath_platform_msgs/include/clearpath_platform_msgs/clearpath_platform_msgs/msg/detail/fans__rosidl_typesupport_introspection_cpp.hpp
[1.453s] -- Up-to-date symlink: /home/tomas-jelinek/clearpath_sim_ws/install/clearpath_platform_msgs/include/clearpath_platform_msgs/clearpath_platform_msgs/msg/detail/feedback__rosidl_typesupport_introspection_cpp.hpp
[1.453s] -- Up-to-date symlink: /home/tomas-jelinek/clearpath_sim_ws/install/clearpath_platform_msgs/include/clearpath_platform_msgs/clearpath_platform_msgs/msg/detail/lights__rosidl_typesupport_introspection_cpp.hpp
[1.453s] -- Up-to-date symlink: /home/tomas-jelinek/clearpath_sim_ws/install/clearpath_platform_msgs/include/clearpath_platform_msgs/clearpath_platform_msgs/msg/detail/power__rosidl_typesupport_introspection_cpp.hpp
[1.453s] -- Up-to-date symlink: /home/tomas-jelinek/clearpath_sim_ws/install/clearpath_platform_msgs/include/clearpath_platform_msgs/clearpath_platform_msgs/msg/detail/rgb__rosidl_typesupport_introspection_cpp.hpp
[1.453s] -- Up-to-date symlink: /home/tomas-jelinek/clearpath_sim_ws/install/clearpath_platform_msgs/include/clearpath_platform_msgs/clearpath_platform_msgs/msg/detail/status__rosidl_typesupport_introspection_cpp.hpp
[1.454s] -- Up-to-date symlink: /home/tomas-jelinek/clearpath_sim_ws/install/clearpath_platform_msgs/include/clearpath_platform_msgs/clearpath_platform_msgs/msg/detail/stop_status__rosidl_typesupport_introspection_cpp.hpp
[1.454s] -- Up-to-date symlink: /home/tomas-jelinek/clearpath_sim_ws/install/clearpath_platform_msgs/include/clearpath_platform_msgs/clearpath_platform_msgs/srv/detail/configure_mcu__rosidl_typesupport_introspection_cpp.hpp
[1.454s] -- Up-to-date symlink: /home/tomas-jelinek/clearpath_sim_ws/install/clearpath_platform_msgs/share/clearpath_platform_msgs/environment/pythonpath.sh
[1.454s] -- Up-to-date symlink: /home/tomas-jelinek/clearpath_sim_ws/install/clearpath_platform_msgs/share/clearpath_platform_msgs/environment/pythonpath.dsv
[1.455s] -- Up-to-date symlink: /home/tomas-jelinek/clearpath_sim_ws/install/clearpath_platform_msgs/local/lib/python3.10/dist-packages/clearpath_platform_msgs-0.3.0-py3.10.egg-info/PKG-INFO
[1.457s] -- Up-to-date symlink: /home/tomas-jelinek/clearpath_sim_ws/install/clearpath_platform_msgs/local/lib/python3.10/dist-packages/clearpath_platform_msgs-0.3.0-py3.10.egg-info/SOURCES.txt
[1.457s] -- Up-to-date symlink: /home/tomas-jelinek/clearpath_sim_ws/install/clearpath_platform_msgs/local/lib/python3.10/dist-packages/clearpath_platform_msgs-0.3.0-py3.10.egg-info/dependency_links.txt
[1.457s] -- Up-to-date symlink: /home/tomas-jelinek/clearpath_sim_ws/install/clearpath_platform_msgs/local/lib/python3.10/dist-packages/clearpath_platform_msgs-0.3.0-py3.10.egg-info/top_level.txt
[1.458s] -- Up-to-date symlink: /home/tomas-jelinek/clearpath_sim_ws/install/clearpath_platform_msgs/local/lib/python3.10/dist-packages/clearpath_platform_msgs/__init__.py
[1.459s] -- Up-to-date symlink: /home/tomas-jelinek/clearpath_sim_ws/install/clearpath_platform_msgs/local/lib/python3.10/dist-packages/clearpath_platform_msgs/_clearpath_platform_msgs_s.ep.rosidl_typesupport_c.c
[1.459s] -- Up-to-date symlink: /home/tomas-jelinek/clearpath_sim_ws/install/clearpath_platform_msgs/local/lib/python3.10/dist-packages/clearpath_platform_msgs/_clearpath_platform_msgs_s.ep.rosidl_typesupport_fastrtps_c.c
[1.460s] -- Up-to-date symlink: /home/tomas-jelinek/clearpath_sim_ws/install/clearpath_platform_msgs/local/lib/python3.10/dist-packages/clearpath_platform_msgs/_clearpath_platform_msgs_s.ep.rosidl_typesupport_introspection_c.c
[1.460s] -- Up-to-date symlink: /home/tomas-jelinek/clearpath_sim_ws/install/clearpath_platform_msgs/local/lib/python3.10/dist-packages/clearpath_platform_msgs/clearpath_platform_msgs_s__rosidl_typesupport_c.cpython-310-x86_64-linux-gnu.so
[1.460s] -- Up-to-date symlink: /home/tomas-jelinek/clearpath_sim_ws/install/clearpath_platform_msgs/local/lib/python3.10/dist-packages/clearpath_platform_msgs/clearpath_platform_msgs_s__rosidl_typesupport_fastrtps_c.cpython-310-x86_64-linux-gnu.so
[1.461s] -- Up-to-date symlink: /home/tomas-jelinek/clearpath_sim_ws/install/clearpath_platform_msgs/local/lib/python3.10/dist-packages/clearpath_platform_msgs/clearpath_platform_msgs_s__rosidl_typesupport_introspection_c.cpython-310-x86_64-linux-gnu.so
[1.461s] -- Up-to-date symlink: /home/tomas-jelinek/clearpath_sim_ws/install/clearpath_platform_msgs/local/lib/python3.10/dist-packages/clearpath_platform_msgs/libclearpath_platform_msgs__rosidl_generator_py.so
[1.461s] -- Up-to-date symlink: /home/tomas-jelinek/clearpath_sim_ws/install/clearpath_platform_msgs/local/lib/python3.10/dist-packages/clearpath_platform_msgs/msg/__init__.py
[1.461s] -- Up-to-date symlink: /home/tomas-jelinek/clearpath_sim_ws/install/clearpath_platform_msgs/local/lib/python3.10/dist-packages/clearpath_platform_msgs/msg/_drive.py
[1.461s] -- Up-to-date symlink: /home/tomas-jelinek/clearpath_sim_ws/install/clearpath_platform_msgs/local/lib/python3.10/dist-packages/clearpath_platform_msgs/msg/_drive_feedback.py
[1.461s] -- Up-to-date symlink: /home/tomas-jelinek/clearpath_sim_ws/install/clearpath_platform_msgs/local/lib/python3.10/dist-packages/clearpath_platform_msgs/msg/_drive_feedback_s.c
[1.462s] -- Up-to-date symlink: /home/tomas-jelinek/clearpath_sim_ws/install/clearpath_platform_msgs/local/lib/python3.10/dist-packages/clearpath_platform_msgs/msg/_drive_s.c
[1.462s] -- Up-to-date symlink: /home/tomas-jelinek/clearpath_sim_ws/install/clearpath_platform_msgs/local/lib/python3.10/dist-packages/clearpath_platform_msgs/msg/_fans.py
[1.462s] -- Up-to-date symlink: /home/tomas-jelinek/clearpath_sim_ws/install/clearpath_platform_msgs/local/lib/python3.10/dist-packages/clearpath_platform_msgs/msg/_fans_s.c
[1.462s] -- Up-to-date symlink: /home/tomas-jelinek/clearpath_sim_ws/install/clearpath_platform_msgs/local/lib/python3.10/dist-packages/clearpath_platform_msgs/msg/_feedback.py
[1.462s] -- Up-to-date symlink: /home/tomas-jelinek/clearpath_sim_ws/install/clearpath_platform_msgs/local/lib/python3.10/dist-packages/clearpath_platform_msgs/msg/_feedback_s.c
[1.462s] -- Up-to-date symlink: /home/tomas-jelinek/clearpath_sim_ws/install/clearpath_platform_msgs/local/lib/python3.10/dist-packages/clearpath_platform_msgs/msg/_lights.py
[1.462s] -- Up-to-date symlink: /home/tomas-jelinek/clearpath_sim_ws/install/clearpath_platform_msgs/local/lib/python3.10/dist-packages/clearpath_platform_msgs/msg/_lights_s.c
[1.462s] -- Up-to-date symlink: /home/tomas-jelinek/clearpath_sim_ws/install/clearpath_platform_msgs/local/lib/python3.10/dist-packages/clearpath_platform_msgs/msg/_power.py
[1.463s] -- Up-to-date symlink: /home/tomas-jelinek/clearpath_sim_ws/install/clearpath_platform_msgs/local/lib/python3.10/dist-packages/clearpath_platform_msgs/msg/_power_s.c
[1.463s] -- Up-to-date symlink: /home/tomas-jelinek/clearpath_sim_ws/install/clearpath_platform_msgs/local/lib/python3.10/dist-packages/clearpath_platform_msgs/msg/_rgb.py
[1.464s] -- Up-to-date symlink: /home/tomas-jelinek/clearpath_sim_ws/install/clearpath_platform_msgs/local/lib/python3.10/dist-packages/clearpath_platform_msgs/msg/_rgb_s.c
[1.464s] -- Up-to-date symlink: /home/tomas-jelinek/clearpath_sim_ws/install/clearpath_platform_msgs/local/lib/python3.10/dist-packages/clearpath_platform_msgs/msg/_status.py
[1.464s] -- Up-to-date symlink: /home/tomas-jelinek/clearpath_sim_ws/install/clearpath_platform_msgs/local/lib/python3.10/dist-packages/clearpath_platform_msgs/msg/_status_s.c
[1.464s] -- Up-to-date symlink: /home/tomas-jelinek/clearpath_sim_ws/install/clearpath_platform_msgs/local/lib/python3.10/dist-packages/clearpath_platform_msgs/msg/_stop_status.py
[1.464s] -- Up-to-date symlink: /home/tomas-jelinek/clearpath_sim_ws/install/clearpath_platform_msgs/local/lib/python3.10/dist-packages/clearpath_platform_msgs/msg/_stop_status_s.c
[1.464s] -- Up-to-date symlink: /home/tomas-jelinek/clearpath_sim_ws/install/clearpath_platform_msgs/local/lib/python3.10/dist-packages/clearpath_platform_msgs/srv/__init__.py
[1.464s] -- Up-to-date symlink: /home/tomas-jelinek/clearpath_sim_ws/install/clearpath_platform_msgs/local/lib/python3.10/dist-packages/clearpath_platform_msgs/srv/_configure_mcu.py
[1.464s] -- Up-to-date symlink: /home/tomas-jelinek/clearpath_sim_ws/install/clearpath_platform_msgs/local/lib/python3.10/dist-packages/clearpath_platform_msgs/srv/_configure_mcu_s.c
[1.465s] -- Up-to-date symlink: /home/tomas-jelinek/clearpath_sim_ws/install/clearpath_platform_msgs/local/lib/python3.10/dist-packages/clearpath_platform_msgs/clearpath_platform_msgs_s__rosidl_typesupport_fastrtps_c.cpython-310-x86_64-linux-gnu.so
[1.465s] -- Up-to-date symlink: /home/tomas-jelinek/clearpath_sim_ws/install/clearpath_platform_msgs/local/lib/python3.10/dist-packages/clearpath_platform_msgs/clearpath_platform_msgs_s__rosidl_typesupport_introspection_c.cpython-310-x86_64-linux-gnu.so
[1.469s] -- Up-to-date symlink: /home/tomas-jelinek/clearpath_sim_ws/install/clearpath_platform_msgs/local/lib/python3.10/dist-packages/clearpath_platform_msgs/clearpath_platform_msgs_s__rosidl_typesupport_c.cpython-310-x86_64-linux-gnu.so
[1.469s] -- Up-to-date symlink: /home/tomas-jelinek/clearpath_sim_ws/install/clearpath_platform_msgs/share/clearpath_platform_msgs/msg/Drive.idl
[1.472s] -- Up-to-date symlink: /home/tomas-jelinek/clearpath_sim_ws/install/clearpath_platform_msgs/share/clearpath_platform_msgs/msg/DriveFeedback.idl
[1.472s] -- Up-to-date symlink: /home/tomas-jelinek/clearpath_sim_ws/install/clearpath_platform_msgs/share/clearpath_platform_msgs/msg/Fans.idl
[1.473s] -- Up-to-date symlink: /home/tomas-jelinek/clearpath_sim_ws/install/clearpath_platform_msgs/share/clearpath_platform_msgs/msg/Feedback.idl
[1.473s] -- Up-to-date symlink: /home/tomas-jelinek/clearpath_sim_ws/install/clearpath_platform_msgs/share/clearpath_platform_msgs/msg/Lights.idl
[1.473s] -- Up-to-date symlink: /home/tomas-jelinek/clearpath_sim_ws/install/clearpath_platform_msgs/share/clearpath_platform_msgs/msg/Power.idl
[1.473s] -- Up-to-date symlink: /home/tomas-jelinek/clearpath_sim_ws/install/clearpath_platform_msgs/share/clearpath_platform_msgs/msg/RGB.idl
[1.474s] -- Up-to-date symlink: /home/tomas-jelinek/clearpath_sim_ws/install/clearpath_platform_msgs/share/clearpath_platform_msgs/msg/Status.idl
[1.474s] -- Up-to-date symlink: /home/tomas-jelinek/clearpath_sim_ws/install/clearpath_platform_msgs/share/clearpath_platform_msgs/msg/StopStatus.idl
[1.475s] -- Up-to-date symlink: /home/tomas-jelinek/clearpath_sim_ws/install/clearpath_platform_msgs/share/clearpath_platform_msgs/srv/ConfigureMcu.idl
[1.475s] -- Up-to-date symlink: /home/tomas-jelinek/clearpath_sim_ws/install/clearpath_platform_msgs/share/clearpath_platform_msgs/msg/Drive.msg
[1.476s] -- Up-to-date symlink: /home/tomas-jelinek/clearpath_sim_ws/install/clearpath_platform_msgs/share/clearpath_platform_msgs/msg/DriveFeedback.msg
[1.476s] -- Up-to-date symlink: /home/tomas-jelinek/clearpath_sim_ws/install/clearpath_platform_msgs/share/clearpath_platform_msgs/msg/Fans.msg
[1.476s] -- Up-to-date symlink: /home/tomas-jelinek/clearpath_sim_ws/install/clearpath_platform_msgs/share/clearpath_platform_msgs/msg/Feedback.msg
[1.476s] -- Up-to-date symlink: /home/tomas-jelinek/clearpath_sim_ws/install/clearpath_platform_msgs/share/clearpath_platform_msgs/msg/Lights.msg
[1.477s] -- Up-to-date symlink: /home/tomas-jelinek/clearpath_sim_ws/install/clearpath_platform_msgs/share/clearpath_platform_msgs/msg/Power.msg
[1.478s] -- Up-to-date symlink: /home/tomas-jelinek/clearpath_sim_ws/install/clearpath_platform_msgs/share/clearpath_platform_msgs/msg/RGB.msg
[1.478s] -- Up-to-date symlink: /home/tomas-jelinek/clearpath_sim_ws/install/clearpath_platform_msgs/share/clearpath_platform_msgs/msg/Status.msg
[1.480s] -- Up-to-date symlink: /home/tomas-jelinek/clearpath_sim_ws/install/clearpath_platform_msgs/share/clearpath_platform_msgs/msg/StopStatus.msg
[1.481s] -- Up-to-date symlink: /home/tomas-jelinek/clearpath_sim_ws/install/clearpath_platform_msgs/share/clearpath_platform_msgs/srv/ConfigureMcu.srv
[1.481s] -- Up-to-date symlink: /home/tomas-jelinek/clearpath_sim_ws/install/clearpath_platform_msgs/share/clearpath_platform_msgs/srv/ConfigureMcu_Request.msg
[1.481s] -- Up-to-date symlink: /home/tomas-jelinek/clearpath_sim_ws/install/clearpath_platform_msgs/share/clearpath_platform_msgs/srv/ConfigureMcu_Response.msg
[1.481s] -- Up-to-date symlink: /home/tomas-jelinek/clearpath_sim_ws/install/clearpath_platform_msgs/share/ament_index/resource_index/package_run_dependencies/clearpath_platform_msgs
[1.481s] -- Up-to-date symlink: /home/tomas-jelinek/clearpath_sim_ws/install/clearpath_platform_msgs/share/ament_index/resource_index/parent_prefix_path/clearpath_platform_msgs
[1.482s] -- Up-to-date symlink: /home/tomas-jelinek/clearpath_sim_ws/install/clearpath_platform_msgs/share/clearpath_platform_msgs/environment/ament_prefix_path.sh
[1.482s] -- Up-to-date symlink: /home/tomas-jelinek/clearpath_sim_ws/install/clearpath_platform_msgs/share/clearpath_platform_msgs/environment/ament_prefix_path.dsv
[1.483s] -- Up-to-date symlink: /home/tomas-jelinek/clearpath_sim_ws/install/clearpath_platform_msgs/share/clearpath_platform_msgs/environment/path.sh
[1.486s] -- Up-to-date symlink: /home/tomas-jelinek/clearpath_sim_ws/install/clearpath_platform_msgs/share/clearpath_platform_msgs/environment/path.dsv
[1.486s] -- Up-to-date symlink: /home/tomas-jelinek/clearpath_sim_ws/install/clearpath_platform_msgs/share/clearpath_platform_msgs/local_setup.bash
[1.486s] -- Up-to-date symlink: /home/tomas-jelinek/clearpath_sim_ws/install/clearpath_platform_msgs/share/clearpath_platform_msgs/local_setup.sh
[1.486s] -- Up-to-date symlink: /home/tomas-jelinek/clearpath_sim_ws/install/clearpath_platform_msgs/share/clearpath_platform_msgs/local_setup.zsh
[1.486s] -- Up-to-date symlink: /home/tomas-jelinek/clearpath_sim_ws/install/clearpath_platform_msgs/share/clearpath_platform_msgs/local_setup.dsv
[1.487s] -- Symlinking: /home/tomas-jelinek/clearpath_sim_ws/install/clearpath_platform_msgs/share/clearpath_platform_msgs/package.dsv
[1.502s] -- Up-to-date symlink: /home/tomas-jelinek/clearpath_sim_ws/install/clearpath_platform_msgs/share/ament_index/resource_index/packages/clearpath_platform_msgs
[1.503s] -- Up-to-date symlink: /home/tomas-jelinek/clearpath_sim_ws/install/clearpath_platform_msgs/share/clearpath_platform_msgs/cmake/rosidl_cmake-extras.cmake
[1.503s] -- Up-to-date symlink: /home/tomas-jelinek/clearpath_sim_ws/install/clearpath_platform_msgs/share/clearpath_platform_msgs/cmake/ament_cmake_export_dependencies-extras.cmake
[1.503s] -- Up-to-date symlink: /home/tomas-jelinek/clearpath_sim_ws/install/clearpath_platform_msgs/share/clearpath_platform_msgs/cmake/ament_cmake_export_include_directories-extras.cmake
[1.504s] -- Up-to-date symlink: /home/tomas-jelinek/clearpath_sim_ws/install/clearpath_platform_msgs/share/clearpath_platform_msgs/cmake/ament_cmake_export_libraries-extras.cmake
[1.504s] -- Up-to-date symlink: /home/tomas-jelinek/clearpath_sim_ws/install/clearpath_platform_msgs/share/clearpath_platform_msgs/cmake/ament_cmake_export_targets-extras.cmake
[1.505s] -- Up-to-date symlink: /home/tomas-jelinek/clearpath_sim_ws/install/clearpath_platform_msgs/share/clearpath_platform_msgs/cmake/rosidl_cmake_export_typesupport_targets-extras.cmake
[1.509s] -- Up-to-date symlink: /home/tomas-jelinek/clearpath_sim_ws/install/clearpath_platform_msgs/share/clearpath_platform_msgs/cmake/rosidl_cmake_export_typesupport_libraries-extras.cmake
[1.509s] -- Up-to-date symlink: /home/tomas-jelinek/clearpath_sim_ws/install/clearpath_platform_msgs/share/clearpath_platform_msgs/cmake/clearpath_platform_msgsConfig.cmake
[1.509s] -- Up-to-date symlink: /home/tomas-jelinek/clearpath_sim_ws/install/clearpath_platform_msgs/share/clearpath_platform_msgs/cmake/clearpath_platform_msgsConfig-version.cmake
[1.509s] -- Up-to-date symlink: /home/tomas-jelinek/clearpath_sim_ws/install/clearpath_platform_msgs/share/clearpath_platform_msgs/package.xml
[1.510s] -- Up-to-date: /home/tomas-jelinek/clearpath_sim_ws/install/clearpath_platform_msgs/lib/libclearpath_platform_msgs__rosidl_generator_c.so
[1.511s] -- Up-to-date: /home/tomas-jelinek/clearpath_sim_ws/install/clearpath_platform_msgs/lib/libclearpath_platform_msgs__rosidl_typesupport_fastrtps_c.so
[1.512s] -- Up-to-date: /home/tomas-jelinek/clearpath_sim_ws/install/clearpath_platform_msgs/lib/libclearpath_platform_msgs__rosidl_typesupport_fastrtps_cpp.so
[1.512s] -- Up-to-date: /home/tomas-jelinek/clearpath_sim_ws/install/clearpath_platform_msgs/lib/libclearpath_platform_msgs__rosidl_typesupport_introspection_c.so
[1.513s] -- Up-to-date: /home/tomas-jelinek/clearpath_sim_ws/install/clearpath_platform_msgs/lib/libclearpath_platform_msgs__rosidl_typesupport_c.so
[1.514s] -- Up-to-date: /home/tomas-jelinek/clearpath_sim_ws/install/clearpath_platform_msgs/lib/libclearpath_platform_msgs__rosidl_typesupport_introspection_cpp.so
[1.515s] -- Up-to-date: /home/tomas-jelinek/clearpath_sim_ws/install/clearpath_platform_msgs/lib/libclearpath_platform_msgs__rosidl_typesupport_cpp.so
[1.607s] Listing '/home/tomas-jelinek/clearpath_sim_ws/install/clearpath_platform_msgs/local/lib/python3.10/dist-packages/clearpath_platform_msgs'...
[1.607s] Listing '/home/tomas-jelinek/clearpath_sim_ws/install/clearpath_platform_msgs/local/lib/python3.10/dist-packages/clearpath_platform_msgs/msg'...
[1.607s] Listing '/home/tomas-jelinek/clearpath_sim_ws/install/clearpath_platform_msgs/local/lib/python3.10/dist-packages/clearpath_platform_msgs/srv'...
[1.615s] -- Up-to-date: /home/tomas-jelinek/clearpath_sim_ws/install/clearpath_platform_msgs/lib/libclearpath_platform_msgs__rosidl_generator_py.so
[1.616s] -- Up-to-date: /home/tomas-jelinek/clearpath_sim_ws/install/clearpath_platform_msgs/share/clearpath_platform_msgs/cmake/export_clearpath_platform_msgs__rosidl_generator_cExport.cmake
[1.616s] -- Up-to-date: /home/tomas-jelinek/clearpath_sim_ws/install/clearpath_platform_msgs/share/clearpath_platform_msgs/cmake/export_clearpath_platform_msgs__rosidl_generator_cExport-noconfig.cmake
[1.617s] -- Up-to-date: /home/tomas-jelinek/clearpath_sim_ws/install/clearpath_platform_msgs/share/clearpath_platform_msgs/cmake/export_clearpath_platform_msgs__rosidl_typesupport_fastrtps_cExport.cmake
[1.617s] -- Up-to-date: /home/tomas-jelinek/clearpath_sim_ws/install/clearpath_platform_msgs/share/clearpath_platform_msgs/cmake/export_clearpath_platform_msgs__rosidl_typesupport_fastrtps_cExport-noconfig.cmake
[1.617s] -- Up-to-date: /home/tomas-jelinek/clearpath_sim_ws/install/clearpath_platform_msgs/share/clearpath_platform_msgs/cmake/export_clearpath_platform_msgs__rosidl_generator_cppExport.cmake
[1.618s] -- Up-to-date: /home/tomas-jelinek/clearpath_sim_ws/install/clearpath_platform_msgs/share/clearpath_platform_msgs/cmake/export_clearpath_platform_msgs__rosidl_typesupport_fastrtps_cppExport.cmake
[1.618s] -- Up-to-date: /home/tomas-jelinek/clearpath_sim_ws/install/clearpath_platform_msgs/share/clearpath_platform_msgs/cmake/export_clearpath_platform_msgs__rosidl_typesupport_fastrtps_cppExport-noconfig.cmake
[1.618s] -- Up-to-date: /home/tomas-jelinek/clearpath_sim_ws/install/clearpath_platform_msgs/share/clearpath_platform_msgs/cmake/clearpath_platform_msgs__rosidl_typesupport_introspection_cExport.cmake
[1.618s] -- Up-to-date: /home/tomas-jelinek/clearpath_sim_ws/install/clearpath_platform_msgs/share/clearpath_platform_msgs/cmake/clearpath_platform_msgs__rosidl_typesupport_introspection_cExport-noconfig.cmake
[1.619s] -- Up-to-date: /home/tomas-jelinek/clearpath_sim_ws/install/clearpath_platform_msgs/share/clearpath_platform_msgs/cmake/clearpath_platform_msgs__rosidl_typesupport_cExport.cmake
[1.619s] -- Up-to-date: /home/tomas-jelinek/clearpath_sim_ws/install/clearpath_platform_msgs/share/clearpath_platform_msgs/cmake/clearpath_platform_msgs__rosidl_typesupport_cExport-noconfig.cmake
[1.619s] -- Up-to-date: /home/tomas-jelinek/clearpath_sim_ws/install/clearpath_platform_msgs/share/clearpath_platform_msgs/cmake/clearpath_platform_msgs__rosidl_typesupport_introspection_cppExport.cmake
[1.619s] -- Up-to-date: /home/tomas-jelinek/clearpath_sim_ws/install/clearpath_platform_msgs/share/clearpath_platform_msgs/cmake/clearpath_platform_msgs__rosidl_typesupport_introspection_cppExport-noconfig.cmake
[1.620s] -- Up-to-date: /home/tomas-jelinek/clearpath_sim_ws/install/clearpath_platform_msgs/share/clearpath_platform_msgs/cmake/clearpath_platform_msgs__rosidl_typesupport_cppExport.cmake
[1.620s] -- Up-to-date: /home/tomas-jelinek/clearpath_sim_ws/install/clearpath_platform_msgs/share/clearpath_platform_msgs/cmake/clearpath_platform_msgs__rosidl_typesupport_cppExport-noconfig.cmake
[1.620s] -- Up-to-date: /home/tomas-jelinek/clearpath_sim_ws/install/clearpath_platform_msgs/share/clearpath_platform_msgs/cmake/export_clearpath_platform_msgs__rosidl_generator_pyExport.cmake
[1.621s] -- Up-to-date: /home/tomas-jelinek/clearpath_sim_ws/install/clearpath_platform_msgs/share/clearpath_platform_msgs/cmake/export_clearpath_platform_msgs__rosidl_generator_pyExport-noconfig.cmake
[1.624s] Invoked command in '/home/tomas-jelinek/clearpath_sim_ws/build/clearpath_platform_msgs' returned '0': CMAKE_PREFIX_PATH=/opt/ros/humble /usr/bin/cmake --install /home/tomas-jelinek/clearpath_sim_ws/build/clearpath_platform_msgs
