[0.011s] Invoking command in '/home/tomas-jelinek/clearpath_sim_ws/build/clearpath_description': AMENT_PREFIX_PATH=/home/tomas-jelinek/clearpath_sim_ws/install/clearpath_sensors_description:/home/tomas-jelinek/clearpath_sim_ws/install/clearpath_platform_description:/home/tomas-jelinek/clearpath_sim_ws/install/clearpath_mounts_description:/home/tomas-jelinek/clearpath_sim_ws/install/clearpath_manipulators_description:${AMENT_PREFIX_PATH} CMAKE_PREFIX_PATH=/home/tomas-jelinek/clearpath_sim_ws/install/clearpath_sensors_description:/home/tomas-jelinek/clearpath_sim_ws/install/clearpath_platform_description:/home/tomas-jelinek/clearpath_sim_ws/install/clearpath_mounts_description:/home/tomas-jelinek/clearpath_sim_ws/install/clearpath_manipulators_description:/opt/ros/humble /usr/bin/cmake /home/tomas-jelinek/clearpath_sim_ws/src/clearpath_common/clearpath_description -DAMENT_CMAKE_SYMLINK_INSTALL=1 -DCMAKE_INSTALL_PREFIX=/home/tomas-jelinek/clearpath_sim_ws/install/clearpath_description
[0.074s] -- The C compiler identification is GNU 11.4.0
[0.141s] -- The CXX compiler identification is GNU 11.4.0
[0.150s] -- Detecting C compiler ABI info
[0.247s] -- Detecting C compiler ABI info - done
[0.272s] -- Check for working C compiler: /usr/bin/cc - skipped
[0.272s] -- Detecting C compile features
[0.273s] -- Detecting C compile features - done
[0.279s] -- Detecting CXX compiler ABI info
[0.455s] -- Detecting CXX compiler ABI info - done
[0.479s] -- Check for working CXX compiler: /usr/bin/c++ - skipped
[0.480s] -- Detecting CXX compile features
[0.481s] -- Detecting CXX compile features - done
[0.487s] -- Found ament_cmake: 1.3.10 (/opt/ros/humble/share/ament_cmake/cmake)
[0.748s] -- Found Python3: /usr/bin/python3 (found version "3.10.12") found components: Interpreter 
[0.831s] -- Override CMake install command with custom implementation using symlinks instead of copying resources
[0.948s] -- Configuring done
[0.951s] -- Generating done
[0.952s] -- Build files have been written to: /home/tomas-jelinek/clearpath_sim_ws/build/clearpath_description
[0.956s] Invoked command in '/home/tomas-jelinek/clearpath_sim_ws/build/clearpath_description' returned '0': AMENT_PREFIX_PATH=/home/tomas-jelinek/clearpath_sim_ws/install/clearpath_sensors_description:/home/tomas-jelinek/clearpath_sim_ws/install/clearpath_platform_description:/home/tomas-jelinek/clearpath_sim_ws/install/clearpath_mounts_description:/home/tomas-jelinek/clearpath_sim_ws/install/clearpath_manipulators_description:${AMENT_PREFIX_PATH} CMAKE_PREFIX_PATH=/home/tomas-jelinek/clearpath_sim_ws/install/clearpath_sensors_description:/home/tomas-jelinek/clearpath_sim_ws/install/clearpath_platform_description:/home/tomas-jelinek/clearpath_sim_ws/install/clearpath_mounts_description:/home/tomas-jelinek/clearpath_sim_ws/install/clearpath_manipulators_description:/opt/ros/humble /usr/bin/cmake /home/tomas-jelinek/clearpath_sim_ws/src/clearpath_common/clearpath_description -DAMENT_CMAKE_SYMLINK_INSTALL=1 -DCMAKE_INSTALL_PREFIX=/home/tomas-jelinek/clearpath_sim_ws/install/clearpath_description
[0.958s] Invoking command in '/home/tomas-jelinek/clearpath_sim_ws/build/clearpath_description': AMENT_PREFIX_PATH=/home/tomas-jelinek/clearpath_sim_ws/install/clearpath_sensors_description:/home/tomas-jelinek/clearpath_sim_ws/install/clearpath_platform_description:/home/tomas-jelinek/clearpath_sim_ws/install/clearpath_mounts_description:/home/tomas-jelinek/clearpath_sim_ws/install/clearpath_manipulators_description:${AMENT_PREFIX_PATH} CMAKE_PREFIX_PATH=/home/tomas-jelinek/clearpath_sim_ws/install/clearpath_sensors_description:/home/tomas-jelinek/clearpath_sim_ws/install/clearpath_platform_description:/home/tomas-jelinek/clearpath_sim_ws/install/clearpath_mounts_description:/home/tomas-jelinek/clearpath_sim_ws/install/clearpath_manipulators_description:/opt/ros/humble /usr/bin/cmake --build /home/tomas-jelinek/clearpath_sim_ws/build/clearpath_description -- -j8 -l8
[1.003s] Invoked command in '/home/tomas-jelinek/clearpath_sim_ws/build/clearpath_description' returned '0': AMENT_PREFIX_PATH=/home/tomas-jelinek/clearpath_sim_ws/install/clearpath_sensors_description:/home/tomas-jelinek/clearpath_sim_ws/install/clearpath_platform_description:/home/tomas-jelinek/clearpath_sim_ws/install/clearpath_mounts_description:/home/tomas-jelinek/clearpath_sim_ws/install/clearpath_manipulators_description:${AMENT_PREFIX_PATH} CMAKE_PREFIX_PATH=/home/tomas-jelinek/clearpath_sim_ws/install/clearpath_sensors_description:/home/tomas-jelinek/clearpath_sim_ws/install/clearpath_platform_description:/home/tomas-jelinek/clearpath_sim_ws/install/clearpath_mounts_description:/home/tomas-jelinek/clearpath_sim_ws/install/clearpath_manipulators_description:/opt/ros/humble /usr/bin/cmake --build /home/tomas-jelinek/clearpath_sim_ws/build/clearpath_description -- -j8 -l8
[1.027s] Invoking command in '/home/tomas-jelinek/clearpath_sim_ws/build/clearpath_description': AMENT_PREFIX_PATH=/home/tomas-jelinek/clearpath_sim_ws/install/clearpath_sensors_description:/home/tomas-jelinek/clearpath_sim_ws/install/clearpath_platform_description:/home/tomas-jelinek/clearpath_sim_ws/install/clearpath_mounts_description:/home/tomas-jelinek/clearpath_sim_ws/install/clearpath_manipulators_description:${AMENT_PREFIX_PATH} CMAKE_PREFIX_PATH=/home/tomas-jelinek/clearpath_sim_ws/install/clearpath_sensors_description:/home/tomas-jelinek/clearpath_sim_ws/install/clearpath_platform_description:/home/tomas-jelinek/clearpath_sim_ws/install/clearpath_mounts_description:/home/tomas-jelinek/clearpath_sim_ws/install/clearpath_manipulators_description:/opt/ros/humble /usr/bin/cmake --install /home/tomas-jelinek/clearpath_sim_ws/build/clearpath_description
[1.035s] -- Install configuration: ""
[1.035s] -- Execute custom install script
[1.036s] -- Symlinking: /home/tomas-jelinek/clearpath_sim_ws/install/clearpath_description/share/ament_index/resource_index/package_run_dependencies/clearpath_description
[1.046s] -- Symlinking: /home/tomas-jelinek/clearpath_sim_ws/install/clearpath_description/share/ament_index/resource_index/parent_prefix_path/clearpath_description
[1.055s] -- Symlinking: /home/tomas-jelinek/clearpath_sim_ws/install/clearpath_description/share/clearpath_description/environment/ament_prefix_path.sh
[1.065s] -- Symlinking: /home/tomas-jelinek/clearpath_sim_ws/install/clearpath_description/share/clearpath_description/environment/ament_prefix_path.dsv
[1.076s] -- Symlinking: /home/tomas-jelinek/clearpath_sim_ws/install/clearpath_description/share/clearpath_description/environment/path.sh
[1.086s] -- Symlinking: /home/tomas-jelinek/clearpath_sim_ws/install/clearpath_description/share/clearpath_description/environment/path.dsv
[1.097s] -- Symlinking: /home/tomas-jelinek/clearpath_sim_ws/install/clearpath_description/share/clearpath_description/local_setup.bash
[1.106s] -- Symlinking: /home/tomas-jelinek/clearpath_sim_ws/install/clearpath_description/share/clearpath_description/local_setup.sh
[1.116s] -- Symlinking: /home/tomas-jelinek/clearpath_sim_ws/install/clearpath_description/share/clearpath_description/local_setup.zsh
[1.125s] -- Symlinking: /home/tomas-jelinek/clearpath_sim_ws/install/clearpath_description/share/clearpath_description/local_setup.dsv
[1.135s] -- Symlinking: /home/tomas-jelinek/clearpath_sim_ws/install/clearpath_description/share/clearpath_description/package.dsv
[1.144s] -- Symlinking: /home/tomas-jelinek/clearpath_sim_ws/install/clearpath_description/share/ament_index/resource_index/packages/clearpath_description
[1.153s] -- Symlinking: /home/tomas-jelinek/clearpath_sim_ws/install/clearpath_description/share/clearpath_description/cmake/clearpath_descriptionConfig.cmake
[1.163s] -- Symlinking: /home/tomas-jelinek/clearpath_sim_ws/install/clearpath_description/share/clearpath_description/cmake/clearpath_descriptionConfig-version.cmake
[1.173s] -- Symlinking: /home/tomas-jelinek/clearpath_sim_ws/install/clearpath_description/share/clearpath_description/package.xml
[1.184s] Invoked command in '/home/tomas-jelinek/clearpath_sim_ws/build/clearpath_description' returned '0': AMENT_PREFIX_PATH=/home/tomas-jelinek/clearpath_sim_ws/install/clearpath_sensors_description:/home/tomas-jelinek/clearpath_sim_ws/install/clearpath_platform_description:/home/tomas-jelinek/clearpath_sim_ws/install/clearpath_mounts_description:/home/tomas-jelinek/clearpath_sim_ws/install/clearpath_manipulators_description:${AMENT_PREFIX_PATH} CMAKE_PREFIX_PATH=/home/tomas-jelinek/clearpath_sim_ws/install/clearpath_sensors_description:/home/tomas-jelinek/clearpath_sim_ws/install/clearpath_platform_description:/home/tomas-jelinek/clearpath_sim_ws/install/clearpath_mounts_description:/home/tomas-jelinek/clearpath_sim_ws/install/clearpath_manipulators_description:/opt/ros/humble /usr/bin/cmake --install /home/tomas-jelinek/clearpath_sim_ws/build/clearpath_description
