[0.287s] Invoking command in '/home/tomas-jelinek/clearpath_sim_ws/build/clearpath_customization': CMAKE_PREFIX_PATH=/opt/ros/humble /usr/bin/cmake /home/tomas-jelinek/clearpath_sim_ws/src/clearpath_common/clearpath_customization -DAMENT_CMAKE_SYMLINK_INSTALL=1 -DCMAKE_INSTALL_PREFIX=/home/tomas-jelinek/clearpath_sim_ws/install/clearpath_customization
[0.718s] -- The C compiler identification is GNU 11.4.0
[0.719s] -- The CXX compiler identification is GNU 11.4.0
[0.719s] -- Detecting C compiler ABI info
[0.719s] -- Detecting C compiler ABI info - done
[0.719s] -- Check for working C compiler: /usr/bin/cc - skipped
[0.719s] -- Detecting C compile features
[0.719s] -- Detecting C compile features - done
[0.719s] -- Detecting CXX compiler ABI info
[0.719s] -- Detecting CXX compiler ABI info - done
[0.719s] -- Check for working CXX compiler: /usr/bin/c++ - skipped
[0.720s] -- Detecting CXX compile features
[0.720s] -- Detecting CXX compile features - done
[0.720s] -- Found ament_cmake: 1.3.10 (/opt/ros/humble/share/ament_cmake/cmake)
[0.795s] -- Found Python3: /usr/bin/python3 (found version "3.10.12") found components: Interpreter 
[0.860s] -- Override CMake install command with custom implementation using symlinks instead of copying resources
[0.892s] -- Found ament_lint_auto: 0.12.11 (/opt/ros/humble/share/ament_lint_auto/cmake)
[1.036s] -- Added test 'flake8' to check Python code syntax and style conventions
[1.038s] -- Added test 'lint_cmake' to check CMake code style
[1.038s] -- Added test 'pep257' to check Python code against some of the docstring style conventions in PEP 257
[1.040s] -- Added test 'xmllint' to check XML markup files
[1.044s] -- Configuring done
[1.045s] -- Generating done
[1.046s] -- Build files have been written to: /home/tomas-jelinek/clearpath_sim_ws/build/clearpath_customization
[1.062s] Invoked command in '/home/tomas-jelinek/clearpath_sim_ws/build/clearpath_customization' returned '0': CMAKE_PREFIX_PATH=/opt/ros/humble /usr/bin/cmake /home/tomas-jelinek/clearpath_sim_ws/src/clearpath_common/clearpath_customization -DAMENT_CMAKE_SYMLINK_INSTALL=1 -DCMAKE_INSTALL_PREFIX=/home/tomas-jelinek/clearpath_sim_ws/install/clearpath_customization
[1.065s] Invoking command in '/home/tomas-jelinek/clearpath_sim_ws/build/clearpath_customization': CMAKE_PREFIX_PATH=/opt/ros/humble /usr/bin/cmake --build /home/tomas-jelinek/clearpath_sim_ws/build/clearpath_customization -- -j8 -l8
[1.192s] Invoked command in '/home/tomas-jelinek/clearpath_sim_ws/build/clearpath_customization' returned '0': CMAKE_PREFIX_PATH=/opt/ros/humble /usr/bin/cmake --build /home/tomas-jelinek/clearpath_sim_ws/build/clearpath_customization -- -j8 -l8
[1.224s] Invoking command in '/home/tomas-jelinek/clearpath_sim_ws/build/clearpath_customization': CMAKE_PREFIX_PATH=/opt/ros/humble /usr/bin/cmake --install /home/tomas-jelinek/clearpath_sim_ws/build/clearpath_customization
[1.226s] -- Install configuration: ""
[1.226s] -- Execute custom install script
[1.226s] -- Symlinking: /home/tomas-jelinek/clearpath_sim_ws/install/clearpath_customization/lib/clearpath_customization/generate_bringup
[1.234s] -- Symlinking: /home/tomas-jelinek/clearpath_sim_ws/install/clearpath_customization/lib/clearpath_customization/generate_description
[1.242s] -- Symlinking: /home/tomas-jelinek/clearpath_sim_ws/install/clearpath_customization/share/clearpath_customization/project_bringup/CMakeLists.txt
[1.248s] -- Symlinking: /home/tomas-jelinek/clearpath_sim_ws/install/clearpath_customization/share/clearpath_customization/project_bringup/LICENSE
[1.255s] -- Symlinking: /home/tomas-jelinek/clearpath_sim_ws/install/clearpath_customization/share/clearpath_customization/project_bringup/config/device.yaml
[1.262s] -- Symlinking: /home/tomas-jelinek/clearpath_sim_ws/install/clearpath_customization/share/clearpath_customization/project_bringup/launch/device.launch.py
[1.269s] -- Symlinking: /home/tomas-jelinek/clearpath_sim_ws/install/clearpath_customization/share/clearpath_customization/project_bringup/launch/project_bringup.launch.py
[1.277s] -- Symlinking: /home/tomas-jelinek/clearpath_sim_ws/install/clearpath_customization/share/clearpath_customization/project_bringup/package.xml
[1.285s] -- Symlinking: /home/tomas-jelinek/clearpath_sim_ws/install/clearpath_customization/share/clearpath_customization/project_description/CMakeLists.txt
[1.291s] -- Symlinking: /home/tomas-jelinek/clearpath_sim_ws/install/clearpath_customization/share/clearpath_customization/project_description/LICENSE
[1.298s] -- Symlinking: /home/tomas-jelinek/clearpath_sim_ws/install/clearpath_customization/share/clearpath_customization/project_description/meshes/donut.stl
[1.306s] -- Symlinking: /home/tomas-jelinek/clearpath_sim_ws/install/clearpath_customization/share/clearpath_customization/project_description/package.xml
[1.312s] -- Symlinking: /home/tomas-jelinek/clearpath_sim_ws/install/clearpath_customization/share/clearpath_customization/project_description/urdf/donut.urdf.xacro
[1.318s] -- Symlinking: /home/tomas-jelinek/clearpath_sim_ws/install/clearpath_customization/share/clearpath_customization/project_description/urdf/project_description.urdf.xacro
[1.326s] -- Symlinking: /home/tomas-jelinek/clearpath_sim_ws/install/clearpath_customization/share/ament_index/resource_index/package_run_dependencies/clearpath_customization
[1.334s] -- Symlinking: /home/tomas-jelinek/clearpath_sim_ws/install/clearpath_customization/share/ament_index/resource_index/parent_prefix_path/clearpath_customization
[1.340s] -- Symlinking: /home/tomas-jelinek/clearpath_sim_ws/install/clearpath_customization/share/clearpath_customization/environment/ament_prefix_path.sh
[1.347s] -- Symlinking: /home/tomas-jelinek/clearpath_sim_ws/install/clearpath_customization/share/clearpath_customization/environment/ament_prefix_path.dsv
[1.353s] -- Symlinking: /home/tomas-jelinek/clearpath_sim_ws/install/clearpath_customization/share/clearpath_customization/environment/path.sh
[1.360s] -- Symlinking: /home/tomas-jelinek/clearpath_sim_ws/install/clearpath_customization/share/clearpath_customization/environment/path.dsv
[1.368s] -- Symlinking: /home/tomas-jelinek/clearpath_sim_ws/install/clearpath_customization/share/clearpath_customization/local_setup.bash
[1.374s] -- Symlinking: /home/tomas-jelinek/clearpath_sim_ws/install/clearpath_customization/share/clearpath_customization/local_setup.sh
[1.383s] -- Symlinking: /home/tomas-jelinek/clearpath_sim_ws/install/clearpath_customization/share/clearpath_customization/local_setup.zsh
[1.390s] -- Symlinking: /home/tomas-jelinek/clearpath_sim_ws/install/clearpath_customization/share/clearpath_customization/local_setup.dsv
[1.396s] -- Symlinking: /home/tomas-jelinek/clearpath_sim_ws/install/clearpath_customization/share/clearpath_customization/package.dsv
[1.406s] -- Symlinking: /home/tomas-jelinek/clearpath_sim_ws/install/clearpath_customization/share/ament_index/resource_index/packages/clearpath_customization
[1.414s] -- Symlinking: /home/tomas-jelinek/clearpath_sim_ws/install/clearpath_customization/share/clearpath_customization/cmake/clearpath_customizationConfig.cmake
[1.423s] -- Symlinking: /home/tomas-jelinek/clearpath_sim_ws/install/clearpath_customization/share/clearpath_customization/cmake/clearpath_customizationConfig-version.cmake
[1.430s] -- Symlinking: /home/tomas-jelinek/clearpath_sim_ws/install/clearpath_customization/share/clearpath_customization/package.xml
[1.441s] Invoked command in '/home/tomas-jelinek/clearpath_sim_ws/build/clearpath_customization' returned '0': CMAKE_PREFIX_PATH=/opt/ros/humble /usr/bin/cmake --install /home/tomas-jelinek/clearpath_sim_ws/build/clearpath_customization
