[0.024s] Invoking command in '/home/tomas-jelinek/clearpath_sim_ws/build/clearpath_msgs': AMENT_PREFIX_PATH=/home/tomas-jelinek/clearpath_sim_ws/install/clearpath_platform_msgs:${AMENT_PREFIX_PATH} CMAKE_PREFIX_PATH=/home/tomas-jelinek/clearpath_sim_ws/install/clearpath_platform_msgs:/opt/ros/humble LD_LIBRARY_PATH=/home/tomas-jelinek/clearpath_sim_ws/install/clearpath_platform_msgs/lib:${LD_LIBRARY_PATH} PYTHONPATH=/home/tomas-jelinek/clearpath_sim_ws/install/clearpath_platform_msgs/local/lib/python3.10/dist-packages:${PYTHONPATH} /usr/bin/cmake /home/tomas-jelinek/clearpath_sim_ws/src/clearpath_msgs/clearpath_msgs -DCMAKE_INSTALL_PREFIX=/home/tomas-jelinek/clearpath_sim_ws/install/clearpath_msgs
[0.035s] -- Found ament_cmake: 1.3.10 (/opt/ros/humble/share/ament_cmake/cmake)
[0.157s] -- Override CMake install command with custom implementation using symlinks instead of copying resources
[0.210s] -- Configuring done
[0.213s] -- Generating done
[0.214s] -- Build files have been written to: /home/tomas-jelinek/clearpath_sim_ws/build/clearpath_msgs
[0.217s] Invoked command in '/home/tomas-jelinek/clearpath_sim_ws/build/clearpath_msgs' returned '0': AMENT_PREFIX_PATH=/home/tomas-jelinek/clearpath_sim_ws/install/clearpath_platform_msgs:${AMENT_PREFIX_PATH} CMAKE_PREFIX_PATH=/home/tomas-jelinek/clearpath_sim_ws/install/clearpath_platform_msgs:/opt/ros/humble LD_LIBRARY_PATH=/home/tomas-jelinek/clearpath_sim_ws/install/clearpath_platform_msgs/lib:${LD_LIBRARY_PATH} PYTHONPATH=/home/tomas-jelinek/clearpath_sim_ws/install/clearpath_platform_msgs/local/lib/python3.10/dist-packages:${PYTHONPATH} /usr/bin/cmake /home/tomas-jelinek/clearpath_sim_ws/src/clearpath_msgs/clearpath_msgs -DCMAKE_INSTALL_PREFIX=/home/tomas-jelinek/clearpath_sim_ws/install/clearpath_msgs
[0.218s] Invoking command in '/home/tomas-jelinek/clearpath_sim_ws/build/clearpath_msgs': AMENT_PREFIX_PATH=/home/tomas-jelinek/clearpath_sim_ws/install/clearpath_platform_msgs:${AMENT_PREFIX_PATH} CMAKE_PREFIX_PATH=/home/tomas-jelinek/clearpath_sim_ws/install/clearpath_platform_msgs:/opt/ros/humble LD_LIBRARY_PATH=/home/tomas-jelinek/clearpath_sim_ws/install/clearpath_platform_msgs/lib:${LD_LIBRARY_PATH} PYTHONPATH=/home/tomas-jelinek/clearpath_sim_ws/install/clearpath_platform_msgs/local/lib/python3.10/dist-packages:${PYTHONPATH} /usr/bin/cmake --build /home/tomas-jelinek/clearpath_sim_ws/build/clearpath_msgs -- -j8 -l8
[0.240s] Invoked command in '/home/tomas-jelinek/clearpath_sim_ws/build/clearpath_msgs' returned '0': AMENT_PREFIX_PATH=/home/tomas-jelinek/clearpath_sim_ws/install/clearpath_platform_msgs:${AMENT_PREFIX_PATH} CMAKE_PREFIX_PATH=/home/tomas-jelinek/clearpath_sim_ws/install/clearpath_platform_msgs:/opt/ros/humble LD_LIBRARY_PATH=/home/tomas-jelinek/clearpath_sim_ws/install/clearpath_platform_msgs/lib:${LD_LIBRARY_PATH} PYTHONPATH=/home/tomas-jelinek/clearpath_sim_ws/install/clearpath_platform_msgs/local/lib/python3.10/dist-packages:${PYTHONPATH} /usr/bin/cmake --build /home/tomas-jelinek/clearpath_sim_ws/build/clearpath_msgs -- -j8 -l8
[0.253s] Invoking command in '/home/tomas-jelinek/clearpath_sim_ws/build/clearpath_msgs': AMENT_PREFIX_PATH=/home/tomas-jelinek/clearpath_sim_ws/install/clearpath_platform_msgs:${AMENT_PREFIX_PATH} CMAKE_PREFIX_PATH=/home/tomas-jelinek/clearpath_sim_ws/install/clearpath_platform_msgs:/opt/ros/humble LD_LIBRARY_PATH=/home/tomas-jelinek/clearpath_sim_ws/install/clearpath_platform_msgs/lib:${LD_LIBRARY_PATH} PYTHONPATH=/home/tomas-jelinek/clearpath_sim_ws/install/clearpath_platform_msgs/local/lib/python3.10/dist-packages:${PYTHONPATH} /usr/bin/cmake --install /home/tomas-jelinek/clearpath_sim_ws/build/clearpath_msgs
[0.257s] -- Install configuration: ""
[0.258s] -- Execute custom install script
[0.258s] -- Up-to-date symlink: /home/tomas-jelinek/clearpath_sim_ws/install/clearpath_msgs/share/ament_index/resource_index/package_run_dependencies/clearpath_msgs
[0.258s] -- Up-to-date symlink: /home/tomas-jelinek/clearpath_sim_ws/install/clearpath_msgs/share/ament_index/resource_index/parent_prefix_path/clearpath_msgs
[0.258s] -- Up-to-date symlink: /home/tomas-jelinek/clearpath_sim_ws/install/clearpath_msgs/share/clearpath_msgs/environment/ament_prefix_path.sh
[0.258s] -- Up-to-date symlink: /home/tomas-jelinek/clearpath_sim_ws/install/clearpath_msgs/share/clearpath_msgs/environment/ament_prefix_path.dsv
[0.258s] -- Up-to-date symlink: /home/tomas-jelinek/clearpath_sim_ws/install/clearpath_msgs/share/clearpath_msgs/environment/path.sh
[0.258s] -- Up-to-date symlink: /home/tomas-jelinek/clearpath_sim_ws/install/clearpath_msgs/share/clearpath_msgs/environment/path.dsv
[0.258s] -- Up-to-date symlink: /home/tomas-jelinek/clearpath_sim_ws/install/clearpath_msgs/share/clearpath_msgs/local_setup.bash
[0.258s] -- Up-to-date symlink: /home/tomas-jelinek/clearpath_sim_ws/install/clearpath_msgs/share/clearpath_msgs/local_setup.sh
[0.258s] -- Up-to-date symlink: /home/tomas-jelinek/clearpath_sim_ws/install/clearpath_msgs/share/clearpath_msgs/local_setup.zsh
[0.259s] -- Up-to-date symlink: /home/tomas-jelinek/clearpath_sim_ws/install/clearpath_msgs/share/clearpath_msgs/local_setup.dsv
[0.259s] -- Symlinking: /home/tomas-jelinek/clearpath_sim_ws/install/clearpath_msgs/share/clearpath_msgs/package.dsv
[0.264s] -- Up-to-date symlink: /home/tomas-jelinek/clearpath_sim_ws/install/clearpath_msgs/share/ament_index/resource_index/packages/clearpath_msgs
[0.265s] -- Up-to-date symlink: /home/tomas-jelinek/clearpath_sim_ws/install/clearpath_msgs/share/clearpath_msgs/cmake/clearpath_msgsConfig.cmake
[0.265s] -- Up-to-date symlink: /home/tomas-jelinek/clearpath_sim_ws/install/clearpath_msgs/share/clearpath_msgs/cmake/clearpath_msgsConfig-version.cmake
[0.265s] -- Up-to-date symlink: /home/tomas-jelinek/clearpath_sim_ws/install/clearpath_msgs/share/clearpath_msgs/package.xml
[0.267s] Invoked command in '/home/tomas-jelinek/clearpath_sim_ws/build/clearpath_msgs' returned '0': AMENT_PREFIX_PATH=/home/tomas-jelinek/clearpath_sim_ws/install/clearpath_platform_msgs:${AMENT_PREFIX_PATH} CMAKE_PREFIX_PATH=/home/tomas-jelinek/clearpath_sim_ws/install/clearpath_platform_msgs:/opt/ros/humble LD_LIBRARY_PATH=/home/tomas-jelinek/clearpath_sim_ws/install/clearpath_platform_msgs/lib:${LD_LIBRARY_PATH} PYTHONPATH=/home/tomas-jelinek/clearpath_sim_ws/install/clearpath_platform_msgs/local/lib/python3.10/dist-packages:${PYTHONPATH} /usr/bin/cmake --install /home/tomas-jelinek/clearpath_sim_ws/build/clearpath_msgs
