[0.019s] Invoking command in '/home/tomas-jelinek/clearpath_sim_ws/build/clearpath_control': CMAKE_PREFIX_PATH=/opt/ros/humble /usr/bin/cmake /home/tomas-jelinek/clearpath_sim_ws/src/clearpath_common/clearpath_control -DAMENT_CMAKE_SYMLINK_INSTALL=1 -DCMAKE_INSTALL_PREFIX=/home/tomas-jelinek/clearpath_sim_ws/install/clearpath_control
[0.291s] -- The C compiler identification is GNU 11.4.0
[0.291s] -- The CXX compiler identification is GNU 11.4.0
[0.291s] -- Detecting C compiler ABI info
[0.292s] -- Detecting C compiler ABI info - done
[0.292s] -- Check for working C compiler: /usr/bin/cc - skipped
[0.292s] -- Detecting C compile features
[0.292s] -- Detecting C compile features - done
[0.292s] -- Detecting CXX compiler ABI info
[0.363s] -- Detecting CXX compiler ABI info - done
[0.372s] -- Check for working CXX compiler: /usr/bin/c++ - skipped
[0.373s] -- Detecting CXX compile features
[0.373s] -- Detecting CXX compile features - done
[0.385s] -- Found ament_cmake: 1.3.10 (/opt/ros/humble/share/ament_cmake/cmake)
[0.559s] -- Found Python3: /usr/bin/python3 (found version "3.10.12") found components: Interpreter 
[0.630s] -- Override CMake install command with custom implementation using symlinks instead of copying resources
[0.729s] -- Configuring done
[0.731s] -- Generating done
[0.736s] -- Build files have been written to: /home/tomas-jelinek/clearpath_sim_ws/build/clearpath_control
[0.742s] Invoked command in '/home/tomas-jelinek/clearpath_sim_ws/build/clearpath_control' returned '0': CMAKE_PREFIX_PATH=/opt/ros/humble /usr/bin/cmake /home/tomas-jelinek/clearpath_sim_ws/src/clearpath_common/clearpath_control -DAMENT_CMAKE_SYMLINK_INSTALL=1 -DCMAKE_INSTALL_PREFIX=/home/tomas-jelinek/clearpath_sim_ws/install/clearpath_control
[0.745s] Invoking command in '/home/tomas-jelinek/clearpath_sim_ws/build/clearpath_control': CMAKE_PREFIX_PATH=/opt/ros/humble /usr/bin/cmake --build /home/tomas-jelinek/clearpath_sim_ws/build/clearpath_control -- -j8 -l8
[0.779s] Invoked command in '/home/tomas-jelinek/clearpath_sim_ws/build/clearpath_control' returned '0': CMAKE_PREFIX_PATH=/opt/ros/humble /usr/bin/cmake --build /home/tomas-jelinek/clearpath_sim_ws/build/clearpath_control -- -j8 -l8
[0.803s] Invoking command in '/home/tomas-jelinek/clearpath_sim_ws/build/clearpath_control': CMAKE_PREFIX_PATH=/opt/ros/humble /usr/bin/cmake --install /home/tomas-jelinek/clearpath_sim_ws/build/clearpath_control
[0.806s] -- Install configuration: ""
[0.806s] -- Execute custom install script
[0.807s] -- Symlinking: /home/tomas-jelinek/clearpath_sim_ws/install/clearpath_control/share/clearpath_control/config/a200/control.yaml
[0.816s] -- Symlinking: /home/tomas-jelinek/clearpath_sim_ws/install/clearpath_control/share/clearpath_control/config/a200/localization.yaml
[0.825s] -- Symlinking: /home/tomas-jelinek/clearpath_sim_ws/install/clearpath_control/share/clearpath_control/config/a200/teleop_interactive_markers.yaml
[0.834s] -- Symlinking: /home/tomas-jelinek/clearpath_sim_ws/install/clearpath_control/share/clearpath_control/config/a200/teleop_logitech.yaml
[0.841s] -- Symlinking: /home/tomas-jelinek/clearpath_sim_ws/install/clearpath_control/share/clearpath_control/config/a200/teleop_ps4.yaml
[0.854s] -- Symlinking: /home/tomas-jelinek/clearpath_sim_ws/install/clearpath_control/share/clearpath_control/config/dd100/control.yaml
[0.866s] -- Symlinking: /home/tomas-jelinek/clearpath_sim_ws/install/clearpath_control/share/clearpath_control/config/dd100/localization.yaml
[0.875s] -- Symlinking: /home/tomas-jelinek/clearpath_sim_ws/install/clearpath_control/share/clearpath_control/config/dd100/teleop_interactive_markers.yaml
[0.882s] -- Symlinking: /home/tomas-jelinek/clearpath_sim_ws/install/clearpath_control/share/clearpath_control/config/dd100/teleop_logitech.yaml
[0.893s] -- Symlinking: /home/tomas-jelinek/clearpath_sim_ws/install/clearpath_control/share/clearpath_control/config/dd100/teleop_ps4.yaml
[0.903s] -- Symlinking: /home/tomas-jelinek/clearpath_sim_ws/install/clearpath_control/share/clearpath_control/config/dd150/control.yaml
[0.912s] -- Symlinking: /home/tomas-jelinek/clearpath_sim_ws/install/clearpath_control/share/clearpath_control/config/dd150/localization.yaml
[0.922s] -- Symlinking: /home/tomas-jelinek/clearpath_sim_ws/install/clearpath_control/share/clearpath_control/config/dd150/teleop_interactive_markers.yaml
[0.946s] -- Symlinking: /home/tomas-jelinek/clearpath_sim_ws/install/clearpath_control/share/clearpath_control/config/dd150/teleop_logitech.yaml
[0.966s] -- Symlinking: /home/tomas-jelinek/clearpath_sim_ws/install/clearpath_control/share/clearpath_control/config/dd150/teleop_ps4.yaml
[0.983s] -- Symlinking: /home/tomas-jelinek/clearpath_sim_ws/install/clearpath_control/share/clearpath_control/config/do100/control.yaml
[0.994s] -- Symlinking: /home/tomas-jelinek/clearpath_sim_ws/install/clearpath_control/share/clearpath_control/config/do100/localization.yaml
[1.005s] -- Symlinking: /home/tomas-jelinek/clearpath_sim_ws/install/clearpath_control/share/clearpath_control/config/do100/teleop_interactive_markers.yaml
[1.015s] -- Symlinking: /home/tomas-jelinek/clearpath_sim_ws/install/clearpath_control/share/clearpath_control/config/do100/teleop_logitech.yaml
[1.030s] -- Symlinking: /home/tomas-jelinek/clearpath_sim_ws/install/clearpath_control/share/clearpath_control/config/do100/teleop_ps4.yaml
[1.044s] -- Symlinking: /home/tomas-jelinek/clearpath_sim_ws/install/clearpath_control/share/clearpath_control/config/do150/control.yaml
[1.053s] -- Symlinking: /home/tomas-jelinek/clearpath_sim_ws/install/clearpath_control/share/clearpath_control/config/do150/localization.yaml
[1.057s] -- Symlinking: /home/tomas-jelinek/clearpath_sim_ws/install/clearpath_control/share/clearpath_control/config/do150/teleop_interactive_markers.yaml
[1.067s] -- Symlinking: /home/tomas-jelinek/clearpath_sim_ws/install/clearpath_control/share/clearpath_control/config/do150/teleop_logitech.yaml
[1.073s] -- Symlinking: /home/tomas-jelinek/clearpath_sim_ws/install/clearpath_control/share/clearpath_control/config/do150/teleop_ps4.yaml
[1.083s] -- Symlinking: /home/tomas-jelinek/clearpath_sim_ws/install/clearpath_control/share/clearpath_control/config/generic/localization.yaml
[1.090s] -- Symlinking: /home/tomas-jelinek/clearpath_sim_ws/install/clearpath_control/share/clearpath_control/config/generic/teleop_interactive_markers.yaml
[1.098s] -- Symlinking: /home/tomas-jelinek/clearpath_sim_ws/install/clearpath_control/share/clearpath_control/config/generic/teleop_logitech.yaml
[1.107s] -- Symlinking: /home/tomas-jelinek/clearpath_sim_ws/install/clearpath_control/share/clearpath_control/config/generic/teleop_ps4.yaml
[1.115s] -- Symlinking: /home/tomas-jelinek/clearpath_sim_ws/install/clearpath_control/share/clearpath_control/config/j100/control.yaml
[1.122s] -- Symlinking: /home/tomas-jelinek/clearpath_sim_ws/install/clearpath_control/share/clearpath_control/config/j100/localization.yaml
[1.130s] -- Symlinking: /home/tomas-jelinek/clearpath_sim_ws/install/clearpath_control/share/clearpath_control/config/j100/teleop_interactive_markers.yaml
[1.138s] -- Symlinking: /home/tomas-jelinek/clearpath_sim_ws/install/clearpath_control/share/clearpath_control/config/j100/teleop_logitech.yaml
[1.148s] -- Symlinking: /home/tomas-jelinek/clearpath_sim_ws/install/clearpath_control/share/clearpath_control/config/j100/teleop_ps4.yaml
[1.155s] -- Symlinking: /home/tomas-jelinek/clearpath_sim_ws/install/clearpath_control/share/clearpath_control/config/r100/control.yaml
[1.163s] -- Symlinking: /home/tomas-jelinek/clearpath_sim_ws/install/clearpath_control/share/clearpath_control/config/r100/localization.yaml
[1.171s] -- Symlinking: /home/tomas-jelinek/clearpath_sim_ws/install/clearpath_control/share/clearpath_control/config/r100/teleop_interactive_markers.yaml
[1.182s] -- Symlinking: /home/tomas-jelinek/clearpath_sim_ws/install/clearpath_control/share/clearpath_control/config/r100/teleop_logitech.yaml
[1.187s] -- Symlinking: /home/tomas-jelinek/clearpath_sim_ws/install/clearpath_control/share/clearpath_control/config/r100/teleop_ps4.yaml
[1.195s] -- Symlinking: /home/tomas-jelinek/clearpath_sim_ws/install/clearpath_control/share/clearpath_control/config/twist_mux.yaml
[1.204s] -- Symlinking: /home/tomas-jelinek/clearpath_sim_ws/install/clearpath_control/share/clearpath_control/config/w200/control.yaml
[1.216s] -- Symlinking: /home/tomas-jelinek/clearpath_sim_ws/install/clearpath_control/share/clearpath_control/config/w200/localization.yaml
[1.227s] -- Symlinking: /home/tomas-jelinek/clearpath_sim_ws/install/clearpath_control/share/clearpath_control/config/w200/teleop_interactive_markers.yaml
[1.235s] -- Symlinking: /home/tomas-jelinek/clearpath_sim_ws/install/clearpath_control/share/clearpath_control/config/w200/teleop_logitech.yaml
[1.242s] -- Symlinking: /home/tomas-jelinek/clearpath_sim_ws/install/clearpath_control/share/clearpath_control/config/w200/teleop_ps4.yaml
[1.250s] -- Symlinking: /home/tomas-jelinek/clearpath_sim_ws/install/clearpath_control/share/clearpath_control/launch/control.launch.py
[1.256s] -- Symlinking: /home/tomas-jelinek/clearpath_sim_ws/install/clearpath_control/share/clearpath_control/launch/localization.launch.py
[1.262s] -- Symlinking: /home/tomas-jelinek/clearpath_sim_ws/install/clearpath_control/share/clearpath_control/launch/teleop_base.launch.py
[1.270s] -- Symlinking: /home/tomas-jelinek/clearpath_sim_ws/install/clearpath_control/share/clearpath_control/launch/teleop_joy.launch.py
[1.281s] -- Symlinking: /home/tomas-jelinek/clearpath_sim_ws/install/clearpath_control/share/ament_index/resource_index/package_run_dependencies/clearpath_control
[1.285s] -- Symlinking: /home/tomas-jelinek/clearpath_sim_ws/install/clearpath_control/share/ament_index/resource_index/parent_prefix_path/clearpath_control
[1.292s] -- Symlinking: /home/tomas-jelinek/clearpath_sim_ws/install/clearpath_control/share/clearpath_control/environment/ament_prefix_path.sh
[1.299s] -- Symlinking: /home/tomas-jelinek/clearpath_sim_ws/install/clearpath_control/share/clearpath_control/environment/ament_prefix_path.dsv
[1.306s] -- Symlinking: /home/tomas-jelinek/clearpath_sim_ws/install/clearpath_control/share/clearpath_control/environment/path.sh
[1.314s] -- Symlinking: /home/tomas-jelinek/clearpath_sim_ws/install/clearpath_control/share/clearpath_control/environment/path.dsv
[1.321s] -- Symlinking: /home/tomas-jelinek/clearpath_sim_ws/install/clearpath_control/share/clearpath_control/local_setup.bash
[1.328s] -- Symlinking: /home/tomas-jelinek/clearpath_sim_ws/install/clearpath_control/share/clearpath_control/local_setup.sh
[1.334s] -- Symlinking: /home/tomas-jelinek/clearpath_sim_ws/install/clearpath_control/share/clearpath_control/local_setup.zsh
[1.340s] -- Symlinking: /home/tomas-jelinek/clearpath_sim_ws/install/clearpath_control/share/clearpath_control/local_setup.dsv
[1.348s] -- Symlinking: /home/tomas-jelinek/clearpath_sim_ws/install/clearpath_control/share/clearpath_control/package.dsv
[1.354s] -- Symlinking: /home/tomas-jelinek/clearpath_sim_ws/install/clearpath_control/share/ament_index/resource_index/packages/clearpath_control
[1.361s] -- Symlinking: /home/tomas-jelinek/clearpath_sim_ws/install/clearpath_control/share/clearpath_control/cmake/clearpath_controlConfig.cmake
[1.368s] -- Symlinking: /home/tomas-jelinek/clearpath_sim_ws/install/clearpath_control/share/clearpath_control/cmake/clearpath_controlConfig-version.cmake
[1.376s] -- Symlinking: /home/tomas-jelinek/clearpath_sim_ws/install/clearpath_control/share/clearpath_control/package.xml
[1.393s] Invoked command in '/home/tomas-jelinek/clearpath_sim_ws/build/clearpath_control' returned '0': CMAKE_PREFIX_PATH=/opt/ros/humble /usr/bin/cmake --install /home/tomas-jelinek/clearpath_sim_ws/build/clearpath_control
