[0.038s] Invoking command in '/home/tomas-jelinek/clearpath_sim_ws/build/clearpath_description': AMENT_PREFIX_PATH=/home/tomas-jelinek/clearpath_sim_ws/install/clearpath_sensors_description:/home/tomas-jelinek/clearpath_sim_ws/install/clearpath_platform_description:/home/tomas-jelinek/clearpath_sim_ws/install/clearpath_mounts_description:/home/tomas-jelinek/clearpath_sim_ws/install/clearpath_manipulators_description:${AMENT_PREFIX_PATH} CMAKE_PREFIX_PATH=/home/tomas-jelinek/clearpath_sim_ws/install/clearpath_sensors_description:/home/tomas-jelinek/clearpath_sim_ws/install/clearpath_platform_description:/home/tomas-jelinek/clearpath_sim_ws/install/clearpath_mounts_description:/home/tomas-jelinek/clearpath_sim_ws/install/clearpath_manipulators_description:/opt/ros/humble /usr/bin/cmake --build /home/tomas-jelinek/clearpath_sim_ws/build/clearpath_description -- -j8 -l8
[0.113s] Invoked command in '/home/tomas-jelinek/clearpath_sim_ws/build/clearpath_description' returned '0': AMENT_PREFIX_PATH=/home/tomas-jelinek/clearpath_sim_ws/install/clearpath_sensors_description:/home/tomas-jelinek/clearpath_sim_ws/install/clearpath_platform_description:/home/tomas-jelinek/clearpath_sim_ws/install/clearpath_mounts_description:/home/tomas-jelinek/clearpath_sim_ws/install/clearpath_manipulators_description:${AMENT_PREFIX_PATH} CMAKE_PREFIX_PATH=/home/tomas-jelinek/clearpath_sim_ws/install/clearpath_sensors_description:/home/tomas-jelinek/clearpath_sim_ws/install/clearpath_platform_description:/home/tomas-jelinek/clearpath_sim_ws/install/clearpath_mounts_description:/home/tomas-jelinek/clearpath_sim_ws/install/clearpath_manipulators_description:/opt/ros/humble /usr/bin/cmake --build /home/tomas-jelinek/clearpath_sim_ws/build/clearpath_description -- -j8 -l8
[0.151s] Invoking command in '/home/tomas-jelinek/clearpath_sim_ws/build/clearpath_description': AMENT_PREFIX_PATH=/home/tomas-jelinek/clearpath_sim_ws/install/clearpath_sensors_description:/home/tomas-jelinek/clearpath_sim_ws/install/clearpath_platform_description:/home/tomas-jelinek/clearpath_sim_ws/install/clearpath_mounts_description:/home/tomas-jelinek/clearpath_sim_ws/install/clearpath_manipulators_description:${AMENT_PREFIX_PATH} CMAKE_PREFIX_PATH=/home/tomas-jelinek/clearpath_sim_ws/install/clearpath_sensors_description:/home/tomas-jelinek/clearpath_sim_ws/install/clearpath_platform_description:/home/tomas-jelinek/clearpath_sim_ws/install/clearpath_mounts_description:/home/tomas-jelinek/clearpath_sim_ws/install/clearpath_manipulators_description:/opt/ros/humble /usr/bin/cmake --install /home/tomas-jelinek/clearpath_sim_ws/build/clearpath_description
[0.164s] -- Install configuration: ""
[0.165s] -- Execute custom install script
[0.166s] -- Up-to-date symlink: /home/tomas-jelinek/clearpath_sim_ws/install/clearpath_description/share/ament_index/resource_index/package_run_dependencies/clearpath_description
[0.166s] -- Up-to-date symlink: /home/tomas-jelinek/clearpath_sim_ws/install/clearpath_description/share/ament_index/resource_index/parent_prefix_path/clearpath_description
[0.167s] -- Up-to-date symlink: /home/tomas-jelinek/clearpath_sim_ws/install/clearpath_description/share/clearpath_description/environment/ament_prefix_path.sh
[0.167s] -- Up-to-date symlink: /home/tomas-jelinek/clearpath_sim_ws/install/clearpath_description/share/clearpath_description/environment/ament_prefix_path.dsv
[0.168s] -- Up-to-date symlink: /home/tomas-jelinek/clearpath_sim_ws/install/clearpath_description/share/clearpath_description/environment/path.sh
[0.168s] -- Up-to-date symlink: /home/tomas-jelinek/clearpath_sim_ws/install/clearpath_description/share/clearpath_description/environment/path.dsv
[0.169s] -- Up-to-date symlink: /home/tomas-jelinek/clearpath_sim_ws/install/clearpath_description/share/clearpath_description/local_setup.bash
[0.169s] -- Up-to-date symlink: /home/tomas-jelinek/clearpath_sim_ws/install/clearpath_description/share/clearpath_description/local_setup.sh
[0.169s] -- Up-to-date symlink: /home/tomas-jelinek/clearpath_sim_ws/install/clearpath_description/share/clearpath_description/local_setup.zsh
[0.170s] -- Up-to-date symlink: /home/tomas-jelinek/clearpath_sim_ws/install/clearpath_description/share/clearpath_description/local_setup.dsv
[0.170s] -- Symlinking: /home/tomas-jelinek/clearpath_sim_ws/install/clearpath_description/share/clearpath_description/package.dsv
[0.188s] -- Up-to-date symlink: /home/tomas-jelinek/clearpath_sim_ws/install/clearpath_description/share/ament_index/resource_index/packages/clearpath_description
[0.189s] -- Up-to-date symlink: /home/tomas-jelinek/clearpath_sim_ws/install/clearpath_description/share/clearpath_description/cmake/clearpath_descriptionConfig.cmake
[0.190s] -- Up-to-date symlink: /home/tomas-jelinek/clearpath_sim_ws/install/clearpath_description/share/clearpath_description/cmake/clearpath_descriptionConfig-version.cmake
[0.190s] -- Up-to-date symlink: /home/tomas-jelinek/clearpath_sim_ws/install/clearpath_description/share/clearpath_description/package.xml
[0.216s] Invoked command in '/home/tomas-jelinek/clearpath_sim_ws/build/clearpath_description' returned '0': AMENT_PREFIX_PATH=/home/tomas-jelinek/clearpath_sim_ws/install/clearpath_sensors_description:/home/tomas-jelinek/clearpath_sim_ws/install/clearpath_platform_description:/home/tomas-jelinek/clearpath_sim_ws/install/clearpath_mounts_description:/home/tomas-jelinek/clearpath_sim_ws/install/clearpath_manipulators_description:${AMENT_PREFIX_PATH} CMAKE_PREFIX_PATH=/home/tomas-jelinek/clearpath_sim_ws/install/clearpath_sensors_description:/home/tomas-jelinek/clearpath_sim_ws/install/clearpath_platform_description:/home/tomas-jelinek/clearpath_sim_ws/install/clearpath_mounts_description:/home/tomas-jelinek/clearpath_sim_ws/install/clearpath_manipulators_description:/opt/ros/humble /usr/bin/cmake --install /home/tomas-jelinek/clearpath_sim_ws/build/clearpath_description
