[0.018s] Invoking command in '/home/tomas-jelinek/clearpath_sim_ws/build/clearpath_generator_common': AMENT_PREFIX_PATH=/home/tomas-jelinek/clearpath_sim_ws/install/clearpath_platform:/home/tomas-jelinek/clearpath_sim_ws/install/clearpath_manipulators:/home/tomas-jelinek/clearpath_sim_ws/install/clearpath_description:/home/tomas-jelinek/clearpath_sim_ws/install/clearpath_sensors_description:/home/tomas-jelinek/clearpath_sim_ws/install/clearpath_platform_msgs:/home/tomas-jelinek/clearpath_sim_ws/install/clearpath_platform_description:/home/tomas-jelinek/clearpath_sim_ws/install/clearpath_mounts_description:/home/tomas-jelinek/clearpath_sim_ws/install/clearpath_manipulators_description:/home/tomas-jelinek/clearpath_sim_ws/install/clearpath_control:/home/tomas-jelinek/clearpath_sim_ws/install/clearpath_config:${AMENT_PREFIX_PATH} CMAKE_PREFIX_PATH=/home/tomas-jelinek/clearpath_sim_ws/install/clearpath_platform:/home/tomas-jelinek/clearpath_sim_ws/install/clearpath_manipulators:/home/tomas-jelinek/clearpath_sim_ws/install/clearpath_description:/home/tomas-jelinek/clearpath_sim_ws/install/clearpath_sensors_description:/home/tomas-jelinek/clearpath_sim_ws/install/clearpath_platform_msgs:/home/tomas-jelinek/clearpath_sim_ws/install/clearpath_platform_description:/home/tomas-jelinek/clearpath_sim_ws/install/clearpath_mounts_description:/home/tomas-jelinek/clearpath_sim_ws/install/clearpath_manipulators_description:/home/tomas-jelinek/clearpath_sim_ws/install/clearpath_control:/opt/ros/humble LD_LIBRARY_PATH=/home/tomas-jelinek/clearpath_sim_ws/install/clearpath_platform/lib:/home/tomas-jelinek/clearpath_sim_ws/install/clearpath_platform_msgs/lib:${LD_LIBRARY_PATH} PYTHONPATH=/home/tomas-jelinek/clearpath_sim_ws/install/clearpath_platform_msgs/local/lib/python3.10/dist-packages:/home/tomas-jelinek/clearpath_sim_ws/install/clearpath_config/lib/python3.10/site-packages:${PYTHONPATH} /usr/bin/cmake /home/tomas-jelinek/clearpath_sim_ws/src/clearpath_common/clearpath_generator_common -DCMAKE_INSTALL_PREFIX=/home/tomas-jelinek/clearpath_sim_ws/install/clearpath_generator_common
[0.029s] -- Found ament_cmake: 1.3.10 (/opt/ros/humble/share/ament_cmake/cmake)
[0.147s] -- Override CMake install command with custom implementation using symlinks instead of copying resources
[0.154s] -- Found moveit_setup_framework: 2.5.5 (/opt/ros/humble/share/moveit_setup_framework/cmake)
[0.186s] -- Found rosidl_generator_c: 3.1.5 (/opt/ros/humble/share/rosidl_generator_c/cmake)
[0.189s] -- Found rosidl_adapter: 3.1.5 (/opt/ros/humble/share/rosidl_adapter/cmake)
[0.194s] -- Found rosidl_generator_cpp: 3.1.5 (/opt/ros/humble/share/rosidl_generator_cpp/cmake)
[0.205s] -- Using all available rosidl_typesupport_c: rosidl_typesupport_fastrtps_c;rosidl_typesupport_introspection_c
[0.219s] -- Using all available rosidl_typesupport_cpp: rosidl_typesupport_fastrtps_cpp;rosidl_typesupport_introspection_cpp
[0.252s] -- Found rmw_implementation_cmake: 6.1.2 (/opt/ros/humble/share/rmw_implementation_cmake/cmake)
[0.254s] -- Found rmw_fastrtps_cpp: 6.2.7 (/opt/ros/humble/share/rmw_fastrtps_cpp/cmake)
[0.393s] -- Using RMW implementation 'rmw_fastrtps_cpp' as default
[0.501s] -- Found Boost: /usr/lib/x86_64-linux-gnu/cmake/Boost-1.74.0/BoostConfig.cmake (found version "1.74.0") found components: chrono date_time filesystem iostreams program_options regex serialization system thread 
[0.514s] -- Found parameter_traits: 0.3.8 (/opt/ros/humble/share/parameter_traits/cmake)
[0.526s] -- Found rclcpp_lifecycle: 16.0.10 (/opt/ros/humble/share/rclcpp_lifecycle/cmake)
[0.551s] -- Found Boost: /usr/lib/x86_64-linux-gnu/cmake/Boost-1.74.0/BoostConfig.cmake (found version "1.74.0") found components: filesystem 
[0.607s] -- library: /usr/lib/x86_64-linux-gnu/libcurl.so
[0.681s] -- Ensuring Eigen3 include directory is part of orocos-kdl CMake target
[0.944s] -- Found Boost: /usr/lib/x86_64-linux-gnu/cmake/Boost-1.74.0/BoostConfig.cmake (found version "1.74.0") found components: system filesystem date_time program_options thread chrono 
[0.980s] -- Found Boost: /usr/lib/x86_64-linux-gnu/cmake/Boost-1.74.0/BoostConfig.cmake (found version "1.74.0") found components: thread date_time system filesystem 
[0.997s] -- Found Boost: /usr/lib/x86_64-linux-gnu/cmake/Boost-1.74.0/BoostConfig.cmake (found version "1.74.0") found components: date_time filesystem program_options system thread 
[1.014s] -- Found Boost: /usr/lib/x86_64-linux-gnu/cmake/Boost-1.74.0/BoostConfig.cmake (found version "1.74.0") found components: thread system filesystem regex date_time program_options 
[1.039s] -- Found Boost: /usr/lib/x86_64-linux-gnu/cmake/Boost-1.74.0/BoostConfig.cmake (found version "1.74.0") found components: system filesystem date_time program_options thread 
[1.097s] -- Setting OGRE_DIR to: '/opt/ros/humble/share/rviz_ogre_vendor/cmake/../../../opt/rviz_ogre_vendor/lib/OGRE/cmake'
[1.099s] -- Found OGRE
[1.099s] --   static     : OFF
[1.099s] --   components : HLMS;MeshLodGenerator;Overlay;Paging;Property;RTShaderSystem;Terrain;Volume
[1.099s] --   plugins    : Plugin_BSPSceneManager;Plugin_OctreeSceneManager;Plugin_PCZSceneManager;Plugin_ParticleFX;RenderSystem_GL;RenderSystem_GL3Plus;Codec_STBI
[1.099s] --   media      : /opt/ros/humble/opt/rviz_ogre_vendor/share/OGRE/Media
[1.099s] -- OGRE_LIBRARIES: OgreHLMS;OgreMeshLodGenerator;OgreOverlay;OgrePaging;OgreProperty;OgreRTShaderSystem;OgreTerrain;OgreVolume;OgreMain
[1.099s] -- OGRE_LIBRARY_DIRS: /opt/ros/humble/opt/rviz_ogre_vendor/lib
[1.100s] -- OGRE_PLUGINS: Plugin_BSPSceneManager;Plugin_OctreeSceneManager;Plugin_PCZSceneManager;Plugin_ParticleFX;RenderSystem_GL;RenderSystem_GL3Plus;Codec_STBI
[1.100s] -- OGRE_PLUGIN_DIR: /opt/ros/humble/opt/rviz_ogre_vendor/lib/OGRE
[1.100s] -- rviz_ogre_vendor::OgreOverlay for IMPORTED_LOCATION_RELEASE: /opt/ros/humble/opt/rviz_ogre_vendor/lib/libOgreOverlay.so
[1.100s] -- rviz_ogre_vendor::OgreOverlay for IMPORTED_LOCATION_DEBUG: /opt/ros/humble/opt/rviz_ogre_vendor/lib/libOgreOverlay.so
[1.100s] -- rviz_ogre_vendor::OgreMain for IMPORTED_LOCATION_RELEASE: /opt/ros/humble/opt/rviz_ogre_vendor/lib/libOgreMain.so
[1.100s] -- rviz_ogre_vendor::OgreMain for IMPORTED_LOCATION_DEBUG: /opt/ros/humble/opt/rviz_ogre_vendor/lib/libOgreMain.so
[1.101s] -- Could not find freeimage library
[1.154s] -- Setting assimp_DIR to: '/opt/ros/humble/share/rviz_assimp_vendor/cmake/../../../opt/rviz_assimp_vendor/lib/cmake/assimp-4.1'
[1.255s] -- Found moveit_setup_srdf_plugins: 2.5.5 (/opt/ros/humble/share/moveit_setup_srdf_plugins/cmake)
[1.322s] -- Found ament_lint_auto: 0.12.11 (/opt/ros/humble/share/ament_lint_auto/cmake)
[2.589s] -- Added test 'cppcheck' to perform static code analysis on C / C++ code
[2.589s] -- Configured cppcheck include dirs: 
[2.589s] -- Configured cppcheck exclude dirs and/or files: 
[2.590s] -- Added test 'flake8' to check Python code syntax and style conventions
[2.590s] -- Added test 'lint_cmake' to check CMake code style
[2.591s] -- Added test 'pep257' to check Python code against some of the docstring style conventions in PEP 257
[2.592s] -- Added test 'uncrustify' to check C / C++ code style
[2.592s] -- Configured uncrustify additional arguments: 
[2.593s] -- Added test 'xmllint' to check XML markup files
[2.594s] -- Configuring done
[2.623s] -- Generating done
[2.625s] -- Build files have been written to: /home/tomas-jelinek/clearpath_sim_ws/build/clearpath_generator_common
[2.636s] Invoked command in '/home/tomas-jelinek/clearpath_sim_ws/build/clearpath_generator_common' returned '0': AMENT_PREFIX_PATH=/home/tomas-jelinek/clearpath_sim_ws/install/clearpath_platform:/home/tomas-jelinek/clearpath_sim_ws/install/clearpath_manipulators:/home/tomas-jelinek/clearpath_sim_ws/install/clearpath_description:/home/tomas-jelinek/clearpath_sim_ws/install/clearpath_sensors_description:/home/tomas-jelinek/clearpath_sim_ws/install/clearpath_platform_msgs:/home/tomas-jelinek/clearpath_sim_ws/install/clearpath_platform_description:/home/tomas-jelinek/clearpath_sim_ws/install/clearpath_mounts_description:/home/tomas-jelinek/clearpath_sim_ws/install/clearpath_manipulators_description:/home/tomas-jelinek/clearpath_sim_ws/install/clearpath_control:/home/tomas-jelinek/clearpath_sim_ws/install/clearpath_config:${AMENT_PREFIX_PATH} CMAKE_PREFIX_PATH=/home/tomas-jelinek/clearpath_sim_ws/install/clearpath_platform:/home/tomas-jelinek/clearpath_sim_ws/install/clearpath_manipulators:/home/tomas-jelinek/clearpath_sim_ws/install/clearpath_description:/home/tomas-jelinek/clearpath_sim_ws/install/clearpath_sensors_description:/home/tomas-jelinek/clearpath_sim_ws/install/clearpath_platform_msgs:/home/tomas-jelinek/clearpath_sim_ws/install/clearpath_platform_description:/home/tomas-jelinek/clearpath_sim_ws/install/clearpath_mounts_description:/home/tomas-jelinek/clearpath_sim_ws/install/clearpath_manipulators_description:/home/tomas-jelinek/clearpath_sim_ws/install/clearpath_control:/opt/ros/humble LD_LIBRARY_PATH=/home/tomas-jelinek/clearpath_sim_ws/install/clearpath_platform/lib:/home/tomas-jelinek/clearpath_sim_ws/install/clearpath_platform_msgs/lib:${LD_LIBRARY_PATH} PYTHONPATH=/home/tomas-jelinek/clearpath_sim_ws/install/clearpath_platform_msgs/local/lib/python3.10/dist-packages:/home/tomas-jelinek/clearpath_sim_ws/install/clearpath_config/lib/python3.10/site-packages:${PYTHONPATH} /usr/bin/cmake /home/tomas-jelinek/clearpath_sim_ws/src/clearpath_common/clearpath_generator_common -DCMAKE_INSTALL_PREFIX=/home/tomas-jelinek/clearpath_sim_ws/install/clearpath_generator_common
[2.637s] Invoking command in '/home/tomas-jelinek/clearpath_sim_ws/build/clearpath_generator_common': AMENT_PREFIX_PATH=/home/tomas-jelinek/clearpath_sim_ws/install/clearpath_platform:/home/tomas-jelinek/clearpath_sim_ws/install/clearpath_manipulators:/home/tomas-jelinek/clearpath_sim_ws/install/clearpath_description:/home/tomas-jelinek/clearpath_sim_ws/install/clearpath_sensors_description:/home/tomas-jelinek/clearpath_sim_ws/install/clearpath_platform_msgs:/home/tomas-jelinek/clearpath_sim_ws/install/clearpath_platform_description:/home/tomas-jelinek/clearpath_sim_ws/install/clearpath_mounts_description:/home/tomas-jelinek/clearpath_sim_ws/install/clearpath_manipulators_description:/home/tomas-jelinek/clearpath_sim_ws/install/clearpath_control:/home/tomas-jelinek/clearpath_sim_ws/install/clearpath_config:${AMENT_PREFIX_PATH} CMAKE_PREFIX_PATH=/home/tomas-jelinek/clearpath_sim_ws/install/clearpath_platform:/home/tomas-jelinek/clearpath_sim_ws/install/clearpath_manipulators:/home/tomas-jelinek/clearpath_sim_ws/install/clearpath_description:/home/tomas-jelinek/clearpath_sim_ws/install/clearpath_sensors_description:/home/tomas-jelinek/clearpath_sim_ws/install/clearpath_platform_msgs:/home/tomas-jelinek/clearpath_sim_ws/install/clearpath_platform_description:/home/tomas-jelinek/clearpath_sim_ws/install/clearpath_mounts_description:/home/tomas-jelinek/clearpath_sim_ws/install/clearpath_manipulators_description:/home/tomas-jelinek/clearpath_sim_ws/install/clearpath_control:/opt/ros/humble LD_LIBRARY_PATH=/home/tomas-jelinek/clearpath_sim_ws/install/clearpath_platform/lib:/home/tomas-jelinek/clearpath_sim_ws/install/clearpath_platform_msgs/lib:${LD_LIBRARY_PATH} PYTHONPATH=/home/tomas-jelinek/clearpath_sim_ws/install/clearpath_platform_msgs/local/lib/python3.10/dist-packages:/home/tomas-jelinek/clearpath_sim_ws/install/clearpath_config/lib/python3.10/site-packages:${PYTHONPATH} /usr/bin/cmake --build /home/tomas-jelinek/clearpath_sim_ws/build/clearpath_generator_common -- -j8 -l8
[2.670s] [35m[1mConsolidate compiler generated dependencies of target moveit_collision_updater[0m
[2.681s] [  0%] Built target ament_cmake_python_symlink_clearpath_generator_common
[2.693s] [ 50%] [32m[1mLinking CXX executable moveit_collision_updater[0m
[2.891s] running egg_info
[2.891s] writing clearpath_generator_common.egg-info/PKG-INFO
[2.892s] writing dependency_links to clearpath_generator_common.egg-info/dependency_links.txt
[2.892s] writing top-level names to clearpath_generator_common.egg-info/top_level.txt
[2.895s] reading manifest file 'clearpath_generator_common.egg-info/SOURCES.txt'
[2.896s] writing manifest file 'clearpath_generator_common.egg-info/SOURCES.txt'
[2.920s] [ 50%] Built target ament_cmake_python_build_clearpath_generator_common_egg
[3.425s] [100%] Built target moveit_collision_updater
[3.434s] Invoked command in '/home/tomas-jelinek/clearpath_sim_ws/build/clearpath_generator_common' returned '0': AMENT_PREFIX_PATH=/home/tomas-jelinek/clearpath_sim_ws/install/clearpath_platform:/home/tomas-jelinek/clearpath_sim_ws/install/clearpath_manipulators:/home/tomas-jelinek/clearpath_sim_ws/install/clearpath_description:/home/tomas-jelinek/clearpath_sim_ws/install/clearpath_sensors_description:/home/tomas-jelinek/clearpath_sim_ws/install/clearpath_platform_msgs:/home/tomas-jelinek/clearpath_sim_ws/install/clearpath_platform_description:/home/tomas-jelinek/clearpath_sim_ws/install/clearpath_mounts_description:/home/tomas-jelinek/clearpath_sim_ws/install/clearpath_manipulators_description:/home/tomas-jelinek/clearpath_sim_ws/install/clearpath_control:/home/tomas-jelinek/clearpath_sim_ws/install/clearpath_config:${AMENT_PREFIX_PATH} CMAKE_PREFIX_PATH=/home/tomas-jelinek/clearpath_sim_ws/install/clearpath_platform:/home/tomas-jelinek/clearpath_sim_ws/install/clearpath_manipulators:/home/tomas-jelinek/clearpath_sim_ws/install/clearpath_description:/home/tomas-jelinek/clearpath_sim_ws/install/clearpath_sensors_description:/home/tomas-jelinek/clearpath_sim_ws/install/clearpath_platform_msgs:/home/tomas-jelinek/clearpath_sim_ws/install/clearpath_platform_description:/home/tomas-jelinek/clearpath_sim_ws/install/clearpath_mounts_description:/home/tomas-jelinek/clearpath_sim_ws/install/clearpath_manipulators_description:/home/tomas-jelinek/clearpath_sim_ws/install/clearpath_control:/opt/ros/humble LD_LIBRARY_PATH=/home/tomas-jelinek/clearpath_sim_ws/install/clearpath_platform/lib:/home/tomas-jelinek/clearpath_sim_ws/install/clearpath_platform_msgs/lib:${LD_LIBRARY_PATH} PYTHONPATH=/home/tomas-jelinek/clearpath_sim_ws/install/clearpath_platform_msgs/local/lib/python3.10/dist-packages:/home/tomas-jelinek/clearpath_sim_ws/install/clearpath_config/lib/python3.10/site-packages:${PYTHONPATH} /usr/bin/cmake --build /home/tomas-jelinek/clearpath_sim_ws/build/clearpath_generator_common -- -j8 -l8
[3.453s] Invoking command in '/home/tomas-jelinek/clearpath_sim_ws/build/clearpath_generator_common': AMENT_PREFIX_PATH=/home/tomas-jelinek/clearpath_sim_ws/install/clearpath_platform:/home/tomas-jelinek/clearpath_sim_ws/install/clearpath_manipulators:/home/tomas-jelinek/clearpath_sim_ws/install/clearpath_description:/home/tomas-jelinek/clearpath_sim_ws/install/clearpath_sensors_description:/home/tomas-jelinek/clearpath_sim_ws/install/clearpath_platform_msgs:/home/tomas-jelinek/clearpath_sim_ws/install/clearpath_platform_description:/home/tomas-jelinek/clearpath_sim_ws/install/clearpath_mounts_description:/home/tomas-jelinek/clearpath_sim_ws/install/clearpath_manipulators_description:/home/tomas-jelinek/clearpath_sim_ws/install/clearpath_control:/home/tomas-jelinek/clearpath_sim_ws/install/clearpath_config:${AMENT_PREFIX_PATH} CMAKE_PREFIX_PATH=/home/tomas-jelinek/clearpath_sim_ws/install/clearpath_platform:/home/tomas-jelinek/clearpath_sim_ws/install/clearpath_manipulators:/home/tomas-jelinek/clearpath_sim_ws/install/clearpath_description:/home/tomas-jelinek/clearpath_sim_ws/install/clearpath_sensors_description:/home/tomas-jelinek/clearpath_sim_ws/install/clearpath_platform_msgs:/home/tomas-jelinek/clearpath_sim_ws/install/clearpath_platform_description:/home/tomas-jelinek/clearpath_sim_ws/install/clearpath_mounts_description:/home/tomas-jelinek/clearpath_sim_ws/install/clearpath_manipulators_description:/home/tomas-jelinek/clearpath_sim_ws/install/clearpath_control:/opt/ros/humble LD_LIBRARY_PATH=/home/tomas-jelinek/clearpath_sim_ws/install/clearpath_platform/lib:/home/tomas-jelinek/clearpath_sim_ws/install/clearpath_platform_msgs/lib:${LD_LIBRARY_PATH} PYTHONPATH=/home/tomas-jelinek/clearpath_sim_ws/install/clearpath_platform_msgs/local/lib/python3.10/dist-packages:/home/tomas-jelinek/clearpath_sim_ws/install/clearpath_config/lib/python3.10/site-packages:${PYTHONPATH} /usr/bin/cmake --install /home/tomas-jelinek/clearpath_sim_ws/build/clearpath_generator_common
[3.459s] -- Install configuration: ""
[3.459s] -- Execute custom install script
[3.459s] -- Up-to-date symlink: /home/tomas-jelinek/clearpath_sim_ws/install/clearpath_generator_common/lib/clearpath_generator_common/generate_description
[3.459s] -- Up-to-date symlink: /home/tomas-jelinek/clearpath_sim_ws/install/clearpath_generator_common/lib/clearpath_generator_common/generate_discovery_server
[3.459s] -- Up-to-date symlink: /home/tomas-jelinek/clearpath_sim_ws/install/clearpath_generator_common/lib/clearpath_generator_common/generate_bash
[3.459s] -- Up-to-date symlink: /home/tomas-jelinek/clearpath_sim_ws/install/clearpath_generator_common/lib/clearpath_generator_common/generate_semantic_description
[3.460s] -- Up-to-date symlink: /home/tomas-jelinek/clearpath_sim_ws/install/clearpath_generator_common/share/clearpath_generator_common/environment/pythonpath.sh
[3.460s] -- Up-to-date symlink: /home/tomas-jelinek/clearpath_sim_ws/install/clearpath_generator_common/share/clearpath_generator_common/environment/pythonpath.dsv
[3.460s] -- Up-to-date symlink: /home/tomas-jelinek/clearpath_sim_ws/install/clearpath_generator_common/local/lib/python3.10/dist-packages/clearpath_generator_common-0.3.4-py3.10.egg-info/PKG-INFO
[3.460s] -- Up-to-date symlink: /home/tomas-jelinek/clearpath_sim_ws/install/clearpath_generator_common/local/lib/python3.10/dist-packages/clearpath_generator_common-0.3.4-py3.10.egg-info/SOURCES.txt
[3.460s] -- Up-to-date symlink: /home/tomas-jelinek/clearpath_sim_ws/install/clearpath_generator_common/local/lib/python3.10/dist-packages/clearpath_generator_common-0.3.4-py3.10.egg-info/dependency_links.txt
[3.460s] -- Up-to-date symlink: /home/tomas-jelinek/clearpath_sim_ws/install/clearpath_generator_common/local/lib/python3.10/dist-packages/clearpath_generator_common-0.3.4-py3.10.egg-info/top_level.txt
[3.461s] -- Up-to-date symlink: /home/tomas-jelinek/clearpath_sim_ws/install/clearpath_generator_common/local/lib/python3.10/dist-packages/clearpath_generator_common/__init__.py
[3.461s] -- Up-to-date symlink: /home/tomas-jelinek/clearpath_sim_ws/install/clearpath_generator_common/local/lib/python3.10/dist-packages/clearpath_generator_common/bash/__init__.py
[3.461s] -- Up-to-date symlink: /home/tomas-jelinek/clearpath_sim_ws/install/clearpath_generator_common/local/lib/python3.10/dist-packages/clearpath_generator_common/bash/generate_bash
[3.462s] -- Up-to-date symlink: /home/tomas-jelinek/clearpath_sim_ws/install/clearpath_generator_common/local/lib/python3.10/dist-packages/clearpath_generator_common/bash/generator.py
[3.462s] -- Up-to-date symlink: /home/tomas-jelinek/clearpath_sim_ws/install/clearpath_generator_common/local/lib/python3.10/dist-packages/clearpath_generator_common/bash/writer.py
[3.462s] -- Up-to-date symlink: /home/tomas-jelinek/clearpath_sim_ws/install/clearpath_generator_common/local/lib/python3.10/dist-packages/clearpath_generator_common/common.py
[3.462s] -- Up-to-date symlink: /home/tomas-jelinek/clearpath_sim_ws/install/clearpath_generator_common/local/lib/python3.10/dist-packages/clearpath_generator_common/description/__init__.py
[3.462s] -- Up-to-date symlink: /home/tomas-jelinek/clearpath_sim_ws/install/clearpath_generator_common/local/lib/python3.10/dist-packages/clearpath_generator_common/description/attachments.py
[3.462s] -- Up-to-date symlink: /home/tomas-jelinek/clearpath_sim_ws/install/clearpath_generator_common/local/lib/python3.10/dist-packages/clearpath_generator_common/description/generate_description
[3.462s] -- Up-to-date symlink: /home/tomas-jelinek/clearpath_sim_ws/install/clearpath_generator_common/local/lib/python3.10/dist-packages/clearpath_generator_common/description/generator.py
[3.462s] -- Up-to-date symlink: /home/tomas-jelinek/clearpath_sim_ws/install/clearpath_generator_common/local/lib/python3.10/dist-packages/clearpath_generator_common/description/links.py
[3.463s] -- Up-to-date symlink: /home/tomas-jelinek/clearpath_sim_ws/install/clearpath_generator_common/local/lib/python3.10/dist-packages/clearpath_generator_common/description/manipulators.py
[3.463s] -- Up-to-date symlink: /home/tomas-jelinek/clearpath_sim_ws/install/clearpath_generator_common/local/lib/python3.10/dist-packages/clearpath_generator_common/description/mounts.py
[3.463s] -- Up-to-date symlink: /home/tomas-jelinek/clearpath_sim_ws/install/clearpath_generator_common/local/lib/python3.10/dist-packages/clearpath_generator_common/description/platform.py
[3.463s] -- Up-to-date symlink: /home/tomas-jelinek/clearpath_sim_ws/install/clearpath_generator_common/local/lib/python3.10/dist-packages/clearpath_generator_common/description/sensors.py
[3.463s] -- Up-to-date symlink: /home/tomas-jelinek/clearpath_sim_ws/install/clearpath_generator_common/local/lib/python3.10/dist-packages/clearpath_generator_common/description/writer.py
[3.463s] -- Up-to-date symlink: /home/tomas-jelinek/clearpath_sim_ws/install/clearpath_generator_common/local/lib/python3.10/dist-packages/clearpath_generator_common/discovery_server/generate_discovery_server
[3.463s] -- Up-to-date symlink: /home/tomas-jelinek/clearpath_sim_ws/install/clearpath_generator_common/local/lib/python3.10/dist-packages/clearpath_generator_common/discovery_server/generator.py
[3.463s] -- Up-to-date symlink: /home/tomas-jelinek/clearpath_sim_ws/install/clearpath_generator_common/local/lib/python3.10/dist-packages/clearpath_generator_common/launch/__init__.py
[3.464s] -- Up-to-date symlink: /home/tomas-jelinek/clearpath_sim_ws/install/clearpath_generator_common/local/lib/python3.10/dist-packages/clearpath_generator_common/launch/generator.py
[3.464s] -- Up-to-date symlink: /home/tomas-jelinek/clearpath_sim_ws/install/clearpath_generator_common/local/lib/python3.10/dist-packages/clearpath_generator_common/launch/writer.py
[3.464s] -- Up-to-date symlink: /home/tomas-jelinek/clearpath_sim_ws/install/clearpath_generator_common/local/lib/python3.10/dist-packages/clearpath_generator_common/package/__init__.py
[3.464s] -- Up-to-date symlink: /home/tomas-jelinek/clearpath_sim_ws/install/clearpath_generator_common/local/lib/python3.10/dist-packages/clearpath_generator_common/package/writer.py
[3.464s] -- Up-to-date symlink: /home/tomas-jelinek/clearpath_sim_ws/install/clearpath_generator_common/local/lib/python3.10/dist-packages/clearpath_generator_common/param/__init__.py
[3.464s] -- Up-to-date symlink: /home/tomas-jelinek/clearpath_sim_ws/install/clearpath_generator_common/local/lib/python3.10/dist-packages/clearpath_generator_common/param/generator.py
[3.464s] -- Up-to-date symlink: /home/tomas-jelinek/clearpath_sim_ws/install/clearpath_generator_common/local/lib/python3.10/dist-packages/clearpath_generator_common/param/manipulators.py
[3.464s] -- Up-to-date symlink: /home/tomas-jelinek/clearpath_sim_ws/install/clearpath_generator_common/local/lib/python3.10/dist-packages/clearpath_generator_common/param/platform.py
[3.464s] -- Up-to-date symlink: /home/tomas-jelinek/clearpath_sim_ws/install/clearpath_generator_common/local/lib/python3.10/dist-packages/clearpath_generator_common/param/writer.py
[3.464s] -- Up-to-date symlink: /home/tomas-jelinek/clearpath_sim_ws/install/clearpath_generator_common/local/lib/python3.10/dist-packages/clearpath_generator_common/semantic_description/__init__.py
[3.464s] -- Up-to-date symlink: /home/tomas-jelinek/clearpath_sim_ws/install/clearpath_generator_common/local/lib/python3.10/dist-packages/clearpath_generator_common/semantic_description/generate_semantic_description
[3.464s] -- Up-to-date symlink: /home/tomas-jelinek/clearpath_sim_ws/install/clearpath_generator_common/local/lib/python3.10/dist-packages/clearpath_generator_common/semantic_description/generator.py
[3.464s] -- Up-to-date symlink: /home/tomas-jelinek/clearpath_sim_ws/install/clearpath_generator_common/local/lib/python3.10/dist-packages/clearpath_generator_common/semantic_description/manipulators.py
[3.465s] -- Up-to-date symlink: /home/tomas-jelinek/clearpath_sim_ws/install/clearpath_generator_common/share/ament_index/resource_index/package_run_dependencies/clearpath_generator_common
[3.465s] -- Up-to-date symlink: /home/tomas-jelinek/clearpath_sim_ws/install/clearpath_generator_common/share/ament_index/resource_index/parent_prefix_path/clearpath_generator_common
[3.465s] -- Up-to-date symlink: /home/tomas-jelinek/clearpath_sim_ws/install/clearpath_generator_common/share/clearpath_generator_common/environment/ament_prefix_path.sh
[3.465s] -- Up-to-date symlink: /home/tomas-jelinek/clearpath_sim_ws/install/clearpath_generator_common/share/clearpath_generator_common/environment/ament_prefix_path.dsv
[3.465s] -- Up-to-date symlink: /home/tomas-jelinek/clearpath_sim_ws/install/clearpath_generator_common/share/clearpath_generator_common/environment/path.sh
[3.465s] -- Up-to-date symlink: /home/tomas-jelinek/clearpath_sim_ws/install/clearpath_generator_common/share/clearpath_generator_common/environment/path.dsv
[3.465s] -- Up-to-date symlink: /home/tomas-jelinek/clearpath_sim_ws/install/clearpath_generator_common/share/clearpath_generator_common/local_setup.bash
[3.465s] -- Up-to-date symlink: /home/tomas-jelinek/clearpath_sim_ws/install/clearpath_generator_common/share/clearpath_generator_common/local_setup.sh
[3.465s] -- Up-to-date symlink: /home/tomas-jelinek/clearpath_sim_ws/install/clearpath_generator_common/share/clearpath_generator_common/local_setup.zsh
[3.465s] -- Up-to-date symlink: /home/tomas-jelinek/clearpath_sim_ws/install/clearpath_generator_common/share/clearpath_generator_common/local_setup.dsv
[3.466s] -- Symlinking: /home/tomas-jelinek/clearpath_sim_ws/install/clearpath_generator_common/share/clearpath_generator_common/package.dsv
[3.473s] -- Up-to-date symlink: /home/tomas-jelinek/clearpath_sim_ws/install/clearpath_generator_common/share/ament_index/resource_index/packages/clearpath_generator_common
[3.473s] -- Up-to-date symlink: /home/tomas-jelinek/clearpath_sim_ws/install/clearpath_generator_common/share/clearpath_generator_common/cmake/clearpath_generator_commonConfig.cmake
[3.473s] -- Up-to-date symlink: /home/tomas-jelinek/clearpath_sim_ws/install/clearpath_generator_common/share/clearpath_generator_common/cmake/clearpath_generator_commonConfig-version.cmake
[3.473s] -- Up-to-date symlink: /home/tomas-jelinek/clearpath_sim_ws/install/clearpath_generator_common/share/clearpath_generator_common/package.xml
[3.475s] -- Installing: /home/tomas-jelinek/clearpath_sim_ws/install/clearpath_generator_common/lib/clearpath_generator_common/moveit_collision_updater
[3.476s] -- Set runtime path of "/home/tomas-jelinek/clearpath_sim_ws/install/clearpath_generator_common/lib/clearpath_generator_common/moveit_collision_updater" to ""
[3.505s] Listing '/home/tomas-jelinek/clearpath_sim_ws/install/clearpath_generator_common/local/lib/python3.10/dist-packages/clearpath_generator_common'...
[3.505s] Listing '/home/tomas-jelinek/clearpath_sim_ws/install/clearpath_generator_common/local/lib/python3.10/dist-packages/clearpath_generator_common/bash'...
[3.505s] Listing '/home/tomas-jelinek/clearpath_sim_ws/install/clearpath_generator_common/local/lib/python3.10/dist-packages/clearpath_generator_common/description'...
[3.505s] Listing '/home/tomas-jelinek/clearpath_sim_ws/install/clearpath_generator_common/local/lib/python3.10/dist-packages/clearpath_generator_common/discovery_server'...
[3.505s] Listing '/home/tomas-jelinek/clearpath_sim_ws/install/clearpath_generator_common/local/lib/python3.10/dist-packages/clearpath_generator_common/launch'...
[3.505s] Listing '/home/tomas-jelinek/clearpath_sim_ws/install/clearpath_generator_common/local/lib/python3.10/dist-packages/clearpath_generator_common/package'...
[3.505s] Listing '/home/tomas-jelinek/clearpath_sim_ws/install/clearpath_generator_common/local/lib/python3.10/dist-packages/clearpath_generator_common/param'...
[3.505s] Listing '/home/tomas-jelinek/clearpath_sim_ws/install/clearpath_generator_common/local/lib/python3.10/dist-packages/clearpath_generator_common/semantic_description'...
[3.510s] Invoked command in '/home/tomas-jelinek/clearpath_sim_ws/build/clearpath_generator_common' returned '0': AMENT_PREFIX_PATH=/home/tomas-jelinek/clearpath_sim_ws/install/clearpath_platform:/home/tomas-jelinek/clearpath_sim_ws/install/clearpath_manipulators:/home/tomas-jelinek/clearpath_sim_ws/install/clearpath_description:/home/tomas-jelinek/clearpath_sim_ws/install/clearpath_sensors_description:/home/tomas-jelinek/clearpath_sim_ws/install/clearpath_platform_msgs:/home/tomas-jelinek/clearpath_sim_ws/install/clearpath_platform_description:/home/tomas-jelinek/clearpath_sim_ws/install/clearpath_mounts_description:/home/tomas-jelinek/clearpath_sim_ws/install/clearpath_manipulators_description:/home/tomas-jelinek/clearpath_sim_ws/install/clearpath_control:/home/tomas-jelinek/clearpath_sim_ws/install/clearpath_config:${AMENT_PREFIX_PATH} CMAKE_PREFIX_PATH=/home/tomas-jelinek/clearpath_sim_ws/install/clearpath_platform:/home/tomas-jelinek/clearpath_sim_ws/install/clearpath_manipulators:/home/tomas-jelinek/clearpath_sim_ws/install/clearpath_description:/home/tomas-jelinek/clearpath_sim_ws/install/clearpath_sensors_description:/home/tomas-jelinek/clearpath_sim_ws/install/clearpath_platform_msgs:/home/tomas-jelinek/clearpath_sim_ws/install/clearpath_platform_description:/home/tomas-jelinek/clearpath_sim_ws/install/clearpath_mounts_description:/home/tomas-jelinek/clearpath_sim_ws/install/clearpath_manipulators_description:/home/tomas-jelinek/clearpath_sim_ws/install/clearpath_control:/opt/ros/humble LD_LIBRARY_PATH=/home/tomas-jelinek/clearpath_sim_ws/install/clearpath_platform/lib:/home/tomas-jelinek/clearpath_sim_ws/install/clearpath_platform_msgs/lib:${LD_LIBRARY_PATH} PYTHONPATH=/home/tomas-jelinek/clearpath_sim_ws/install/clearpath_platform_msgs/local/lib/python3.10/dist-packages:/home/tomas-jelinek/clearpath_sim_ws/install/clearpath_config/lib/python3.10/site-packages:${PYTHONPATH} /usr/bin/cmake --install /home/tomas-jelinek/clearpath_sim_ws/build/clearpath_generator_common
