[0.020s] Invoking command in '/home/tomas-jelinek/clearpath_sim_ws/build/clearpath_manipulators_description': CMAKE_PREFIX_PATH=/opt/ros/humble /usr/bin/cmake /home/tomas-jelinek/clearpath_sim_ws/src/clearpath_common/clearpath_manipulators_description -DAMENT_CMAKE_SYMLINK_INSTALL=1 -DCMAKE_INSTALL_PREFIX=/home/tomas-jelinek/clearpath_sim_ws/install/clearpath_manipulators_description
[0.296s] -- The C compiler identification is GNU 11.4.0
[0.296s] -- The CXX compiler identification is GNU 11.4.0
[0.296s] -- Detecting C compiler ABI info
[0.296s] -- Detecting C compiler ABI info - done
[0.296s] -- Check for working C compiler: /usr/bin/cc - skipped
[0.296s] -- Detecting C compile features
[0.296s] -- Detecting C compile features - done
[0.296s] -- Detecting CXX compiler ABI info
[0.362s] -- Detecting CXX compiler ABI info - done
[0.378s] -- Check for working CXX compiler: /usr/bin/c++ - skipped
[0.378s] -- Detecting CXX compile features
[0.378s] -- Detecting CXX compile features - done
[0.383s] -- Found ament_cmake: 1.3.10 (/opt/ros/humble/share/ament_cmake/cmake)
[0.579s] -- Found Python3: /usr/bin/python3 (found version "3.10.12") found components: Interpreter 
[0.650s] -- Override CMake install command with custom implementation using symlinks instead of copying resources
[0.755s] -- Configuring done
[0.755s] -- Generating done
[0.755s] -- Build files have been written to: /home/tomas-jelinek/clearpath_sim_ws/build/clearpath_manipulators_description
[0.760s] Invoked command in '/home/tomas-jelinek/clearpath_sim_ws/build/clearpath_manipulators_description' returned '0': CMAKE_PREFIX_PATH=/opt/ros/humble /usr/bin/cmake /home/tomas-jelinek/clearpath_sim_ws/src/clearpath_common/clearpath_manipulators_description -DAMENT_CMAKE_SYMLINK_INSTALL=1 -DCMAKE_INSTALL_PREFIX=/home/tomas-jelinek/clearpath_sim_ws/install/clearpath_manipulators_description
[0.761s] Invoking command in '/home/tomas-jelinek/clearpath_sim_ws/build/clearpath_manipulators_description': CMAKE_PREFIX_PATH=/opt/ros/humble /usr/bin/cmake --build /home/tomas-jelinek/clearpath_sim_ws/build/clearpath_manipulators_description -- -j8 -l8
[0.800s] Invoked command in '/home/tomas-jelinek/clearpath_sim_ws/build/clearpath_manipulators_description' returned '0': CMAKE_PREFIX_PATH=/opt/ros/humble /usr/bin/cmake --build /home/tomas-jelinek/clearpath_sim_ws/build/clearpath_manipulators_description -- -j8 -l8
[0.822s] Invoking command in '/home/tomas-jelinek/clearpath_sim_ws/build/clearpath_manipulators_description': CMAKE_PREFIX_PATH=/opt/ros/humble /usr/bin/cmake --install /home/tomas-jelinek/clearpath_sim_ws/build/clearpath_manipulators_description
[0.829s] -- Install configuration: ""
[0.829s] -- Execute custom install script
[0.829s] -- Symlinking: /home/tomas-jelinek/clearpath_sim_ws/install/clearpath_manipulators_description/share/clearpath_manipulators_description/urdf/arm/kinova_gen3_6dof.urdf.xacro
[0.841s] -- Symlinking: /home/tomas-jelinek/clearpath_sim_ws/install/clearpath_manipulators_description/share/clearpath_manipulators_description/urdf/arm/kinova_gen3_7dof.urdf.xacro
[0.847s] -- Symlinking: /home/tomas-jelinek/clearpath_sim_ws/install/clearpath_manipulators_description/share/clearpath_manipulators_description/urdf/arm/kinova_gen3_lite.urdf.xacro
[0.857s] -- Symlinking: /home/tomas-jelinek/clearpath_sim_ws/install/clearpath_manipulators_description/share/clearpath_manipulators_description/urdf/gripper/kinova_2f_lite.urdf.xacro
[0.867s] -- Symlinking: /home/tomas-jelinek/clearpath_sim_ws/install/clearpath_manipulators_description/share/clearpath_manipulators_description/urdf/gripper/robotiq_2f_140.urdf.xacro
[0.874s] -- Symlinking: /home/tomas-jelinek/clearpath_sim_ws/install/clearpath_manipulators_description/share/clearpath_manipulators_description/urdf/gripper/robotiq_2f_85.urdf.xacro
[0.883s] -- Symlinking: /home/tomas-jelinek/clearpath_sim_ws/install/clearpath_manipulators_description/share/clearpath_manipulators_description/config/arm/kinova_gen3_6dof/control.yaml
[0.890s] -- Symlinking: /home/tomas-jelinek/clearpath_sim_ws/install/clearpath_manipulators_description/share/clearpath_manipulators_description/config/arm/kinova_gen3_6dof/initial_positions.yaml
[0.900s] -- Symlinking: /home/tomas-jelinek/clearpath_sim_ws/install/clearpath_manipulators_description/share/clearpath_manipulators_description/config/arm/kinova_gen3_6dof/joint_limits.yaml
[0.912s] -- Symlinking: /home/tomas-jelinek/clearpath_sim_ws/install/clearpath_manipulators_description/share/clearpath_manipulators_description/config/arm/kinova_gen3_6dof/moveit_controllers.yaml
[0.927s] -- Symlinking: /home/tomas-jelinek/clearpath_sim_ws/install/clearpath_manipulators_description/share/clearpath_manipulators_description/config/arm/kinova_gen3_7dof/control.yaml
[0.946s] -- Symlinking: /home/tomas-jelinek/clearpath_sim_ws/install/clearpath_manipulators_description/share/clearpath_manipulators_description/config/arm/kinova_gen3_7dof/initial_positions.yaml
[0.962s] -- Symlinking: /home/tomas-jelinek/clearpath_sim_ws/install/clearpath_manipulators_description/share/clearpath_manipulators_description/config/arm/kinova_gen3_7dof/joint_limits.yaml
[0.976s] -- Symlinking: /home/tomas-jelinek/clearpath_sim_ws/install/clearpath_manipulators_description/share/clearpath_manipulators_description/config/arm/kinova_gen3_7dof/moveit_controllers.yaml
[0.986s] -- Symlinking: /home/tomas-jelinek/clearpath_sim_ws/install/clearpath_manipulators_description/share/clearpath_manipulators_description/config/arm/kinova_gen3_lite/control.yaml
[0.997s] -- Symlinking: /home/tomas-jelinek/clearpath_sim_ws/install/clearpath_manipulators_description/share/clearpath_manipulators_description/config/arm/kinova_gen3_lite/initial_positions.yaml
[1.017s] -- Symlinking: /home/tomas-jelinek/clearpath_sim_ws/install/clearpath_manipulators_description/share/clearpath_manipulators_description/config/arm/kinova_gen3_lite/joint_limits.yaml
[1.028s] -- Symlinking: /home/tomas-jelinek/clearpath_sim_ws/install/clearpath_manipulators_description/share/clearpath_manipulators_description/config/arm/kinova_gen3_lite/moveit_controllers.yaml
[1.035s] -- Symlinking: /home/tomas-jelinek/clearpath_sim_ws/install/clearpath_manipulators_description/share/clearpath_manipulators_description/config/gripper/kinova_2f_lite/control.yaml
[1.042s] -- Symlinking: /home/tomas-jelinek/clearpath_sim_ws/install/clearpath_manipulators_description/share/clearpath_manipulators_description/config/gripper/kinova_2f_lite/initial_positions.yaml
[1.049s] -- Symlinking: /home/tomas-jelinek/clearpath_sim_ws/install/clearpath_manipulators_description/share/clearpath_manipulators_description/config/gripper/kinova_2f_lite/joint_limits.yaml
[1.057s] -- Symlinking: /home/tomas-jelinek/clearpath_sim_ws/install/clearpath_manipulators_description/share/clearpath_manipulators_description/config/gripper/kinova_2f_lite/moveit_controllers.yaml
[1.065s] -- Symlinking: /home/tomas-jelinek/clearpath_sim_ws/install/clearpath_manipulators_description/share/clearpath_manipulators_description/config/gripper/robotiq_2f_140/control.yaml
[1.074s] -- Symlinking: /home/tomas-jelinek/clearpath_sim_ws/install/clearpath_manipulators_description/share/clearpath_manipulators_description/config/gripper/robotiq_2f_140/initial_positions.yaml
[1.081s] -- Symlinking: /home/tomas-jelinek/clearpath_sim_ws/install/clearpath_manipulators_description/share/clearpath_manipulators_description/config/gripper/robotiq_2f_140/joint_limits.yaml
[1.091s] -- Symlinking: /home/tomas-jelinek/clearpath_sim_ws/install/clearpath_manipulators_description/share/clearpath_manipulators_description/config/gripper/robotiq_2f_140/moveit_controllers.yaml
[1.097s] -- Symlinking: /home/tomas-jelinek/clearpath_sim_ws/install/clearpath_manipulators_description/share/clearpath_manipulators_description/config/gripper/robotiq_2f_85/control.yaml
[1.107s] -- Symlinking: /home/tomas-jelinek/clearpath_sim_ws/install/clearpath_manipulators_description/share/clearpath_manipulators_description/config/gripper/robotiq_2f_85/initial_positions.yaml
[1.115s] -- Symlinking: /home/tomas-jelinek/clearpath_sim_ws/install/clearpath_manipulators_description/share/clearpath_manipulators_description/config/gripper/robotiq_2f_85/joint_limits.yaml
[1.122s] -- Symlinking: /home/tomas-jelinek/clearpath_sim_ws/install/clearpath_manipulators_description/share/clearpath_manipulators_description/config/gripper/robotiq_2f_85/moveit_controllers.yaml
[1.132s] -- Symlinking: /home/tomas-jelinek/clearpath_sim_ws/install/clearpath_manipulators_description/share/clearpath_manipulators_description/srdf/arm/kinova_gen3_6dof.srdf.xacro
[1.139s] -- Symlinking: /home/tomas-jelinek/clearpath_sim_ws/install/clearpath_manipulators_description/share/clearpath_manipulators_description/srdf/arm/kinova_gen3_7dof.srdf.xacro
[1.147s] -- Symlinking: /home/tomas-jelinek/clearpath_sim_ws/install/clearpath_manipulators_description/share/clearpath_manipulators_description/srdf/arm/kinova_gen3_lite.srdf.xacro
[1.153s] -- Symlinking: /home/tomas-jelinek/clearpath_sim_ws/install/clearpath_manipulators_description/share/clearpath_manipulators_description/srdf/gripper/kinova_2f_lite.srdf.xacro
[1.162s] -- Symlinking: /home/tomas-jelinek/clearpath_sim_ws/install/clearpath_manipulators_description/share/clearpath_manipulators_description/srdf/gripper/robotiq_2f_140.srdf.xacro
[1.171s] -- Symlinking: /home/tomas-jelinek/clearpath_sim_ws/install/clearpath_manipulators_description/share/clearpath_manipulators_description/srdf/gripper/robotiq_2f_85.srdf.xacro
[1.178s] -- Symlinking: /home/tomas-jelinek/clearpath_sim_ws/install/clearpath_manipulators_description/share/clearpath_manipulators_description/launch/description.launch.py
[1.186s] -- Symlinking: /home/tomas-jelinek/clearpath_sim_ws/install/clearpath_manipulators_description/share/clearpath_manipulators_description/meshes/gripper/robotiq_2f_140_base_link.stl
[1.194s] -- Symlinking: /home/tomas-jelinek/clearpath_sim_ws/install/clearpath_manipulators_description/share/clearpath_manipulators_description/meshes/gripper/robotiq_2f_140_base_link_collision.stl
[1.204s] -- Symlinking: /home/tomas-jelinek/clearpath_sim_ws/install/clearpath_manipulators_description/share/clearpath_manipulators_description/meshes/gripper/robotiq_2f_140_coupling.stl
[1.217s] -- Symlinking: /home/tomas-jelinek/clearpath_sim_ws/install/clearpath_manipulators_description/share/clearpath_manipulators_description/meshes/gripper/robotiq_2f_140_coupling_collision.stl
[1.226s] -- Symlinking: /home/tomas-jelinek/clearpath_sim_ws/install/clearpath_manipulators_description/share/clearpath_manipulators_description/meshes/gripper/robotiq_2f_140_inner_finger.stl
[1.239s] -- Symlinking: /home/tomas-jelinek/clearpath_sim_ws/install/clearpath_manipulators_description/share/clearpath_manipulators_description/meshes/gripper/robotiq_2f_140_inner_finger_collision.stl
[1.243s] -- Symlinking: /home/tomas-jelinek/clearpath_sim_ws/install/clearpath_manipulators_description/share/clearpath_manipulators_description/meshes/gripper/robotiq_2f_140_inner_knuckle.stl
[1.250s] -- Symlinking: /home/tomas-jelinek/clearpath_sim_ws/install/clearpath_manipulators_description/share/clearpath_manipulators_description/meshes/gripper/robotiq_2f_140_inner_knuckle_collision.stl
[1.258s] -- Symlinking: /home/tomas-jelinek/clearpath_sim_ws/install/clearpath_manipulators_description/share/clearpath_manipulators_description/meshes/gripper/robotiq_2f_140_outer_finger.stl
[1.264s] -- Symlinking: /home/tomas-jelinek/clearpath_sim_ws/install/clearpath_manipulators_description/share/clearpath_manipulators_description/meshes/gripper/robotiq_2f_140_outer_finger_collision.stl
[1.270s] -- Symlinking: /home/tomas-jelinek/clearpath_sim_ws/install/clearpath_manipulators_description/share/clearpath_manipulators_description/meshes/gripper/robotiq_2f_140_outer_knuckle.stl
[1.278s] -- Symlinking: /home/tomas-jelinek/clearpath_sim_ws/install/clearpath_manipulators_description/share/clearpath_manipulators_description/meshes/gripper/robotiq_2f_140_outer_knuckle_collision.stl
[1.284s] -- Symlinking: /home/tomas-jelinek/clearpath_sim_ws/install/clearpath_manipulators_description/share/ament_index/resource_index/package_run_dependencies/clearpath_manipulators_description
[1.290s] -- Symlinking: /home/tomas-jelinek/clearpath_sim_ws/install/clearpath_manipulators_description/share/ament_index/resource_index/parent_prefix_path/clearpath_manipulators_description
[1.298s] -- Symlinking: /home/tomas-jelinek/clearpath_sim_ws/install/clearpath_manipulators_description/share/clearpath_manipulators_description/environment/ament_prefix_path.sh
[1.305s] -- Symlinking: /home/tomas-jelinek/clearpath_sim_ws/install/clearpath_manipulators_description/share/clearpath_manipulators_description/environment/ament_prefix_path.dsv
[1.313s] -- Symlinking: /home/tomas-jelinek/clearpath_sim_ws/install/clearpath_manipulators_description/share/clearpath_manipulators_description/environment/path.sh
[1.321s] -- Symlinking: /home/tomas-jelinek/clearpath_sim_ws/install/clearpath_manipulators_description/share/clearpath_manipulators_description/environment/path.dsv
[1.329s] -- Symlinking: /home/tomas-jelinek/clearpath_sim_ws/install/clearpath_manipulators_description/share/clearpath_manipulators_description/local_setup.bash
[1.335s] -- Symlinking: /home/tomas-jelinek/clearpath_sim_ws/install/clearpath_manipulators_description/share/clearpath_manipulators_description/local_setup.sh
[1.342s] -- Symlinking: /home/tomas-jelinek/clearpath_sim_ws/install/clearpath_manipulators_description/share/clearpath_manipulators_description/local_setup.zsh
[1.348s] -- Symlinking: /home/tomas-jelinek/clearpath_sim_ws/install/clearpath_manipulators_description/share/clearpath_manipulators_description/local_setup.dsv
[1.356s] -- Symlinking: /home/tomas-jelinek/clearpath_sim_ws/install/clearpath_manipulators_description/share/clearpath_manipulators_description/package.dsv
[1.364s] -- Symlinking: /home/tomas-jelinek/clearpath_sim_ws/install/clearpath_manipulators_description/share/ament_index/resource_index/packages/clearpath_manipulators_description
[1.371s] -- Symlinking: /home/tomas-jelinek/clearpath_sim_ws/install/clearpath_manipulators_description/share/clearpath_manipulators_description/cmake/clearpath_manipulators_descriptionConfig.cmake
[1.378s] -- Symlinking: /home/tomas-jelinek/clearpath_sim_ws/install/clearpath_manipulators_description/share/clearpath_manipulators_description/cmake/clearpath_manipulators_descriptionConfig-version.cmake
[1.384s] -- Symlinking: /home/tomas-jelinek/clearpath_sim_ws/install/clearpath_manipulators_description/share/clearpath_manipulators_description/package.xml
[1.394s] Invoked command in '/home/tomas-jelinek/clearpath_sim_ws/build/clearpath_manipulators_description' returned '0': CMAKE_PREFIX_PATH=/opt/ros/humble /usr/bin/cmake --install /home/tomas-jelinek/clearpath_sim_ws/build/clearpath_manipulators_description
