[0.078s] Invoking command in '/home/tomas-jelinek/clearpath_sim_ws/build/clearpath_platform_description': CMAKE_PREFIX_PATH=/opt/ros/humble /usr/bin/cmake --build /home/tomas-jelinek/clearpath_sim_ws/build/clearpath_platform_description -- -j8 -l8
[0.970s] Invoked command in '/home/tomas-jelinek/clearpath_sim_ws/build/clearpath_platform_description' returned '0': CMAKE_PREFIX_PATH=/opt/ros/humble /usr/bin/cmake --build /home/tomas-jelinek/clearpath_sim_ws/build/clearpath_platform_description -- -j8 -l8
[1.055s] Invoking command in '/home/tomas-jelinek/clearpath_sim_ws/build/clearpath_platform_description': CMAKE_PREFIX_PATH=/opt/ros/humble /usr/bin/cmake --install /home/tomas-jelinek/clearpath_sim_ws/build/clearpath_platform_description
[1.076s] -- Install configuration: ""
[1.076s] -- Execute custom install script
[1.077s] -- Up-to-date symlink: /home/tomas-jelinek/clearpath_sim_ws/install/clearpath_platform_description/share/clearpath_platform_description/launch/description.launch.py
[1.083s] -- Up-to-date symlink: /home/tomas-jelinek/clearpath_sim_ws/install/clearpath_platform_description/share/clearpath_platform_description/meshes/a200/accessories/lidar_mount.stl
[1.083s] -- Up-to-date symlink: /home/tomas-jelinek/clearpath_sim_ws/install/clearpath_platform_description/share/clearpath_platform_description/meshes/a200/accessories/lms1xx_mount.dae
[1.083s] -- Up-to-date symlink: /home/tomas-jelinek/clearpath_sim_ws/install/clearpath_platform_description/share/clearpath_platform_description/meshes/a200/accessories/lms1xx_mount.stl
[1.084s] -- Up-to-date symlink: /home/tomas-jelinek/clearpath_sim_ws/install/clearpath_platform_description/share/clearpath_platform_description/meshes/a200/attachments/300_mm_sensor_arch.dae
[1.084s] -- Up-to-date symlink: /home/tomas-jelinek/clearpath_sim_ws/install/clearpath_platform_description/share/clearpath_platform_description/meshes/a200/attachments/300_mm_sensor_arch.stl
[1.084s] -- Up-to-date symlink: /home/tomas-jelinek/clearpath_sim_ws/install/clearpath_platform_description/share/clearpath_platform_description/meshes/a200/attachments/510_mm_sensor_arch.dae
[1.084s] -- Up-to-date symlink: /home/tomas-jelinek/clearpath_sim_ws/install/clearpath_platform_description/share/clearpath_platform_description/meshes/a200/attachments/510_mm_sensor_arch.stl
[1.084s] -- Up-to-date symlink: /home/tomas-jelinek/clearpath_sim_ws/install/clearpath_platform_description/share/clearpath_platform_description/meshes/a200/attachments/bumper.dae
[1.084s] -- Up-to-date symlink: /home/tomas-jelinek/clearpath_sim_ws/install/clearpath_platform_description/share/clearpath_platform_description/meshes/a200/attachments/bumper2.dae
[1.084s] -- Up-to-date symlink: /home/tomas-jelinek/clearpath_sim_ws/install/clearpath_platform_description/share/clearpath_platform_description/meshes/a200/attachments/bumper3.dae
[1.095s] -- Up-to-date symlink: /home/tomas-jelinek/clearpath_sim_ws/install/clearpath_platform_description/share/clearpath_platform_description/meshes/a200/attachments/bumper_extension.dae
[1.095s] -- Up-to-date symlink: /home/tomas-jelinek/clearpath_sim_ws/install/clearpath_platform_description/share/clearpath_platform_description/meshes/a200/attachments/large_top_plate.dae
[1.095s] -- Up-to-date symlink: /home/tomas-jelinek/clearpath_sim_ws/install/clearpath_platform_description/share/clearpath_platform_description/meshes/a200/attachments/large_top_plate_collision.stl
[1.106s] -- Up-to-date symlink: /home/tomas-jelinek/clearpath_sim_ws/install/clearpath_platform_description/share/clearpath_platform_description/meshes/a200/attachments/pacs_top_plate.stl
[1.108s] -- Up-to-date symlink: /home/tomas-jelinek/clearpath_sim_ws/install/clearpath_platform_description/share/clearpath_platform_description/meshes/a200/attachments/top_plate.dae
[1.109s] -- Up-to-date symlink: /home/tomas-jelinek/clearpath_sim_ws/install/clearpath_platform_description/share/clearpath_platform_description/meshes/a200/attachments/top_plate.stl
[1.109s] -- Up-to-date symlink: /home/tomas-jelinek/clearpath_sim_ws/install/clearpath_platform_description/share/clearpath_platform_description/meshes/a200/attachments/user_rail.dae
[1.110s] -- Up-to-date symlink: /home/tomas-jelinek/clearpath_sim_ws/install/clearpath_platform_description/share/clearpath_platform_description/meshes/a200/attachments/user_rail.stl
[1.117s] -- Up-to-date symlink: /home/tomas-jelinek/clearpath_sim_ws/install/clearpath_platform_description/share/clearpath_platform_description/meshes/a200/base_link.dae
[1.117s] -- Up-to-date symlink: /home/tomas-jelinek/clearpath_sim_ws/install/clearpath_platform_description/share/clearpath_platform_description/meshes/a200/base_link.stl
[1.117s] -- Up-to-date symlink: /home/tomas-jelinek/clearpath_sim_ws/install/clearpath_platform_description/share/clearpath_platform_description/meshes/a200/top_chassis.dae
[1.118s] -- Up-to-date symlink: /home/tomas-jelinek/clearpath_sim_ws/install/clearpath_platform_description/share/clearpath_platform_description/meshes/a200/top_chassis.stl
[1.118s] -- Up-to-date symlink: /home/tomas-jelinek/clearpath_sim_ws/install/clearpath_platform_description/share/clearpath_platform_description/meshes/a200/wheel.dae
[1.118s] -- Up-to-date symlink: /home/tomas-jelinek/clearpath_sim_ws/install/clearpath_platform_description/share/clearpath_platform_description/meshes/a200/wheel.stl
[1.118s] -- Up-to-date symlink: /home/tomas-jelinek/clearpath_sim_ws/install/clearpath_platform_description/share/clearpath_platform_description/meshes/dd100/attachments/pacs_top_plate.stl
[1.119s] -- Up-to-date symlink: /home/tomas-jelinek/clearpath_sim_ws/install/clearpath_platform_description/share/clearpath_platform_description/meshes/dd100/chassis.dae
[1.119s] -- Up-to-date symlink: /home/tomas-jelinek/clearpath_sim_ws/install/clearpath_platform_description/share/clearpath_platform_description/meshes/dd100/chassis_collision.stl
[1.119s] -- Up-to-date symlink: /home/tomas-jelinek/clearpath_sim_ws/install/clearpath_platform_description/share/clearpath_platform_description/meshes/dd100/wheel.stl
[1.119s] -- Up-to-date symlink: /home/tomas-jelinek/clearpath_sim_ws/install/clearpath_platform_description/share/clearpath_platform_description/meshes/do100/mecanum_wheel.dae
[1.119s] -- Up-to-date symlink: /home/tomas-jelinek/clearpath_sim_ws/install/clearpath_platform_description/share/clearpath_platform_description/meshes/do100/old_mecanum_wheel.dae
[1.119s] -- Up-to-date symlink: /home/tomas-jelinek/clearpath_sim_ws/install/clearpath_platform_description/share/clearpath_platform_description/meshes/do100/omni_chassis.dae
[1.120s] -- Up-to-date symlink: /home/tomas-jelinek/clearpath_sim_ws/install/clearpath_platform_description/share/clearpath_platform_description/meshes/do100/omni_chassis_collision.stl
[1.121s] -- Up-to-date symlink: /home/tomas-jelinek/clearpath_sim_ws/install/clearpath_platform_description/share/clearpath_platform_description/meshes/j100/attachments/ark_enclosure.stl
[1.122s] -- Up-to-date symlink: /home/tomas-jelinek/clearpath_sim_ws/install/clearpath_platform_description/share/clearpath_platform_description/meshes/j100/attachments/default_fender.stl
[1.126s] -- Up-to-date symlink: /home/tomas-jelinek/clearpath_sim_ws/install/clearpath_platform_description/share/clearpath_platform_description/meshes/j100/attachments/sensor_fender.stl
[1.127s] -- Up-to-date symlink: /home/tomas-jelinek/clearpath_sim_ws/install/clearpath_platform_description/share/clearpath_platform_description/meshes/j100/bridge_plate.stl
[1.127s] -- Up-to-date symlink: /home/tomas-jelinek/clearpath_sim_ws/install/clearpath_platform_description/share/clearpath_platform_description/meshes/j100/camera_beam.stl
[1.127s] -- Up-to-date symlink: /home/tomas-jelinek/clearpath_sim_ws/install/clearpath_platform_description/share/clearpath_platform_description/meshes/j100/camera_bracket.stl
[1.127s] -- Up-to-date symlink: /home/tomas-jelinek/clearpath_sim_ws/install/clearpath_platform_description/share/clearpath_platform_description/meshes/j100/j100_base.stl
[1.127s] -- Up-to-date symlink: /home/tomas-jelinek/clearpath_sim_ws/install/clearpath_platform_description/share/clearpath_platform_description/meshes/j100/j100_wheel.stl
[1.127s] -- Up-to-date symlink: /home/tomas-jelinek/clearpath_sim_ws/install/clearpath_platform_description/share/clearpath_platform_description/meshes/j100/kinect_mount.stl
[1.128s] -- Up-to-date symlink: /home/tomas-jelinek/clearpath_sim_ws/install/clearpath_platform_description/share/clearpath_platform_description/meshes/j100/sick_lms1xx_inverted_bracket.stl
[1.128s] -- Up-to-date symlink: /home/tomas-jelinek/clearpath_sim_ws/install/clearpath_platform_description/share/clearpath_platform_description/meshes/j100/sick_lms1xx_upright_bracket.stl
[1.128s] -- Up-to-date symlink: /home/tomas-jelinek/clearpath_sim_ws/install/clearpath_platform_description/share/clearpath_platform_description/meshes/j100/stereo_camera_beam.stl
[1.131s] -- Up-to-date symlink: /home/tomas-jelinek/clearpath_sim_ws/install/clearpath_platform_description/share/clearpath_platform_description/meshes/j100/stereo_camera_bracket.stl
[1.131s] -- Up-to-date symlink: /home/tomas-jelinek/clearpath_sim_ws/install/clearpath_platform_description/share/clearpath_platform_description/meshes/j100/velodyne_tower.stl
[1.132s] -- Up-to-date symlink: /home/tomas-jelinek/clearpath_sim_ws/install/clearpath_platform_description/share/clearpath_platform_description/meshes/j100/wibotic_bumper.stl
[1.132s] -- Up-to-date symlink: /home/tomas-jelinek/clearpath_sim_ws/install/clearpath_platform_description/share/clearpath_platform_description/meshes/r100/attachments/hams_mount.stl
[1.132s] -- Up-to-date symlink: /home/tomas-jelinek/clearpath_sim_ws/install/clearpath_platform_description/share/clearpath_platform_description/meshes/r100/attachments/hams_top.stl
[1.132s] -- Up-to-date symlink: /home/tomas-jelinek/clearpath_sim_ws/install/clearpath_platform_description/share/clearpath_platform_description/meshes/r100/attachments/leg.stl
[1.149s] -- Up-to-date symlink: /home/tomas-jelinek/clearpath_sim_ws/install/clearpath_platform_description/share/clearpath_platform_description/meshes/r100/attachments/tower_body.stl
[1.150s] -- Up-to-date symlink: /home/tomas-jelinek/clearpath_sim_ws/install/clearpath_platform_description/share/clearpath_platform_description/meshes/r100/attachments/tower_body_collision.stl
[1.150s] -- Up-to-date symlink: /home/tomas-jelinek/clearpath_sim_ws/install/clearpath_platform_description/share/clearpath_platform_description/meshes/r100/attachments/tower_shoulder.stl
[1.150s] -- Up-to-date symlink: /home/tomas-jelinek/clearpath_sim_ws/install/clearpath_platform_description/share/clearpath_platform_description/meshes/r100/attachments/tower_shoulder_collision.stl
[1.150s] -- Up-to-date symlink: /home/tomas-jelinek/clearpath_sim_ws/install/clearpath_platform_description/share/clearpath_platform_description/meshes/r100/axle.stl
[1.150s] -- Up-to-date symlink: /home/tomas-jelinek/clearpath_sim_ws/install/clearpath_platform_description/share/clearpath_platform_description/meshes/r100/body-collision.stl
[1.150s] -- Up-to-date symlink: /home/tomas-jelinek/clearpath_sim_ws/install/clearpath_platform_description/share/clearpath_platform_description/meshes/r100/body.stl
[1.151s] -- Up-to-date symlink: /home/tomas-jelinek/clearpath_sim_ws/install/clearpath_platform_description/share/clearpath_platform_description/meshes/r100/end-cover.stl
[1.151s] -- Up-to-date symlink: /home/tomas-jelinek/clearpath_sim_ws/install/clearpath_platform_description/share/clearpath_platform_description/meshes/r100/lights.stl
[1.151s] -- Up-to-date symlink: /home/tomas-jelinek/clearpath_sim_ws/install/clearpath_platform_description/share/clearpath_platform_description/meshes/r100/rocker.stl
[1.151s] -- Up-to-date symlink: /home/tomas-jelinek/clearpath_sim_ws/install/clearpath_platform_description/share/clearpath_platform_description/meshes/r100/side-cover.stl
[1.160s] -- Up-to-date symlink: /home/tomas-jelinek/clearpath_sim_ws/install/clearpath_platform_description/share/clearpath_platform_description/meshes/r100/top.stl
[1.167s] -- Up-to-date symlink: /home/tomas-jelinek/clearpath_sim_ws/install/clearpath_platform_description/share/clearpath_platform_description/meshes/r100/wheel.stl
[1.168s] -- Up-to-date symlink: /home/tomas-jelinek/clearpath_sim_ws/install/clearpath_platform_description/share/clearpath_platform_description/meshes/w200/arm-mount-plate.stl
[1.168s] -- Up-to-date symlink: /home/tomas-jelinek/clearpath_sim_ws/install/clearpath_platform_description/share/clearpath_platform_description/meshes/w200/bulkhead-collision.stl
[1.169s] -- Up-to-date symlink: /home/tomas-jelinek/clearpath_sim_ws/install/clearpath_platform_description/share/clearpath_platform_description/meshes/w200/bulkhead.stl
[1.169s] -- Up-to-date symlink: /home/tomas-jelinek/clearpath_sim_ws/install/clearpath_platform_description/share/clearpath_platform_description/meshes/w200/chassis-collision.stl
[1.169s] -- Up-to-date symlink: /home/tomas-jelinek/clearpath_sim_ws/install/clearpath_platform_description/share/clearpath_platform_description/meshes/w200/chassis.stl
[1.177s] -- Up-to-date symlink: /home/tomas-jelinek/clearpath_sim_ws/install/clearpath_platform_description/share/clearpath_platform_description/meshes/w200/diff-link.stl
[1.177s] -- Up-to-date symlink: /home/tomas-jelinek/clearpath_sim_ws/install/clearpath_platform_description/share/clearpath_platform_description/meshes/w200/e-stop.stl
[1.177s] -- Up-to-date symlink: /home/tomas-jelinek/clearpath_sim_ws/install/clearpath_platform_description/share/clearpath_platform_description/meshes/w200/fenders.stl
[1.177s] -- Up-to-date symlink: /home/tomas-jelinek/clearpath_sim_ws/install/clearpath_platform_description/share/clearpath_platform_description/meshes/w200/generator.stl
[1.178s] -- Up-to-date symlink: /home/tomas-jelinek/clearpath_sim_ws/install/clearpath_platform_description/share/clearpath_platform_description/meshes/w200/light.stl
[1.178s] -- Up-to-date symlink: /home/tomas-jelinek/clearpath_sim_ws/install/clearpath_platform_description/share/clearpath_platform_description/meshes/w200/rocker.stl
[1.178s] -- Up-to-date symlink: /home/tomas-jelinek/clearpath_sim_ws/install/clearpath_platform_description/share/clearpath_platform_description/meshes/w200/susp-link.stl
[1.178s] -- Up-to-date symlink: /home/tomas-jelinek/clearpath_sim_ws/install/clearpath_platform_description/share/clearpath_platform_description/meshes/w200/tracks.dae
[1.178s] -- Up-to-date symlink: /home/tomas-jelinek/clearpath_sim_ws/install/clearpath_platform_description/share/clearpath_platform_description/meshes/w200/tracks_collision.stl
[1.178s] -- Up-to-date symlink: /home/tomas-jelinek/clearpath_sim_ws/install/clearpath_platform_description/share/clearpath_platform_description/meshes/w200/wheel.stl
[1.202s] -- Up-to-date symlink: /home/tomas-jelinek/clearpath_sim_ws/install/clearpath_platform_description/share/clearpath_platform_description/urdf/a200/a200.urdf.xacro
[1.202s] -- Up-to-date symlink: /home/tomas-jelinek/clearpath_sim_ws/install/clearpath_platform_description/share/clearpath_platform_description/urdf/a200/attachments/bumper.urdf.xacro
[1.202s] -- Up-to-date symlink: /home/tomas-jelinek/clearpath_sim_ws/install/clearpath_platform_description/share/clearpath_platform_description/urdf/a200/attachments/sensor_arch.urdf.xacro
[1.202s] -- Up-to-date symlink: /home/tomas-jelinek/clearpath_sim_ws/install/clearpath_platform_description/share/clearpath_platform_description/urdf/a200/attachments/top_plate.urdf.xacro
[1.202s] -- Up-to-date symlink: /home/tomas-jelinek/clearpath_sim_ws/install/clearpath_platform_description/share/clearpath_platform_description/urdf/a200/wheels/wheel.urdf.xacro
[1.203s] -- Up-to-date symlink: /home/tomas-jelinek/clearpath_sim_ws/install/clearpath_platform_description/share/clearpath_platform_description/urdf/common.urdf.xacro
[1.203s] -- Up-to-date symlink: /home/tomas-jelinek/clearpath_sim_ws/install/clearpath_platform_description/share/clearpath_platform_description/urdf/dd100/attachments/top_plate.urdf.xacro
[1.203s] -- Up-to-date symlink: /home/tomas-jelinek/clearpath_sim_ws/install/clearpath_platform_description/share/clearpath_platform_description/urdf/dd100/dd100.urdf.xacro
[1.203s] -- Up-to-date symlink: /home/tomas-jelinek/clearpath_sim_ws/install/clearpath_platform_description/share/clearpath_platform_description/urdf/dd100/wheels/wheel.urdf.xacro
[1.206s] -- Up-to-date symlink: /home/tomas-jelinek/clearpath_sim_ws/install/clearpath_platform_description/share/clearpath_platform_description/urdf/dd150/attachments/top_plate.urdf.xacro
[1.206s] -- Up-to-date symlink: /home/tomas-jelinek/clearpath_sim_ws/install/clearpath_platform_description/share/clearpath_platform_description/urdf/dd150/dd150.urdf.xacro
[1.206s] -- Up-to-date symlink: /home/tomas-jelinek/clearpath_sim_ws/install/clearpath_platform_description/share/clearpath_platform_description/urdf/dd150/wheels/wheel.urdf.xacro
[1.206s] -- Up-to-date symlink: /home/tomas-jelinek/clearpath_sim_ws/install/clearpath_platform_description/share/clearpath_platform_description/urdf/do100/attachments/top_plate.urdf.xacro
[1.206s] -- Up-to-date symlink: /home/tomas-jelinek/clearpath_sim_ws/install/clearpath_platform_description/share/clearpath_platform_description/urdf/do100/do100.urdf.xacro
[1.206s] -- Up-to-date symlink: /home/tomas-jelinek/clearpath_sim_ws/install/clearpath_platform_description/share/clearpath_platform_description/urdf/do100/wheels/wheel.urdf.xacro
[1.207s] -- Up-to-date symlink: /home/tomas-jelinek/clearpath_sim_ws/install/clearpath_platform_description/share/clearpath_platform_description/urdf/do150/attachments/top_plate.urdf.xacro
[1.207s] -- Up-to-date symlink: /home/tomas-jelinek/clearpath_sim_ws/install/clearpath_platform_description/share/clearpath_platform_description/urdf/do150/do150.urdf.xacro
[1.207s] -- Up-to-date symlink: /home/tomas-jelinek/clearpath_sim_ws/install/clearpath_platform_description/share/clearpath_platform_description/urdf/generic/gazebo.urdf.xacro
[1.207s] -- Up-to-date symlink: /home/tomas-jelinek/clearpath_sim_ws/install/clearpath_platform_description/share/clearpath_platform_description/urdf/j100/attachments/fender.urdf.xacro
[1.207s] -- Up-to-date symlink: /home/tomas-jelinek/clearpath_sim_ws/install/clearpath_platform_description/share/clearpath_platform_description/urdf/j100/attachments/top_plate.urdf.xacro
[1.207s] -- Up-to-date symlink: /home/tomas-jelinek/clearpath_sim_ws/install/clearpath_platform_description/share/clearpath_platform_description/urdf/j100/j100.urdf.xacro
[1.212s] -- Up-to-date symlink: /home/tomas-jelinek/clearpath_sim_ws/install/clearpath_platform_description/share/clearpath_platform_description/urdf/j100/wheels/wheel.urdf.xacro
[1.214s] -- Up-to-date symlink: /home/tomas-jelinek/clearpath_sim_ws/install/clearpath_platform_description/share/clearpath_platform_description/urdf/links/box.urdf.xacro
[1.214s] -- Up-to-date symlink: /home/tomas-jelinek/clearpath_sim_ws/install/clearpath_platform_description/share/clearpath_platform_description/urdf/links/cylinder.urdf.xacro
[1.214s] -- Up-to-date symlink: /home/tomas-jelinek/clearpath_sim_ws/install/clearpath_platform_description/share/clearpath_platform_description/urdf/links/frame.urdf.xacro
[1.214s] -- Up-to-date symlink: /home/tomas-jelinek/clearpath_sim_ws/install/clearpath_platform_description/share/clearpath_platform_description/urdf/links/mesh.urdf.xacro
[1.215s] -- Up-to-date symlink: /home/tomas-jelinek/clearpath_sim_ws/install/clearpath_platform_description/share/clearpath_platform_description/urdf/links/sphere.urdf.xacro
[1.215s] -- Up-to-date symlink: /home/tomas-jelinek/clearpath_sim_ws/install/clearpath_platform_description/share/clearpath_platform_description/urdf/r100/attachments/fams.urdf.xacro
[1.215s] -- Up-to-date symlink: /home/tomas-jelinek/clearpath_sim_ws/install/clearpath_platform_description/share/clearpath_platform_description/urdf/r100/attachments/hams.urdf.xacro
[1.215s] -- Up-to-date symlink: /home/tomas-jelinek/clearpath_sim_ws/install/clearpath_platform_description/share/clearpath_platform_description/urdf/r100/attachments/legs.urdf.xacro
[1.219s] -- Up-to-date symlink: /home/tomas-jelinek/clearpath_sim_ws/install/clearpath_platform_description/share/clearpath_platform_description/urdf/r100/attachments/tower.urdf.xacro
[1.219s] -- Up-to-date symlink: /home/tomas-jelinek/clearpath_sim_ws/install/clearpath_platform_description/share/clearpath_platform_description/urdf/r100/r100.urdf.xacro
[1.220s] -- Up-to-date symlink: /home/tomas-jelinek/clearpath_sim_ws/install/clearpath_platform_description/share/clearpath_platform_description/urdf/r100/rocker.urdf.xacro
[1.220s] -- Up-to-date symlink: /home/tomas-jelinek/clearpath_sim_ws/install/clearpath_platform_description/share/clearpath_platform_description/urdf/r100/wheels/wheel.urdf.xacro
[1.220s] -- Up-to-date symlink: /home/tomas-jelinek/clearpath_sim_ws/install/clearpath_platform_description/share/clearpath_platform_description/urdf/w200/attachments/arm_plate.urdf.xacro
[1.224s] -- Up-to-date symlink: /home/tomas-jelinek/clearpath_sim_ws/install/clearpath_platform_description/share/clearpath_platform_description/urdf/w200/attachments/bulkhead.urdf.xacro
[1.224s] -- Up-to-date symlink: /home/tomas-jelinek/clearpath_sim_ws/install/clearpath_platform_description/share/clearpath_platform_description/urdf/w200/attachments/generator.urdf.xacro
[1.225s] -- Up-to-date symlink: /home/tomas-jelinek/clearpath_sim_ws/install/clearpath_platform_description/share/clearpath_platform_description/urdf/w200/diff_unit.urdf.xacro
[1.226s] -- Up-to-date symlink: /home/tomas-jelinek/clearpath_sim_ws/install/clearpath_platform_description/share/clearpath_platform_description/urdf/w200/w200.urdf.xacro
[1.226s] -- Up-to-date symlink: /home/tomas-jelinek/clearpath_sim_ws/install/clearpath_platform_description/share/clearpath_platform_description/urdf/w200/wheels/track.urdf.xacro
[1.226s] -- Up-to-date symlink: /home/tomas-jelinek/clearpath_sim_ws/install/clearpath_platform_description/share/clearpath_platform_description/urdf/w200/wheels/wheel.urdf.xacro
[1.226s] -- Up-to-date symlink: /home/tomas-jelinek/clearpath_sim_ws/install/clearpath_platform_description/share/ament_index/resource_index/package_run_dependencies/clearpath_platform_description
[1.226s] -- Up-to-date symlink: /home/tomas-jelinek/clearpath_sim_ws/install/clearpath_platform_description/share/ament_index/resource_index/parent_prefix_path/clearpath_platform_description
[1.226s] -- Up-to-date symlink: /home/tomas-jelinek/clearpath_sim_ws/install/clearpath_platform_description/share/clearpath_platform_description/environment/ament_prefix_path.sh
[1.226s] -- Up-to-date symlink: /home/tomas-jelinek/clearpath_sim_ws/install/clearpath_platform_description/share/clearpath_platform_description/environment/ament_prefix_path.dsv
[1.227s] -- Up-to-date symlink: /home/tomas-jelinek/clearpath_sim_ws/install/clearpath_platform_description/share/clearpath_platform_description/environment/path.sh
[1.227s] -- Up-to-date symlink: /home/tomas-jelinek/clearpath_sim_ws/install/clearpath_platform_description/share/clearpath_platform_description/environment/path.dsv
[1.227s] -- Up-to-date symlink: /home/tomas-jelinek/clearpath_sim_ws/install/clearpath_platform_description/share/clearpath_platform_description/local_setup.bash
[1.227s] -- Up-to-date symlink: /home/tomas-jelinek/clearpath_sim_ws/install/clearpath_platform_description/share/clearpath_platform_description/local_setup.sh
[1.227s] -- Up-to-date symlink: /home/tomas-jelinek/clearpath_sim_ws/install/clearpath_platform_description/share/clearpath_platform_description/local_setup.zsh
[1.227s] -- Up-to-date symlink: /home/tomas-jelinek/clearpath_sim_ws/install/clearpath_platform_description/share/clearpath_platform_description/local_setup.dsv
[1.227s] -- Symlinking: /home/tomas-jelinek/clearpath_sim_ws/install/clearpath_platform_description/share/clearpath_platform_description/package.dsv
[1.242s] -- Up-to-date symlink: /home/tomas-jelinek/clearpath_sim_ws/install/clearpath_platform_description/share/ament_index/resource_index/packages/clearpath_platform_description
[1.243s] -- Up-to-date symlink: /home/tomas-jelinek/clearpath_sim_ws/install/clearpath_platform_description/share/clearpath_platform_description/cmake/clearpath_platform_descriptionConfig.cmake
[1.243s] -- Up-to-date symlink: /home/tomas-jelinek/clearpath_sim_ws/install/clearpath_platform_description/share/clearpath_platform_description/cmake/clearpath_platform_descriptionConfig-version.cmake
[1.243s] -- Up-to-date symlink: /home/tomas-jelinek/clearpath_sim_ws/install/clearpath_platform_description/share/clearpath_platform_description/package.xml
[1.247s] Invoked command in '/home/tomas-jelinek/clearpath_sim_ws/build/clearpath_platform_description' returned '0': CMAKE_PREFIX_PATH=/opt/ros/humble /usr/bin/cmake --install /home/tomas-jelinek/clearpath_sim_ws/build/clearpath_platform_description
