[0.799s] Invoking command in '/home/tomas-jelinek/clearpath_sim_ws/build/clearpath_config': PYTHONPATH=/home/tomas-jelinek/clearpath_sim_ws/build/clearpath_config/prefix_override:/usr/lib/python3/dist-packages/colcon_core/task/python/colcon_distutils_commands:/home/tomas-jelinek/clearpath_sim_ws/install/clearpath_config/lib/python3.10/site-packages:${PYTHONPATH} /usr/bin/python3 -W ignore:setup.py install is deprecated setup.py develop --uninstall --editable --build-directory /home/tomas-jelinek/clearpath_sim_ws/build/clearpath_config/build
[1.036s] running develop
[1.036s] /usr/lib/python3/dist-packages/setuptools/command/easy_install.py:158: EasyInstallDeprecationWarning: easy_install command is deprecated. Use build and pip and other standards-based tools.
[1.036s]   warnings.warn(
[1.251s] Removing /home/tomas-jelinek/clearpath_sim_ws/install/clearpath_config/lib/python3.10/site-packages/clearpath-config.egg-link (link to .)
[1.273s] Invoked command in '/home/tomas-jelinek/clearpath_sim_ws/build/clearpath_config' returned '0': PYTHONPATH=/home/tomas-jelinek/clearpath_sim_ws/build/clearpath_config/prefix_override:/usr/lib/python3/dist-packages/colcon_core/task/python/colcon_distutils_commands:/home/tomas-jelinek/clearpath_sim_ws/install/clearpath_config/lib/python3.10/site-packages:${PYTHONPATH} /usr/bin/python3 -W ignore:setup.py install is deprecated setup.py develop --uninstall --editable --build-directory /home/tomas-jelinek/clearpath_sim_ws/build/clearpath_config/build
[1.274s] Invoking command in '/home/tomas-jelinek/clearpath_sim_ws/src/clearpath_config': PYTHONPATH=/home/tomas-jelinek/clearpath_sim_ws/build/clearpath_config/prefix_override:/usr/lib/python3/dist-packages/colcon_core/task/python/colcon_distutils_commands:/home/tomas-jelinek/clearpath_sim_ws/install/clearpath_config/lib/python3.10/site-packages:${PYTHONPATH} /usr/bin/python3 -W ignore:setup.py install is deprecated setup.py egg_info --egg-base ../../build/clearpath_config build --build-base /home/tomas-jelinek/clearpath_sim_ws/build/clearpath_config/build install --record /home/tomas-jelinek/clearpath_sim_ws/build/clearpath_config/install.log --single-version-externally-managed install_data --force
[1.480s] running egg_info
[1.481s] writing ../../build/clearpath_config/clearpath_config.egg-info/PKG-INFO
[1.481s] writing dependency_links to ../../build/clearpath_config/clearpath_config.egg-info/dependency_links.txt
[1.481s] writing requirements to ../../build/clearpath_config/clearpath_config.egg-info/requires.txt
[1.481s] writing top-level names to ../../build/clearpath_config/clearpath_config.egg-info/top_level.txt
[1.482s] package init file 'clearpath_config/manipulators/types/__init__.py' not found (or not a regular file)
[1.483s] reading manifest file '../../build/clearpath_config/clearpath_config.egg-info/SOURCES.txt'
[1.484s] adding license file 'LICENSE'
[1.485s] writing manifest file '../../build/clearpath_config/clearpath_config.egg-info/SOURCES.txt'
[1.485s] running build
[1.485s] running build_py
[1.485s] creating /home/tomas-jelinek/clearpath_sim_ws/build/clearpath_config/build
[1.485s] creating /home/tomas-jelinek/clearpath_sim_ws/build/clearpath_config/build/lib
[1.485s] creating /home/tomas-jelinek/clearpath_sim_ws/build/clearpath_config/build/lib/clearpath_config
[1.485s] copying clearpath_config/clearpath_config.py -> /home/tomas-jelinek/clearpath_sim_ws/build/clearpath_config/build/lib/clearpath_config
[1.485s] copying clearpath_config/__init__.py -> /home/tomas-jelinek/clearpath_sim_ws/build/clearpath_config/build/lib/clearpath_config
[1.486s] creating /home/tomas-jelinek/clearpath_sim_ws/build/clearpath_config/build/lib/clearpath_config/common
[1.486s] copying clearpath_config/common/__init__.py -> /home/tomas-jelinek/clearpath_sim_ws/build/clearpath_config/build/lib/clearpath_config/common
[1.486s] creating /home/tomas-jelinek/clearpath_sim_ws/build/clearpath_config/build/lib/clearpath_config/common/types
[1.486s] copying clearpath_config/common/types/file.py -> /home/tomas-jelinek/clearpath_sim_ws/build/clearpath_config/build/lib/clearpath_config/common/types
[1.486s] copying clearpath_config/common/types/username.py -> /home/tomas-jelinek/clearpath_sim_ws/build/clearpath_config/build/lib/clearpath_config/common/types
[1.486s] copying clearpath_config/common/types/hostname.py -> /home/tomas-jelinek/clearpath_sim_ws/build/clearpath_config/build/lib/clearpath_config/common/types
[1.486s] copying clearpath_config/common/types/discovery.py -> /home/tomas-jelinek/clearpath_sim_ws/build/clearpath_config/build/lib/clearpath_config/common/types
[1.486s] copying clearpath_config/common/types/accessory.py -> /home/tomas-jelinek/clearpath_sim_ws/build/clearpath_config/build/lib/clearpath_config/common/types
[1.487s] copying clearpath_config/common/types/list.py -> /home/tomas-jelinek/clearpath_sim_ws/build/clearpath_config/build/lib/clearpath_config/common/types
[1.487s] copying clearpath_config/common/types/ip.py -> /home/tomas-jelinek/clearpath_sim_ws/build/clearpath_config/build/lib/clearpath_config/common/types
[1.487s] copying clearpath_config/common/types/__init__.py -> /home/tomas-jelinek/clearpath_sim_ws/build/clearpath_config/build/lib/clearpath_config/common/types
[1.487s] copying clearpath_config/common/types/package_path.py -> /home/tomas-jelinek/clearpath_sim_ws/build/clearpath_config/build/lib/clearpath_config/common/types
[1.487s] copying clearpath_config/common/types/config.py -> /home/tomas-jelinek/clearpath_sim_ws/build/clearpath_config/build/lib/clearpath_config/common/types
[1.487s] copying clearpath_config/common/types/serial_number.py -> /home/tomas-jelinek/clearpath_sim_ws/build/clearpath_config/build/lib/clearpath_config/common/types
[1.487s] copying clearpath_config/common/types/namespace.py -> /home/tomas-jelinek/clearpath_sim_ws/build/clearpath_config/build/lib/clearpath_config/common/types
[1.488s] copying clearpath_config/common/types/port.py -> /home/tomas-jelinek/clearpath_sim_ws/build/clearpath_config/build/lib/clearpath_config/common/types
[1.488s] copying clearpath_config/common/types/platform.py -> /home/tomas-jelinek/clearpath_sim_ws/build/clearpath_config/build/lib/clearpath_config/common/types
[1.488s] copying clearpath_config/common/types/rmw_implementation.py -> /home/tomas-jelinek/clearpath_sim_ws/build/clearpath_config/build/lib/clearpath_config/common/types
[1.488s] copying clearpath_config/common/types/domain_id.py -> /home/tomas-jelinek/clearpath_sim_ws/build/clearpath_config/build/lib/clearpath_config/common/types
[1.488s] creating /home/tomas-jelinek/clearpath_sim_ws/build/clearpath_config/build/lib/clearpath_config/common/utils
[1.488s] copying clearpath_config/common/utils/__init__.py -> /home/tomas-jelinek/clearpath_sim_ws/build/clearpath_config/build/lib/clearpath_config/common/utils
[1.488s] copying clearpath_config/common/utils/dictionary.py -> /home/tomas-jelinek/clearpath_sim_ws/build/clearpath_config/build/lib/clearpath_config/common/utils
[1.489s] copying clearpath_config/common/utils/yaml.py -> /home/tomas-jelinek/clearpath_sim_ws/build/clearpath_config/build/lib/clearpath_config/common/utils
[1.489s] creating /home/tomas-jelinek/clearpath_sim_ws/build/clearpath_config/build/lib/clearpath_config/links
[1.489s] copying clearpath_config/links/__init__.py -> /home/tomas-jelinek/clearpath_sim_ws/build/clearpath_config/build/lib/clearpath_config/links
[1.489s] copying clearpath_config/links/links.py -> /home/tomas-jelinek/clearpath_sim_ws/build/clearpath_config/build/lib/clearpath_config/links
[1.489s] creating /home/tomas-jelinek/clearpath_sim_ws/build/clearpath_config/build/lib/clearpath_config/links/types
[1.489s] copying clearpath_config/links/types/link.py -> /home/tomas-jelinek/clearpath_sim_ws/build/clearpath_config/build/lib/clearpath_config/links/types
[1.490s] copying clearpath_config/links/types/cylinder.py -> /home/tomas-jelinek/clearpath_sim_ws/build/clearpath_config/build/lib/clearpath_config/links/types
[1.490s] copying clearpath_config/links/types/__init__.py -> /home/tomas-jelinek/clearpath_sim_ws/build/clearpath_config/build/lib/clearpath_config/links/types
[1.490s] copying clearpath_config/links/types/mesh.py -> /home/tomas-jelinek/clearpath_sim_ws/build/clearpath_config/build/lib/clearpath_config/links/types
[1.490s] copying clearpath_config/links/types/frame.py -> /home/tomas-jelinek/clearpath_sim_ws/build/clearpath_config/build/lib/clearpath_config/links/types
[1.490s] copying clearpath_config/links/types/box.py -> /home/tomas-jelinek/clearpath_sim_ws/build/clearpath_config/build/lib/clearpath_config/links/types
[1.490s] copying clearpath_config/links/types/sphere.py -> /home/tomas-jelinek/clearpath_sim_ws/build/clearpath_config/build/lib/clearpath_config/links/types
[1.490s] creating /home/tomas-jelinek/clearpath_sim_ws/build/clearpath_config/build/lib/clearpath_config/manipulators
[1.491s] copying clearpath_config/manipulators/__init__.py -> /home/tomas-jelinek/clearpath_sim_ws/build/clearpath_config/build/lib/clearpath_config/manipulators
[1.491s] copying clearpath_config/manipulators/manipulators.py -> /home/tomas-jelinek/clearpath_sim_ws/build/clearpath_config/build/lib/clearpath_config/manipulators
[1.491s] creating /home/tomas-jelinek/clearpath_sim_ws/build/clearpath_config/build/lib/clearpath_config/manipulators/types
[1.491s] copying clearpath_config/manipulators/types/manipulator.py -> /home/tomas-jelinek/clearpath_sim_ws/build/clearpath_config/build/lib/clearpath_config/manipulators/types
[1.491s] copying clearpath_config/manipulators/types/grippers.py -> /home/tomas-jelinek/clearpath_sim_ws/build/clearpath_config/build/lib/clearpath_config/manipulators/types
[1.491s] copying clearpath_config/manipulators/types/arms.py -> /home/tomas-jelinek/clearpath_sim_ws/build/clearpath_config/build/lib/clearpath_config/manipulators/types
[1.491s] creating /home/tomas-jelinek/clearpath_sim_ws/build/clearpath_config/build/lib/clearpath_config/mounts
[1.491s] copying clearpath_config/mounts/__init__.py -> /home/tomas-jelinek/clearpath_sim_ws/build/clearpath_config/build/lib/clearpath_config/mounts
[1.491s] copying clearpath_config/mounts/mounts.py -> /home/tomas-jelinek/clearpath_sim_ws/build/clearpath_config/build/lib/clearpath_config/mounts
[1.492s] creating /home/tomas-jelinek/clearpath_sim_ws/build/clearpath_config/build/lib/clearpath_config/mounts/types
[1.492s] copying clearpath_config/mounts/types/sick.py -> /home/tomas-jelinek/clearpath_sim_ws/build/clearpath_config/build/lib/clearpath_config/mounts/types
[1.492s] copying clearpath_config/mounts/types/fath_pivot.py -> /home/tomas-jelinek/clearpath_sim_ws/build/clearpath_config/build/lib/clearpath_config/mounts/types
[1.492s] copying clearpath_config/mounts/types/pacs.py -> /home/tomas-jelinek/clearpath_sim_ws/build/clearpath_config/build/lib/clearpath_config/mounts/types
[1.492s] copying clearpath_config/mounts/types/flir_ptu.py -> /home/tomas-jelinek/clearpath_sim_ws/build/clearpath_config/build/lib/clearpath_config/mounts/types
[1.492s] copying clearpath_config/mounts/types/post.py -> /home/tomas-jelinek/clearpath_sim_ws/build/clearpath_config/build/lib/clearpath_config/mounts/types
[1.493s] copying clearpath_config/mounts/types/__init__.py -> /home/tomas-jelinek/clearpath_sim_ws/build/clearpath_config/build/lib/clearpath_config/mounts/types
[1.493s] copying clearpath_config/mounts/types/mount.py -> /home/tomas-jelinek/clearpath_sim_ws/build/clearpath_config/build/lib/clearpath_config/mounts/types
[1.493s] copying clearpath_config/mounts/types/disk.py -> /home/tomas-jelinek/clearpath_sim_ws/build/clearpath_config/build/lib/clearpath_config/mounts/types
[1.493s] creating /home/tomas-jelinek/clearpath_sim_ws/build/clearpath_config/build/lib/clearpath_config/platform
[1.493s] copying clearpath_config/platform/battery.py -> /home/tomas-jelinek/clearpath_sim_ws/build/clearpath_config/build/lib/clearpath_config/platform
[1.493s] copying clearpath_config/platform/__init__.py -> /home/tomas-jelinek/clearpath_sim_ws/build/clearpath_config/build/lib/clearpath_config/platform
[1.493s] copying clearpath_config/platform/extras.py -> /home/tomas-jelinek/clearpath_sim_ws/build/clearpath_config/build/lib/clearpath_config/platform
[1.494s] copying clearpath_config/platform/platform.py -> /home/tomas-jelinek/clearpath_sim_ws/build/clearpath_config/build/lib/clearpath_config/platform
[1.494s] creating /home/tomas-jelinek/clearpath_sim_ws/build/clearpath_config/build/lib/clearpath_config/platform/attachments
[1.494s] copying clearpath_config/platform/attachments/dd150.py -> /home/tomas-jelinek/clearpath_sim_ws/build/clearpath_config/build/lib/clearpath_config/platform/attachments
[1.494s] copying clearpath_config/platform/attachments/do150.py -> /home/tomas-jelinek/clearpath_sim_ws/build/clearpath_config/build/lib/clearpath_config/platform/attachments
[1.494s] copying clearpath_config/platform/attachments/w200.py -> /home/tomas-jelinek/clearpath_sim_ws/build/clearpath_config/build/lib/clearpath_config/platform/attachments
[1.494s] copying clearpath_config/platform/attachments/a200.py -> /home/tomas-jelinek/clearpath_sim_ws/build/clearpath_config/build/lib/clearpath_config/platform/attachments
[1.494s] copying clearpath_config/platform/attachments/__init__.py -> /home/tomas-jelinek/clearpath_sim_ws/build/clearpath_config/build/lib/clearpath_config/platform/attachments
[1.495s] copying clearpath_config/platform/attachments/dd100.py -> /home/tomas-jelinek/clearpath_sim_ws/build/clearpath_config/build/lib/clearpath_config/platform/attachments
[1.495s] copying clearpath_config/platform/attachments/config.py -> /home/tomas-jelinek/clearpath_sim_ws/build/clearpath_config/build/lib/clearpath_config/platform/attachments
[1.495s] copying clearpath_config/platform/attachments/do100.py -> /home/tomas-jelinek/clearpath_sim_ws/build/clearpath_config/build/lib/clearpath_config/platform/attachments
[1.495s] copying clearpath_config/platform/attachments/mux.py -> /home/tomas-jelinek/clearpath_sim_ws/build/clearpath_config/build/lib/clearpath_config/platform/attachments
[1.495s] copying clearpath_config/platform/attachments/j100.py -> /home/tomas-jelinek/clearpath_sim_ws/build/clearpath_config/build/lib/clearpath_config/platform/attachments
[1.495s] copying clearpath_config/platform/attachments/generic.py -> /home/tomas-jelinek/clearpath_sim_ws/build/clearpath_config/build/lib/clearpath_config/platform/attachments
[1.496s] copying clearpath_config/platform/attachments/r100.py -> /home/tomas-jelinek/clearpath_sim_ws/build/clearpath_config/build/lib/clearpath_config/platform/attachments
[1.496s] creating /home/tomas-jelinek/clearpath_sim_ws/build/clearpath_config/build/lib/clearpath_config/platform/types
[1.496s] copying clearpath_config/platform/types/bumper.py -> /home/tomas-jelinek/clearpath_sim_ws/build/clearpath_config/build/lib/clearpath_config/platform/types
[1.496s] copying clearpath_config/platform/types/__init__.py -> /home/tomas-jelinek/clearpath_sim_ws/build/clearpath_config/build/lib/clearpath_config/platform/types
[1.496s] copying clearpath_config/platform/types/attachment.py -> /home/tomas-jelinek/clearpath_sim_ws/build/clearpath_config/build/lib/clearpath_config/platform/types
[1.496s] creating /home/tomas-jelinek/clearpath_sim_ws/build/clearpath_config/build/lib/clearpath_config/sensors
[1.496s] copying clearpath_config/sensors/__init__.py -> /home/tomas-jelinek/clearpath_sim_ws/build/clearpath_config/build/lib/clearpath_config/sensors
[1.496s] copying clearpath_config/sensors/sensors.py -> /home/tomas-jelinek/clearpath_sim_ws/build/clearpath_config/build/lib/clearpath_config/sensors
[1.497s] creating /home/tomas-jelinek/clearpath_sim_ws/build/clearpath_config/build/lib/clearpath_config/sensors/types
[1.497s] copying clearpath_config/sensors/types/cameras.py -> /home/tomas-jelinek/clearpath_sim_ws/build/clearpath_config/build/lib/clearpath_config/sensors/types
[1.497s] copying clearpath_config/sensors/types/sensor.py -> /home/tomas-jelinek/clearpath_sim_ws/build/clearpath_config/build/lib/clearpath_config/sensors/types
[1.497s] copying clearpath_config/sensors/types/imu.py -> /home/tomas-jelinek/clearpath_sim_ws/build/clearpath_config/build/lib/clearpath_config/sensors/types
[1.498s] copying clearpath_config/sensors/types/gps.py -> /home/tomas-jelinek/clearpath_sim_ws/build/clearpath_config/build/lib/clearpath_config/sensors/types
[1.498s] copying clearpath_config/sensors/types/__init__.py -> /home/tomas-jelinek/clearpath_sim_ws/build/clearpath_config/build/lib/clearpath_config/sensors/types
[1.498s] copying clearpath_config/sensors/types/lidars_2d.py -> /home/tomas-jelinek/clearpath_sim_ws/build/clearpath_config/build/lib/clearpath_config/sensors/types
[1.498s] copying clearpath_config/sensors/types/lidars_3d.py -> /home/tomas-jelinek/clearpath_sim_ws/build/clearpath_config/build/lib/clearpath_config/sensors/types
[1.498s] creating /home/tomas-jelinek/clearpath_sim_ws/build/clearpath_config/build/lib/clearpath_config/system
[1.498s] copying clearpath_config/system/system.py -> /home/tomas-jelinek/clearpath_sim_ws/build/clearpath_config/build/lib/clearpath_config/system
[1.498s] copying clearpath_config/system/hosts.py -> /home/tomas-jelinek/clearpath_sim_ws/build/clearpath_config/build/lib/clearpath_config/system
[1.499s] copying clearpath_config/system/__init__.py -> /home/tomas-jelinek/clearpath_sim_ws/build/clearpath_config/build/lib/clearpath_config/system
[1.499s] copying clearpath_config/system/middleware.py -> /home/tomas-jelinek/clearpath_sim_ws/build/clearpath_config/build/lib/clearpath_config/system
[1.499s] copying clearpath_config/system/servers.py -> /home/tomas-jelinek/clearpath_sim_ws/build/clearpath_config/build/lib/clearpath_config/system
[1.500s] running install
[1.500s] running install_lib
[1.501s] creating /home/tomas-jelinek/clearpath_sim_ws/install/clearpath_config/lib/python3.10/site-packages/clearpath_config
[1.501s] creating /home/tomas-jelinek/clearpath_sim_ws/install/clearpath_config/lib/python3.10/site-packages/clearpath_config/links
[1.501s] copying /home/tomas-jelinek/clearpath_sim_ws/build/clearpath_config/build/lib/clearpath_config/links/__init__.py -> /home/tomas-jelinek/clearpath_sim_ws/install/clearpath_config/lib/python3.10/site-packages/clearpath_config/links
[1.501s] copying /home/tomas-jelinek/clearpath_sim_ws/build/clearpath_config/build/lib/clearpath_config/links/links.py -> /home/tomas-jelinek/clearpath_sim_ws/install/clearpath_config/lib/python3.10/site-packages/clearpath_config/links
[1.501s] creating /home/tomas-jelinek/clearpath_sim_ws/install/clearpath_config/lib/python3.10/site-packages/clearpath_config/links/types
[1.501s] copying /home/tomas-jelinek/clearpath_sim_ws/build/clearpath_config/build/lib/clearpath_config/links/types/link.py -> /home/tomas-jelinek/clearpath_sim_ws/install/clearpath_config/lib/python3.10/site-packages/clearpath_config/links/types
[1.501s] copying /home/tomas-jelinek/clearpath_sim_ws/build/clearpath_config/build/lib/clearpath_config/links/types/cylinder.py -> /home/tomas-jelinek/clearpath_sim_ws/install/clearpath_config/lib/python3.10/site-packages/clearpath_config/links/types
[1.501s] copying /home/tomas-jelinek/clearpath_sim_ws/build/clearpath_config/build/lib/clearpath_config/links/types/__init__.py -> /home/tomas-jelinek/clearpath_sim_ws/install/clearpath_config/lib/python3.10/site-packages/clearpath_config/links/types
[1.501s] copying /home/tomas-jelinek/clearpath_sim_ws/build/clearpath_config/build/lib/clearpath_config/links/types/mesh.py -> /home/tomas-jelinek/clearpath_sim_ws/install/clearpath_config/lib/python3.10/site-packages/clearpath_config/links/types
[1.502s] copying /home/tomas-jelinek/clearpath_sim_ws/build/clearpath_config/build/lib/clearpath_config/links/types/frame.py -> /home/tomas-jelinek/clearpath_sim_ws/install/clearpath_config/lib/python3.10/site-packages/clearpath_config/links/types
[1.502s] copying /home/tomas-jelinek/clearpath_sim_ws/build/clearpath_config/build/lib/clearpath_config/links/types/box.py -> /home/tomas-jelinek/clearpath_sim_ws/install/clearpath_config/lib/python3.10/site-packages/clearpath_config/links/types
[1.502s] copying /home/tomas-jelinek/clearpath_sim_ws/build/clearpath_config/build/lib/clearpath_config/links/types/sphere.py -> /home/tomas-jelinek/clearpath_sim_ws/install/clearpath_config/lib/python3.10/site-packages/clearpath_config/links/types
[1.502s] creating /home/tomas-jelinek/clearpath_sim_ws/install/clearpath_config/lib/python3.10/site-packages/clearpath_config/manipulators
[1.502s] copying /home/tomas-jelinek/clearpath_sim_ws/build/clearpath_config/build/lib/clearpath_config/manipulators/__init__.py -> /home/tomas-jelinek/clearpath_sim_ws/install/clearpath_config/lib/python3.10/site-packages/clearpath_config/manipulators
[1.502s] creating /home/tomas-jelinek/clearpath_sim_ws/install/clearpath_config/lib/python3.10/site-packages/clearpath_config/manipulators/types
[1.502s] copying /home/tomas-jelinek/clearpath_sim_ws/build/clearpath_config/build/lib/clearpath_config/manipulators/types/manipulator.py -> /home/tomas-jelinek/clearpath_sim_ws/install/clearpath_config/lib/python3.10/site-packages/clearpath_config/manipulators/types
[1.502s] copying /home/tomas-jelinek/clearpath_sim_ws/build/clearpath_config/build/lib/clearpath_config/manipulators/types/grippers.py -> /home/tomas-jelinek/clearpath_sim_ws/install/clearpath_config/lib/python3.10/site-packages/clearpath_config/manipulators/types
[1.502s] copying /home/tomas-jelinek/clearpath_sim_ws/build/clearpath_config/build/lib/clearpath_config/manipulators/types/arms.py -> /home/tomas-jelinek/clearpath_sim_ws/install/clearpath_config/lib/python3.10/site-packages/clearpath_config/manipulators/types
[1.502s] copying /home/tomas-jelinek/clearpath_sim_ws/build/clearpath_config/build/lib/clearpath_config/manipulators/manipulators.py -> /home/tomas-jelinek/clearpath_sim_ws/install/clearpath_config/lib/python3.10/site-packages/clearpath_config/manipulators
[1.502s] creating /home/tomas-jelinek/clearpath_sim_ws/install/clearpath_config/lib/python3.10/site-packages/clearpath_config/platform
[1.502s] copying /home/tomas-jelinek/clearpath_sim_ws/build/clearpath_config/build/lib/clearpath_config/platform/battery.py -> /home/tomas-jelinek/clearpath_sim_ws/install/clearpath_config/lib/python3.10/site-packages/clearpath_config/platform
[1.502s] copying /home/tomas-jelinek/clearpath_sim_ws/build/clearpath_config/build/lib/clearpath_config/platform/__init__.py -> /home/tomas-jelinek/clearpath_sim_ws/install/clearpath_config/lib/python3.10/site-packages/clearpath_config/platform
[1.502s] copying /home/tomas-jelinek/clearpath_sim_ws/build/clearpath_config/build/lib/clearpath_config/platform/extras.py -> /home/tomas-jelinek/clearpath_sim_ws/install/clearpath_config/lib/python3.10/site-packages/clearpath_config/platform
[1.502s] creating /home/tomas-jelinek/clearpath_sim_ws/install/clearpath_config/lib/python3.10/site-packages/clearpath_config/platform/types
[1.503s] copying /home/tomas-jelinek/clearpath_sim_ws/build/clearpath_config/build/lib/clearpath_config/platform/types/bumper.py -> /home/tomas-jelinek/clearpath_sim_ws/install/clearpath_config/lib/python3.10/site-packages/clearpath_config/platform/types
[1.503s] copying /home/tomas-jelinek/clearpath_sim_ws/build/clearpath_config/build/lib/clearpath_config/platform/types/__init__.py -> /home/tomas-jelinek/clearpath_sim_ws/install/clearpath_config/lib/python3.10/site-packages/clearpath_config/platform/types
[1.503s] copying /home/tomas-jelinek/clearpath_sim_ws/build/clearpath_config/build/lib/clearpath_config/platform/types/attachment.py -> /home/tomas-jelinek/clearpath_sim_ws/install/clearpath_config/lib/python3.10/site-packages/clearpath_config/platform/types
[1.503s] copying /home/tomas-jelinek/clearpath_sim_ws/build/clearpath_config/build/lib/clearpath_config/platform/platform.py -> /home/tomas-jelinek/clearpath_sim_ws/install/clearpath_config/lib/python3.10/site-packages/clearpath_config/platform
[1.503s] creating /home/tomas-jelinek/clearpath_sim_ws/install/clearpath_config/lib/python3.10/site-packages/clearpath_config/platform/attachments
[1.503s] copying /home/tomas-jelinek/clearpath_sim_ws/build/clearpath_config/build/lib/clearpath_config/platform/attachments/dd150.py -> /home/tomas-jelinek/clearpath_sim_ws/install/clearpath_config/lib/python3.10/site-packages/clearpath_config/platform/attachments
[1.503s] copying /home/tomas-jelinek/clearpath_sim_ws/build/clearpath_config/build/lib/clearpath_config/platform/attachments/do150.py -> /home/tomas-jelinek/clearpath_sim_ws/install/clearpath_config/lib/python3.10/site-packages/clearpath_config/platform/attachments
[1.503s] copying /home/tomas-jelinek/clearpath_sim_ws/build/clearpath_config/build/lib/clearpath_config/platform/attachments/w200.py -> /home/tomas-jelinek/clearpath_sim_ws/install/clearpath_config/lib/python3.10/site-packages/clearpath_config/platform/attachments
[1.503s] copying /home/tomas-jelinek/clearpath_sim_ws/build/clearpath_config/build/lib/clearpath_config/platform/attachments/a200.py -> /home/tomas-jelinek/clearpath_sim_ws/install/clearpath_config/lib/python3.10/site-packages/clearpath_config/platform/attachments
[1.503s] copying /home/tomas-jelinek/clearpath_sim_ws/build/clearpath_config/build/lib/clearpath_config/platform/attachments/__init__.py -> /home/tomas-jelinek/clearpath_sim_ws/install/clearpath_config/lib/python3.10/site-packages/clearpath_config/platform/attachments
[1.503s] copying /home/tomas-jelinek/clearpath_sim_ws/build/clearpath_config/build/lib/clearpath_config/platform/attachments/dd100.py -> /home/tomas-jelinek/clearpath_sim_ws/install/clearpath_config/lib/python3.10/site-packages/clearpath_config/platform/attachments
[1.503s] copying /home/tomas-jelinek/clearpath_sim_ws/build/clearpath_config/build/lib/clearpath_config/platform/attachments/config.py -> /home/tomas-jelinek/clearpath_sim_ws/install/clearpath_config/lib/python3.10/site-packages/clearpath_config/platform/attachments
[1.503s] copying /home/tomas-jelinek/clearpath_sim_ws/build/clearpath_config/build/lib/clearpath_config/platform/attachments/do100.py -> /home/tomas-jelinek/clearpath_sim_ws/install/clearpath_config/lib/python3.10/site-packages/clearpath_config/platform/attachments
[1.503s] copying /home/tomas-jelinek/clearpath_sim_ws/build/clearpath_config/build/lib/clearpath_config/platform/attachments/mux.py -> /home/tomas-jelinek/clearpath_sim_ws/install/clearpath_config/lib/python3.10/site-packages/clearpath_config/platform/attachments
[1.503s] copying /home/tomas-jelinek/clearpath_sim_ws/build/clearpath_config/build/lib/clearpath_config/platform/attachments/j100.py -> /home/tomas-jelinek/clearpath_sim_ws/install/clearpath_config/lib/python3.10/site-packages/clearpath_config/platform/attachments
[1.503s] copying /home/tomas-jelinek/clearpath_sim_ws/build/clearpath_config/build/lib/clearpath_config/platform/attachments/generic.py -> /home/tomas-jelinek/clearpath_sim_ws/install/clearpath_config/lib/python3.10/site-packages/clearpath_config/platform/attachments
[1.503s] copying /home/tomas-jelinek/clearpath_sim_ws/build/clearpath_config/build/lib/clearpath_config/platform/attachments/r100.py -> /home/tomas-jelinek/clearpath_sim_ws/install/clearpath_config/lib/python3.10/site-packages/clearpath_config/platform/attachments
[1.504s] copying /home/tomas-jelinek/clearpath_sim_ws/build/clearpath_config/build/lib/clearpath_config/clearpath_config.py -> /home/tomas-jelinek/clearpath_sim_ws/install/clearpath_config/lib/python3.10/site-packages/clearpath_config
[1.504s] copying /home/tomas-jelinek/clearpath_sim_ws/build/clearpath_config/build/lib/clearpath_config/__init__.py -> /home/tomas-jelinek/clearpath_sim_ws/install/clearpath_config/lib/python3.10/site-packages/clearpath_config
[1.504s] creating /home/tomas-jelinek/clearpath_sim_ws/install/clearpath_config/lib/python3.10/site-packages/clearpath_config/mounts
[1.504s] copying /home/tomas-jelinek/clearpath_sim_ws/build/clearpath_config/build/lib/clearpath_config/mounts/__init__.py -> /home/tomas-jelinek/clearpath_sim_ws/install/clearpath_config/lib/python3.10/site-packages/clearpath_config/mounts
[1.504s] creating /home/tomas-jelinek/clearpath_sim_ws/install/clearpath_config/lib/python3.10/site-packages/clearpath_config/mounts/types
[1.504s] copying /home/tomas-jelinek/clearpath_sim_ws/build/clearpath_config/build/lib/clearpath_config/mounts/types/sick.py -> /home/tomas-jelinek/clearpath_sim_ws/install/clearpath_config/lib/python3.10/site-packages/clearpath_config/mounts/types
[1.504s] copying /home/tomas-jelinek/clearpath_sim_ws/build/clearpath_config/build/lib/clearpath_config/mounts/types/fath_pivot.py -> /home/tomas-jelinek/clearpath_sim_ws/install/clearpath_config/lib/python3.10/site-packages/clearpath_config/mounts/types
[1.504s] copying /home/tomas-jelinek/clearpath_sim_ws/build/clearpath_config/build/lib/clearpath_config/mounts/types/pacs.py -> /home/tomas-jelinek/clearpath_sim_ws/install/clearpath_config/lib/python3.10/site-packages/clearpath_config/mounts/types
[1.504s] copying /home/tomas-jelinek/clearpath_sim_ws/build/clearpath_config/build/lib/clearpath_config/mounts/types/flir_ptu.py -> /home/tomas-jelinek/clearpath_sim_ws/install/clearpath_config/lib/python3.10/site-packages/clearpath_config/mounts/types
[1.504s] copying /home/tomas-jelinek/clearpath_sim_ws/build/clearpath_config/build/lib/clearpath_config/mounts/types/post.py -> /home/tomas-jelinek/clearpath_sim_ws/install/clearpath_config/lib/python3.10/site-packages/clearpath_config/mounts/types
[1.504s] copying /home/tomas-jelinek/clearpath_sim_ws/build/clearpath_config/build/lib/clearpath_config/mounts/types/__init__.py -> /home/tomas-jelinek/clearpath_sim_ws/install/clearpath_config/lib/python3.10/site-packages/clearpath_config/mounts/types
[1.504s] copying /home/tomas-jelinek/clearpath_sim_ws/build/clearpath_config/build/lib/clearpath_config/mounts/types/mount.py -> /home/tomas-jelinek/clearpath_sim_ws/install/clearpath_config/lib/python3.10/site-packages/clearpath_config/mounts/types
[1.504s] copying /home/tomas-jelinek/clearpath_sim_ws/build/clearpath_config/build/lib/clearpath_config/mounts/types/disk.py -> /home/tomas-jelinek/clearpath_sim_ws/install/clearpath_config/lib/python3.10/site-packages/clearpath_config/mounts/types
[1.504s] copying /home/tomas-jelinek/clearpath_sim_ws/build/clearpath_config/build/lib/clearpath_config/mounts/mounts.py -> /home/tomas-jelinek/clearpath_sim_ws/install/clearpath_config/lib/python3.10/site-packages/clearpath_config/mounts
[1.504s] creating /home/tomas-jelinek/clearpath_sim_ws/install/clearpath_config/lib/python3.10/site-packages/clearpath_config/system
[1.504s] copying /home/tomas-jelinek/clearpath_sim_ws/build/clearpath_config/build/lib/clearpath_config/system/system.py -> /home/tomas-jelinek/clearpath_sim_ws/install/clearpath_config/lib/python3.10/site-packages/clearpath_config/system
[1.504s] copying /home/tomas-jelinek/clearpath_sim_ws/build/clearpath_config/build/lib/clearpath_config/system/hosts.py -> /home/tomas-jelinek/clearpath_sim_ws/install/clearpath_config/lib/python3.10/site-packages/clearpath_config/system
[1.505s] copying /home/tomas-jelinek/clearpath_sim_ws/build/clearpath_config/build/lib/clearpath_config/system/__init__.py -> /home/tomas-jelinek/clearpath_sim_ws/install/clearpath_config/lib/python3.10/site-packages/clearpath_config/system
[1.505s] copying /home/tomas-jelinek/clearpath_sim_ws/build/clearpath_config/build/lib/clearpath_config/system/middleware.py -> /home/tomas-jelinek/clearpath_sim_ws/install/clearpath_config/lib/python3.10/site-packages/clearpath_config/system
[1.505s] copying /home/tomas-jelinek/clearpath_sim_ws/build/clearpath_config/build/lib/clearpath_config/system/servers.py -> /home/tomas-jelinek/clearpath_sim_ws/install/clearpath_config/lib/python3.10/site-packages/clearpath_config/system
[1.505s] creating /home/tomas-jelinek/clearpath_sim_ws/install/clearpath_config/lib/python3.10/site-packages/clearpath_config/sensors
[1.505s] copying /home/tomas-jelinek/clearpath_sim_ws/build/clearpath_config/build/lib/clearpath_config/sensors/__init__.py -> /home/tomas-jelinek/clearpath_sim_ws/install/clearpath_config/lib/python3.10/site-packages/clearpath_config/sensors
[1.505s] creating /home/tomas-jelinek/clearpath_sim_ws/install/clearpath_config/lib/python3.10/site-packages/clearpath_config/sensors/types
[1.505s] copying /home/tomas-jelinek/clearpath_sim_ws/build/clearpath_config/build/lib/clearpath_config/sensors/types/cameras.py -> /home/tomas-jelinek/clearpath_sim_ws/install/clearpath_config/lib/python3.10/site-packages/clearpath_config/sensors/types
[1.505s] copying /home/tomas-jelinek/clearpath_sim_ws/build/clearpath_config/build/lib/clearpath_config/sensors/types/sensor.py -> /home/tomas-jelinek/clearpath_sim_ws/install/clearpath_config/lib/python3.10/site-packages/clearpath_config/sensors/types
[1.505s] copying /home/tomas-jelinek/clearpath_sim_ws/build/clearpath_config/build/lib/clearpath_config/sensors/types/imu.py -> /home/tomas-jelinek/clearpath_sim_ws/install/clearpath_config/lib/python3.10/site-packages/clearpath_config/sensors/types
[1.505s] copying /home/tomas-jelinek/clearpath_sim_ws/build/clearpath_config/build/lib/clearpath_config/sensors/types/gps.py -> /home/tomas-jelinek/clearpath_sim_ws/install/clearpath_config/lib/python3.10/site-packages/clearpath_config/sensors/types
[1.505s] copying /home/tomas-jelinek/clearpath_sim_ws/build/clearpath_config/build/lib/clearpath_config/sensors/types/__init__.py -> /home/tomas-jelinek/clearpath_sim_ws/install/clearpath_config/lib/python3.10/site-packages/clearpath_config/sensors/types
[1.505s] copying /home/tomas-jelinek/clearpath_sim_ws/build/clearpath_config/build/lib/clearpath_config/sensors/types/lidars_2d.py -> /home/tomas-jelinek/clearpath_sim_ws/install/clearpath_config/lib/python3.10/site-packages/clearpath_config/sensors/types
[1.505s] copying /home/tomas-jelinek/clearpath_sim_ws/build/clearpath_config/build/lib/clearpath_config/sensors/types/lidars_3d.py -> /home/tomas-jelinek/clearpath_sim_ws/install/clearpath_config/lib/python3.10/site-packages/clearpath_config/sensors/types
[1.505s] copying /home/tomas-jelinek/clearpath_sim_ws/build/clearpath_config/build/lib/clearpath_config/sensors/sensors.py -> /home/tomas-jelinek/clearpath_sim_ws/install/clearpath_config/lib/python3.10/site-packages/clearpath_config/sensors
[1.505s] creating /home/tomas-jelinek/clearpath_sim_ws/install/clearpath_config/lib/python3.10/site-packages/clearpath_config/common
[1.506s] copying /home/tomas-jelinek/clearpath_sim_ws/build/clearpath_config/build/lib/clearpath_config/common/__init__.py -> /home/tomas-jelinek/clearpath_sim_ws/install/clearpath_config/lib/python3.10/site-packages/clearpath_config/common
[1.506s] creating /home/tomas-jelinek/clearpath_sim_ws/install/clearpath_config/lib/python3.10/site-packages/clearpath_config/common/utils
[1.506s] copying /home/tomas-jelinek/clearpath_sim_ws/build/clearpath_config/build/lib/clearpath_config/common/utils/__init__.py -> /home/tomas-jelinek/clearpath_sim_ws/install/clearpath_config/lib/python3.10/site-packages/clearpath_config/common/utils
[1.506s] copying /home/tomas-jelinek/clearpath_sim_ws/build/clearpath_config/build/lib/clearpath_config/common/utils/dictionary.py -> /home/tomas-jelinek/clearpath_sim_ws/install/clearpath_config/lib/python3.10/site-packages/clearpath_config/common/utils
[1.506s] copying /home/tomas-jelinek/clearpath_sim_ws/build/clearpath_config/build/lib/clearpath_config/common/utils/yaml.py -> /home/tomas-jelinek/clearpath_sim_ws/install/clearpath_config/lib/python3.10/site-packages/clearpath_config/common/utils
[1.506s] creating /home/tomas-jelinek/clearpath_sim_ws/install/clearpath_config/lib/python3.10/site-packages/clearpath_config/common/types
[1.506s] copying /home/tomas-jelinek/clearpath_sim_ws/build/clearpath_config/build/lib/clearpath_config/common/types/file.py -> /home/tomas-jelinek/clearpath_sim_ws/install/clearpath_config/lib/python3.10/site-packages/clearpath_config/common/types
[1.506s] copying /home/tomas-jelinek/clearpath_sim_ws/build/clearpath_config/build/lib/clearpath_config/common/types/username.py -> /home/tomas-jelinek/clearpath_sim_ws/install/clearpath_config/lib/python3.10/site-packages/clearpath_config/common/types
[1.506s] copying /home/tomas-jelinek/clearpath_sim_ws/build/clearpath_config/build/lib/clearpath_config/common/types/hostname.py -> /home/tomas-jelinek/clearpath_sim_ws/install/clearpath_config/lib/python3.10/site-packages/clearpath_config/common/types
[1.506s] copying /home/tomas-jelinek/clearpath_sim_ws/build/clearpath_config/build/lib/clearpath_config/common/types/discovery.py -> /home/tomas-jelinek/clearpath_sim_ws/install/clearpath_config/lib/python3.10/site-packages/clearpath_config/common/types
[1.506s] copying /home/tomas-jelinek/clearpath_sim_ws/build/clearpath_config/build/lib/clearpath_config/common/types/accessory.py -> /home/tomas-jelinek/clearpath_sim_ws/install/clearpath_config/lib/python3.10/site-packages/clearpath_config/common/types
[1.506s] copying /home/tomas-jelinek/clearpath_sim_ws/build/clearpath_config/build/lib/clearpath_config/common/types/list.py -> /home/tomas-jelinek/clearpath_sim_ws/install/clearpath_config/lib/python3.10/site-packages/clearpath_config/common/types
[1.506s] copying /home/tomas-jelinek/clearpath_sim_ws/build/clearpath_config/build/lib/clearpath_config/common/types/ip.py -> /home/tomas-jelinek/clearpath_sim_ws/install/clearpath_config/lib/python3.10/site-packages/clearpath_config/common/types
[1.506s] copying /home/tomas-jelinek/clearpath_sim_ws/build/clearpath_config/build/lib/clearpath_config/common/types/__init__.py -> /home/tomas-jelinek/clearpath_sim_ws/install/clearpath_config/lib/python3.10/site-packages/clearpath_config/common/types
[1.506s] copying /home/tomas-jelinek/clearpath_sim_ws/build/clearpath_config/build/lib/clearpath_config/common/types/package_path.py -> /home/tomas-jelinek/clearpath_sim_ws/install/clearpath_config/lib/python3.10/site-packages/clearpath_config/common/types
[1.506s] copying /home/tomas-jelinek/clearpath_sim_ws/build/clearpath_config/build/lib/clearpath_config/common/types/config.py -> /home/tomas-jelinek/clearpath_sim_ws/install/clearpath_config/lib/python3.10/site-packages/clearpath_config/common/types
[1.506s] copying /home/tomas-jelinek/clearpath_sim_ws/build/clearpath_config/build/lib/clearpath_config/common/types/serial_number.py -> /home/tomas-jelinek/clearpath_sim_ws/install/clearpath_config/lib/python3.10/site-packages/clearpath_config/common/types
[1.507s] copying /home/tomas-jelinek/clearpath_sim_ws/build/clearpath_config/build/lib/clearpath_config/common/types/namespace.py -> /home/tomas-jelinek/clearpath_sim_ws/install/clearpath_config/lib/python3.10/site-packages/clearpath_config/common/types
[1.507s] copying /home/tomas-jelinek/clearpath_sim_ws/build/clearpath_config/build/lib/clearpath_config/common/types/port.py -> /home/tomas-jelinek/clearpath_sim_ws/install/clearpath_config/lib/python3.10/site-packages/clearpath_config/common/types
[1.507s] copying /home/tomas-jelinek/clearpath_sim_ws/build/clearpath_config/build/lib/clearpath_config/common/types/platform.py -> /home/tomas-jelinek/clearpath_sim_ws/install/clearpath_config/lib/python3.10/site-packages/clearpath_config/common/types
[1.507s] copying /home/tomas-jelinek/clearpath_sim_ws/build/clearpath_config/build/lib/clearpath_config/common/types/rmw_implementation.py -> /home/tomas-jelinek/clearpath_sim_ws/install/clearpath_config/lib/python3.10/site-packages/clearpath_config/common/types
[1.507s] copying /home/tomas-jelinek/clearpath_sim_ws/build/clearpath_config/build/lib/clearpath_config/common/types/domain_id.py -> /home/tomas-jelinek/clearpath_sim_ws/install/clearpath_config/lib/python3.10/site-packages/clearpath_config/common/types
[1.507s] byte-compiling /home/tomas-jelinek/clearpath_sim_ws/install/clearpath_config/lib/python3.10/site-packages/clearpath_config/links/__init__.py to __init__.cpython-310.pyc
[1.507s] byte-compiling /home/tomas-jelinek/clearpath_sim_ws/install/clearpath_config/lib/python3.10/site-packages/clearpath_config/links/links.py to links.cpython-310.pyc
[1.509s] byte-compiling /home/tomas-jelinek/clearpath_sim_ws/install/clearpath_config/lib/python3.10/site-packages/clearpath_config/links/types/link.py to link.cpython-310.pyc
[1.509s] byte-compiling /home/tomas-jelinek/clearpath_sim_ws/install/clearpath_config/lib/python3.10/site-packages/clearpath_config/links/types/cylinder.py to cylinder.cpython-310.pyc
[1.510s] byte-compiling /home/tomas-jelinek/clearpath_sim_ws/install/clearpath_config/lib/python3.10/site-packages/clearpath_config/links/types/__init__.py to __init__.cpython-310.pyc
[1.510s] byte-compiling /home/tomas-jelinek/clearpath_sim_ws/install/clearpath_config/lib/python3.10/site-packages/clearpath_config/links/types/mesh.py to mesh.cpython-310.pyc
[1.510s] byte-compiling /home/tomas-jelinek/clearpath_sim_ws/install/clearpath_config/lib/python3.10/site-packages/clearpath_config/links/types/frame.py to frame.cpython-310.pyc
[1.510s] byte-compiling /home/tomas-jelinek/clearpath_sim_ws/install/clearpath_config/lib/python3.10/site-packages/clearpath_config/links/types/box.py to box.cpython-310.pyc
[1.510s] byte-compiling /home/tomas-jelinek/clearpath_sim_ws/install/clearpath_config/lib/python3.10/site-packages/clearpath_config/links/types/sphere.py to sphere.cpython-310.pyc
[1.511s] byte-compiling /home/tomas-jelinek/clearpath_sim_ws/install/clearpath_config/lib/python3.10/site-packages/clearpath_config/manipulators/__init__.py to __init__.cpython-310.pyc
[1.511s] byte-compiling /home/tomas-jelinek/clearpath_sim_ws/install/clearpath_config/lib/python3.10/site-packages/clearpath_config/manipulators/types/manipulator.py to manipulator.cpython-310.pyc
[1.511s] byte-compiling /home/tomas-jelinek/clearpath_sim_ws/install/clearpath_config/lib/python3.10/site-packages/clearpath_config/manipulators/types/grippers.py to grippers.cpython-310.pyc
[1.512s] byte-compiling /home/tomas-jelinek/clearpath_sim_ws/install/clearpath_config/lib/python3.10/site-packages/clearpath_config/manipulators/types/arms.py to arms.cpython-310.pyc
[1.512s] byte-compiling /home/tomas-jelinek/clearpath_sim_ws/install/clearpath_config/lib/python3.10/site-packages/clearpath_config/manipulators/manipulators.py to manipulators.cpython-310.pyc
[1.513s] byte-compiling /home/tomas-jelinek/clearpath_sim_ws/install/clearpath_config/lib/python3.10/site-packages/clearpath_config/platform/battery.py to battery.cpython-310.pyc
[1.513s] byte-compiling /home/tomas-jelinek/clearpath_sim_ws/install/clearpath_config/lib/python3.10/site-packages/clearpath_config/platform/__init__.py to __init__.cpython-310.pyc
[1.513s] byte-compiling /home/tomas-jelinek/clearpath_sim_ws/install/clearpath_config/lib/python3.10/site-packages/clearpath_config/platform/extras.py to extras.cpython-310.pyc
[1.514s] byte-compiling /home/tomas-jelinek/clearpath_sim_ws/install/clearpath_config/lib/python3.10/site-packages/clearpath_config/platform/types/bumper.py to bumper.cpython-310.pyc
[1.515s] byte-compiling /home/tomas-jelinek/clearpath_sim_ws/install/clearpath_config/lib/python3.10/site-packages/clearpath_config/platform/types/__init__.py to __init__.cpython-310.pyc
[1.515s] byte-compiling /home/tomas-jelinek/clearpath_sim_ws/install/clearpath_config/lib/python3.10/site-packages/clearpath_config/platform/types/attachment.py to attachment.cpython-310.pyc
[1.515s] byte-compiling /home/tomas-jelinek/clearpath_sim_ws/install/clearpath_config/lib/python3.10/site-packages/clearpath_config/platform/platform.py to platform.cpython-310.pyc
[1.517s] byte-compiling /home/tomas-jelinek/clearpath_sim_ws/install/clearpath_config/lib/python3.10/site-packages/clearpath_config/platform/attachments/dd150.py to dd150.cpython-310.pyc
[1.517s] byte-compiling /home/tomas-jelinek/clearpath_sim_ws/install/clearpath_config/lib/python3.10/site-packages/clearpath_config/platform/attachments/do150.py to do150.cpython-310.pyc
[1.517s] byte-compiling /home/tomas-jelinek/clearpath_sim_ws/install/clearpath_config/lib/python3.10/site-packages/clearpath_config/platform/attachments/w200.py to w200.cpython-310.pyc
[1.518s] byte-compiling /home/tomas-jelinek/clearpath_sim_ws/install/clearpath_config/lib/python3.10/site-packages/clearpath_config/platform/attachments/a200.py to a200.cpython-310.pyc
[1.518s] byte-compiling /home/tomas-jelinek/clearpath_sim_ws/install/clearpath_config/lib/python3.10/site-packages/clearpath_config/platform/attachments/__init__.py to __init__.cpython-310.pyc
[1.518s] byte-compiling /home/tomas-jelinek/clearpath_sim_ws/install/clearpath_config/lib/python3.10/site-packages/clearpath_config/platform/attachments/dd100.py to dd100.cpython-310.pyc
[1.519s] byte-compiling /home/tomas-jelinek/clearpath_sim_ws/install/clearpath_config/lib/python3.10/site-packages/clearpath_config/platform/attachments/config.py to config.cpython-310.pyc
[1.519s] byte-compiling /home/tomas-jelinek/clearpath_sim_ws/install/clearpath_config/lib/python3.10/site-packages/clearpath_config/platform/attachments/do100.py to do100.cpython-310.pyc
[1.519s] byte-compiling /home/tomas-jelinek/clearpath_sim_ws/install/clearpath_config/lib/python3.10/site-packages/clearpath_config/platform/attachments/mux.py to mux.cpython-310.pyc
[1.519s] byte-compiling /home/tomas-jelinek/clearpath_sim_ws/install/clearpath_config/lib/python3.10/site-packages/clearpath_config/platform/attachments/j100.py to j100.cpython-310.pyc
[1.520s] byte-compiling /home/tomas-jelinek/clearpath_sim_ws/install/clearpath_config/lib/python3.10/site-packages/clearpath_config/platform/attachments/generic.py to generic.cpython-310.pyc
[1.520s] byte-compiling /home/tomas-jelinek/clearpath_sim_ws/install/clearpath_config/lib/python3.10/site-packages/clearpath_config/platform/attachments/r100.py to r100.cpython-310.pyc
[1.520s] byte-compiling /home/tomas-jelinek/clearpath_sim_ws/install/clearpath_config/lib/python3.10/site-packages/clearpath_config/clearpath_config.py to clearpath_config.cpython-310.pyc
[1.521s] byte-compiling /home/tomas-jelinek/clearpath_sim_ws/install/clearpath_config/lib/python3.10/site-packages/clearpath_config/__init__.py to __init__.cpython-310.pyc
[1.521s] byte-compiling /home/tomas-jelinek/clearpath_sim_ws/install/clearpath_config/lib/python3.10/site-packages/clearpath_config/mounts/__init__.py to __init__.cpython-310.pyc
[1.521s] byte-compiling /home/tomas-jelinek/clearpath_sim_ws/install/clearpath_config/lib/python3.10/site-packages/clearpath_config/mounts/types/sick.py to sick.cpython-310.pyc
[1.522s] byte-compiling /home/tomas-jelinek/clearpath_sim_ws/install/clearpath_config/lib/python3.10/site-packages/clearpath_config/mounts/types/fath_pivot.py to fath_pivot.cpython-310.pyc
[1.522s] byte-compiling /home/tomas-jelinek/clearpath_sim_ws/install/clearpath_config/lib/python3.10/site-packages/clearpath_config/mounts/types/pacs.py to pacs.cpython-310.pyc
[1.523s] byte-compiling /home/tomas-jelinek/clearpath_sim_ws/install/clearpath_config/lib/python3.10/site-packages/clearpath_config/mounts/types/flir_ptu.py to flir_ptu.cpython-310.pyc
[1.523s] byte-compiling /home/tomas-jelinek/clearpath_sim_ws/install/clearpath_config/lib/python3.10/site-packages/clearpath_config/mounts/types/post.py to post.cpython-310.pyc
[1.523s] byte-compiling /home/tomas-jelinek/clearpath_sim_ws/install/clearpath_config/lib/python3.10/site-packages/clearpath_config/mounts/types/__init__.py to __init__.cpython-310.pyc
[1.523s] byte-compiling /home/tomas-jelinek/clearpath_sim_ws/install/clearpath_config/lib/python3.10/site-packages/clearpath_config/mounts/types/mount.py to mount.cpython-310.pyc
[1.524s] byte-compiling /home/tomas-jelinek/clearpath_sim_ws/install/clearpath_config/lib/python3.10/site-packages/clearpath_config/mounts/types/disk.py to disk.cpython-310.pyc
[1.524s] byte-compiling /home/tomas-jelinek/clearpath_sim_ws/install/clearpath_config/lib/python3.10/site-packages/clearpath_config/mounts/mounts.py to mounts.cpython-310.pyc
[1.525s] byte-compiling /home/tomas-jelinek/clearpath_sim_ws/install/clearpath_config/lib/python3.10/site-packages/clearpath_config/system/system.py to system.cpython-310.pyc
[1.526s] byte-compiling /home/tomas-jelinek/clearpath_sim_ws/install/clearpath_config/lib/python3.10/site-packages/clearpath_config/system/hosts.py to hosts.cpython-310.pyc
[1.526s] byte-compiling /home/tomas-jelinek/clearpath_sim_ws/install/clearpath_config/lib/python3.10/site-packages/clearpath_config/system/__init__.py to __init__.cpython-310.pyc
[1.526s] byte-compiling /home/tomas-jelinek/clearpath_sim_ws/install/clearpath_config/lib/python3.10/site-packages/clearpath_config/system/middleware.py to middleware.cpython-310.pyc
[1.527s] byte-compiling /home/tomas-jelinek/clearpath_sim_ws/install/clearpath_config/lib/python3.10/site-packages/clearpath_config/system/servers.py to servers.cpython-310.pyc
[1.528s] byte-compiling /home/tomas-jelinek/clearpath_sim_ws/install/clearpath_config/lib/python3.10/site-packages/clearpath_config/sensors/__init__.py to __init__.cpython-310.pyc
[1.528s] byte-compiling /home/tomas-jelinek/clearpath_sim_ws/install/clearpath_config/lib/python3.10/site-packages/clearpath_config/sensors/types/cameras.py to cameras.cpython-310.pyc
[1.531s] byte-compiling /home/tomas-jelinek/clearpath_sim_ws/install/clearpath_config/lib/python3.10/site-packages/clearpath_config/sensors/types/sensor.py to sensor.cpython-310.pyc
[1.532s] byte-compiling /home/tomas-jelinek/clearpath_sim_ws/install/clearpath_config/lib/python3.10/site-packages/clearpath_config/sensors/types/imu.py to imu.cpython-310.pyc
[1.532s] byte-compiling /home/tomas-jelinek/clearpath_sim_ws/install/clearpath_config/lib/python3.10/site-packages/clearpath_config/sensors/types/gps.py to gps.cpython-310.pyc
[1.534s] byte-compiling /home/tomas-jelinek/clearpath_sim_ws/install/clearpath_config/lib/python3.10/site-packages/clearpath_config/sensors/types/__init__.py to __init__.cpython-310.pyc
[1.534s] byte-compiling /home/tomas-jelinek/clearpath_sim_ws/install/clearpath_config/lib/python3.10/site-packages/clearpath_config/sensors/types/lidars_2d.py to lidars_2d.cpython-310.pyc
[1.535s] byte-compiling /home/tomas-jelinek/clearpath_sim_ws/install/clearpath_config/lib/python3.10/site-packages/clearpath_config/sensors/types/lidars_3d.py to lidars_3d.cpython-310.pyc
[1.536s] byte-compiling /home/tomas-jelinek/clearpath_sim_ws/install/clearpath_config/lib/python3.10/site-packages/clearpath_config/sensors/sensors.py to sensors.cpython-310.pyc
[1.538s] byte-compiling /home/tomas-jelinek/clearpath_sim_ws/install/clearpath_config/lib/python3.10/site-packages/clearpath_config/common/__init__.py to __init__.cpython-310.pyc
[1.538s] byte-compiling /home/tomas-jelinek/clearpath_sim_ws/install/clearpath_config/lib/python3.10/site-packages/clearpath_config/common/utils/__init__.py to __init__.cpython-310.pyc
[1.539s] byte-compiling /home/tomas-jelinek/clearpath_sim_ws/install/clearpath_config/lib/python3.10/site-packages/clearpath_config/common/utils/dictionary.py to dictionary.cpython-310.pyc
[1.539s] byte-compiling /home/tomas-jelinek/clearpath_sim_ws/install/clearpath_config/lib/python3.10/site-packages/clearpath_config/common/utils/yaml.py to yaml.cpython-310.pyc
[1.540s] byte-compiling /home/tomas-jelinek/clearpath_sim_ws/install/clearpath_config/lib/python3.10/site-packages/clearpath_config/common/types/file.py to file.cpython-310.pyc
[1.540s] byte-compiling /home/tomas-jelinek/clearpath_sim_ws/install/clearpath_config/lib/python3.10/site-packages/clearpath_config/common/types/username.py to username.cpython-310.pyc
[1.540s] byte-compiling /home/tomas-jelinek/clearpath_sim_ws/install/clearpath_config/lib/python3.10/site-packages/clearpath_config/common/types/hostname.py to hostname.cpython-310.pyc
[1.540s] byte-compiling /home/tomas-jelinek/clearpath_sim_ws/install/clearpath_config/lib/python3.10/site-packages/clearpath_config/common/types/discovery.py to discovery.cpython-310.pyc
[1.541s] byte-compiling /home/tomas-jelinek/clearpath_sim_ws/install/clearpath_config/lib/python3.10/site-packages/clearpath_config/common/types/accessory.py to accessory.cpython-310.pyc
[1.541s] byte-compiling /home/tomas-jelinek/clearpath_sim_ws/install/clearpath_config/lib/python3.10/site-packages/clearpath_config/common/types/list.py to list.cpython-310.pyc
[1.542s] byte-compiling /home/tomas-jelinek/clearpath_sim_ws/install/clearpath_config/lib/python3.10/site-packages/clearpath_config/common/types/ip.py to ip.cpython-310.pyc
[1.542s] byte-compiling /home/tomas-jelinek/clearpath_sim_ws/install/clearpath_config/lib/python3.10/site-packages/clearpath_config/common/types/__init__.py to __init__.cpython-310.pyc
[1.542s] byte-compiling /home/tomas-jelinek/clearpath_sim_ws/install/clearpath_config/lib/python3.10/site-packages/clearpath_config/common/types/package_path.py to package_path.cpython-310.pyc
[1.543s] byte-compiling /home/tomas-jelinek/clearpath_sim_ws/install/clearpath_config/lib/python3.10/site-packages/clearpath_config/common/types/config.py to config.cpython-310.pyc
[1.543s] byte-compiling /home/tomas-jelinek/clearpath_sim_ws/install/clearpath_config/lib/python3.10/site-packages/clearpath_config/common/types/serial_number.py to serial_number.cpython-310.pyc
[1.544s] byte-compiling /home/tomas-jelinek/clearpath_sim_ws/install/clearpath_config/lib/python3.10/site-packages/clearpath_config/common/types/namespace.py to namespace.cpython-310.pyc
[1.544s] byte-compiling /home/tomas-jelinek/clearpath_sim_ws/install/clearpath_config/lib/python3.10/site-packages/clearpath_config/common/types/port.py to port.cpython-310.pyc
[1.544s] byte-compiling /home/tomas-jelinek/clearpath_sim_ws/install/clearpath_config/lib/python3.10/site-packages/clearpath_config/common/types/platform.py to platform.cpython-310.pyc
[1.545s] byte-compiling /home/tomas-jelinek/clearpath_sim_ws/install/clearpath_config/lib/python3.10/site-packages/clearpath_config/common/types/rmw_implementation.py to rmw_implementation.cpython-310.pyc
[1.545s] byte-compiling /home/tomas-jelinek/clearpath_sim_ws/install/clearpath_config/lib/python3.10/site-packages/clearpath_config/common/types/domain_id.py to domain_id.cpython-310.pyc
[1.545s] running install_data
[1.545s] copying resource/clearpath_config -> /home/tomas-jelinek/clearpath_sim_ws/install/clearpath_config/share/ament_index/resource_index/packages
[1.545s] copying package.xml -> /home/tomas-jelinek/clearpath_sim_ws/install/clearpath_config/share/clearpath_config
[1.545s] copying clearpath_config/sample/a200/a200_default.yaml -> /home/tomas-jelinek/clearpath_sim_ws/install/clearpath_config/share/clearpath_config/sample
[1.545s] copying clearpath_config/sample/a200/a200_dual_laser.yaml -> /home/tomas-jelinek/clearpath_sim_ws/install/clearpath_config/share/clearpath_config/sample
[1.546s] copying clearpath_config/sample/a200/a200_sample.yaml -> /home/tomas-jelinek/clearpath_sim_ws/install/clearpath_config/share/clearpath_config/sample
[1.546s] copying clearpath_config/sample/a200/a200_outline.yaml -> /home/tomas-jelinek/clearpath_sim_ws/install/clearpath_config/share/clearpath_config/sample
[1.546s] copying clearpath_config/sample/a200/a200_velodyne.yaml -> /home/tomas-jelinek/clearpath_sim_ws/install/clearpath_config/share/clearpath_config/sample
[1.546s] copying clearpath_config/sample/j100/j100_default.yaml -> /home/tomas-jelinek/clearpath_sim_ws/install/clearpath_config/share/clearpath_config/sample
[1.546s] copying clearpath_config/sample/j100/j100_dual_laser.yaml -> /home/tomas-jelinek/clearpath_sim_ws/install/clearpath_config/share/clearpath_config/sample
[1.546s] copying clearpath_config/sample/j100/j100_sample.yaml -> /home/tomas-jelinek/clearpath_sim_ws/install/clearpath_config/share/clearpath_config/sample
[1.546s] copying clearpath_config/sample/j100/j100_velodyne.yaml -> /home/tomas-jelinek/clearpath_sim_ws/install/clearpath_config/share/clearpath_config/sample
[1.547s] copying clearpath_config/sample/j100/j100_outline.yaml -> /home/tomas-jelinek/clearpath_sim_ws/install/clearpath_config/share/clearpath_config/sample
[1.547s] copying clearpath_config/sample/j100/j100_microstrain_gq7.yaml -> /home/tomas-jelinek/clearpath_sim_ws/install/clearpath_config/share/clearpath_config/sample
[1.547s] copying clearpath_config/sample/w200/w200_default.yaml -> /home/tomas-jelinek/clearpath_sim_ws/install/clearpath_config/share/clearpath_config/sample
[1.547s] copying clearpath_config/sample/w200/w200_outline.yaml -> /home/tomas-jelinek/clearpath_sim_ws/install/clearpath_config/share/clearpath_config/sample
[1.547s] copying clearpath_config/sample/w200/w200_dual_laser.yaml -> /home/tomas-jelinek/clearpath_sim_ws/install/clearpath_config/share/clearpath_config/sample
[1.547s] copying clearpath_config/sample/w200/w200_velodyne.yaml -> /home/tomas-jelinek/clearpath_sim_ws/install/clearpath_config/share/clearpath_config/sample
[1.547s] copying clearpath_config/sample/dd150/dd150_outline.yaml -> /home/tomas-jelinek/clearpath_sim_ws/install/clearpath_config/share/clearpath_config/sample
[1.548s] copying clearpath_config/sample/dd150/dd150_dual_laser.yaml -> /home/tomas-jelinek/clearpath_sim_ws/install/clearpath_config/share/clearpath_config/sample
[1.548s] copying clearpath_config/sample/dd150/dd150_velodyne.yaml -> /home/tomas-jelinek/clearpath_sim_ws/install/clearpath_config/share/clearpath_config/sample
[1.548s] copying clearpath_config/sample/dd150/dd150_default.yaml -> /home/tomas-jelinek/clearpath_sim_ws/install/clearpath_config/share/clearpath_config/sample
[1.548s] copying clearpath_config/sample/dd100/dd100_dual_laser.yaml -> /home/tomas-jelinek/clearpath_sim_ws/install/clearpath_config/share/clearpath_config/sample
[1.548s] copying clearpath_config/sample/dd100/dd100_velodyne.yaml -> /home/tomas-jelinek/clearpath_sim_ws/install/clearpath_config/share/clearpath_config/sample
[1.548s] copying clearpath_config/sample/dd100/dd100_default.yaml -> /home/tomas-jelinek/clearpath_sim_ws/install/clearpath_config/share/clearpath_config/sample
[1.548s] copying clearpath_config/sample/dd100/dd100_outline.yaml -> /home/tomas-jelinek/clearpath_sim_ws/install/clearpath_config/share/clearpath_config/sample
[1.549s] copying clearpath_config/sample/r100/r100_outline.yaml -> /home/tomas-jelinek/clearpath_sim_ws/install/clearpath_config/share/clearpath_config/sample
[1.549s] copying clearpath_config/sample/r100/r100_dual_laser.yaml -> /home/tomas-jelinek/clearpath_sim_ws/install/clearpath_config/share/clearpath_config/sample
[1.549s] copying clearpath_config/sample/r100/r100_dual_laser_hokuyo.yaml -> /home/tomas-jelinek/clearpath_sim_ws/install/clearpath_config/share/clearpath_config/sample
[1.549s] copying clearpath_config/sample/r100/r100_default.yaml -> /home/tomas-jelinek/clearpath_sim_ws/install/clearpath_config/share/clearpath_config/sample
[1.549s] copying clearpath_config/sample/do100/do100_outline.yaml -> /home/tomas-jelinek/clearpath_sim_ws/install/clearpath_config/share/clearpath_config/sample
[1.549s] copying clearpath_config/sample/do100/do100_default.yaml -> /home/tomas-jelinek/clearpath_sim_ws/install/clearpath_config/share/clearpath_config/sample
[1.549s] copying clearpath_config/sample/do100/do100_velodyne.yaml -> /home/tomas-jelinek/clearpath_sim_ws/install/clearpath_config/share/clearpath_config/sample
[1.550s] copying clearpath_config/sample/do100/do100_dual_laser.yaml -> /home/tomas-jelinek/clearpath_sim_ws/install/clearpath_config/share/clearpath_config/sample
[1.550s] copying clearpath_config/sample/do150/do150_dual_laser.yaml -> /home/tomas-jelinek/clearpath_sim_ws/install/clearpath_config/share/clearpath_config/sample
[1.550s] copying clearpath_config/sample/do150/do150_outline.yaml -> /home/tomas-jelinek/clearpath_sim_ws/install/clearpath_config/share/clearpath_config/sample
[1.550s] copying clearpath_config/sample/do150/do150_velodyne.yaml -> /home/tomas-jelinek/clearpath_sim_ws/install/clearpath_config/share/clearpath_config/sample
[1.550s] copying clearpath_config/sample/do150/do150_default.yaml -> /home/tomas-jelinek/clearpath_sim_ws/install/clearpath_config/share/clearpath_config/sample
[1.550s] running install_egg_info
[1.552s] Copying ../../build/clearpath_config/clearpath_config.egg-info to /home/tomas-jelinek/clearpath_sim_ws/install/clearpath_config/lib/python3.10/site-packages/clearpath_config-0.3.3-py3.10.egg-info
[1.552s] running install_scripts
[1.567s] writing list of installed files to '/home/tomas-jelinek/clearpath_sim_ws/build/clearpath_config/install.log'
[1.585s] Invoked command in '/home/tomas-jelinek/clearpath_sim_ws/src/clearpath_config' returned '0': PYTHONPATH=/home/tomas-jelinek/clearpath_sim_ws/build/clearpath_config/prefix_override:/usr/lib/python3/dist-packages/colcon_core/task/python/colcon_distutils_commands:/home/tomas-jelinek/clearpath_sim_ws/install/clearpath_config/lib/python3.10/site-packages:${PYTHONPATH} /usr/bin/python3 -W ignore:setup.py install is deprecated setup.py egg_info --egg-base ../../build/clearpath_config build --build-base /home/tomas-jelinek/clearpath_sim_ws/build/clearpath_config/build install --record /home/tomas-jelinek/clearpath_sim_ws/build/clearpath_config/install.log --single-version-externally-managed install_data --force
