[0.065s] Invoking command in '/home/tomas-jelinek/clearpath_sim_ws/build/clearpath_manipulators_description': CMAKE_PREFIX_PATH=/opt/ros/humble /usr/bin/cmake --build /home/tomas-jelinek/clearpath_sim_ws/build/clearpath_manipulators_description -- -j8 -l8
[0.736s] Invoked command in '/home/tomas-jelinek/clearpath_sim_ws/build/clearpath_manipulators_description' returned '0': CMAKE_PREFIX_PATH=/opt/ros/humble /usr/bin/cmake --build /home/tomas-jelinek/clearpath_sim_ws/build/clearpath_manipulators_description -- -j8 -l8
[0.824s] Invoking command in '/home/tomas-jelinek/clearpath_sim_ws/build/clearpath_manipulators_description': CMAKE_PREFIX_PATH=/opt/ros/humble /usr/bin/cmake --install /home/tomas-jelinek/clearpath_sim_ws/build/clearpath_manipulators_description
[0.879s] -- Install configuration: ""
[0.880s] -- Execute custom install script
[0.880s] -- Up-to-date symlink: /home/tomas-jelinek/clearpath_sim_ws/install/clearpath_manipulators_description/share/clearpath_manipulators_description/urdf/arm/kinova_gen3_6dof.urdf.xacro
[0.880s] -- Up-to-date symlink: /home/tomas-jelinek/clearpath_sim_ws/install/clearpath_manipulators_description/share/clearpath_manipulators_description/urdf/arm/kinova_gen3_7dof.urdf.xacro
[0.888s] -- Up-to-date symlink: /home/tomas-jelinek/clearpath_sim_ws/install/clearpath_manipulators_description/share/clearpath_manipulators_description/urdf/arm/kinova_gen3_lite.urdf.xacro
[0.888s] -- Up-to-date symlink: /home/tomas-jelinek/clearpath_sim_ws/install/clearpath_manipulators_description/share/clearpath_manipulators_description/urdf/gripper/kinova_2f_lite.urdf.xacro
[0.889s] -- Up-to-date symlink: /home/tomas-jelinek/clearpath_sim_ws/install/clearpath_manipulators_description/share/clearpath_manipulators_description/urdf/gripper/robotiq_2f_140.urdf.xacro
[0.889s] -- Up-to-date symlink: /home/tomas-jelinek/clearpath_sim_ws/install/clearpath_manipulators_description/share/clearpath_manipulators_description/urdf/gripper/robotiq_2f_85.urdf.xacro
[0.897s] -- Up-to-date symlink: /home/tomas-jelinek/clearpath_sim_ws/install/clearpath_manipulators_description/share/clearpath_manipulators_description/config/arm/kinova_gen3_6dof/control.yaml
[0.925s] -- Up-to-date symlink: /home/tomas-jelinek/clearpath_sim_ws/install/clearpath_manipulators_description/share/clearpath_manipulators_description/config/arm/kinova_gen3_6dof/initial_positions.yaml
[0.925s] -- Up-to-date symlink: /home/tomas-jelinek/clearpath_sim_ws/install/clearpath_manipulators_description/share/clearpath_manipulators_description/config/arm/kinova_gen3_6dof/joint_limits.yaml
[0.926s] -- Up-to-date symlink: /home/tomas-jelinek/clearpath_sim_ws/install/clearpath_manipulators_description/share/clearpath_manipulators_description/config/arm/kinova_gen3_6dof/moveit_controllers.yaml
[0.928s] -- Up-to-date symlink: /home/tomas-jelinek/clearpath_sim_ws/install/clearpath_manipulators_description/share/clearpath_manipulators_description/config/arm/kinova_gen3_7dof/control.yaml
[0.928s] -- Up-to-date symlink: /home/tomas-jelinek/clearpath_sim_ws/install/clearpath_manipulators_description/share/clearpath_manipulators_description/config/arm/kinova_gen3_7dof/initial_positions.yaml
[0.929s] -- Up-to-date symlink: /home/tomas-jelinek/clearpath_sim_ws/install/clearpath_manipulators_description/share/clearpath_manipulators_description/config/arm/kinova_gen3_7dof/joint_limits.yaml
[0.929s] -- Up-to-date symlink: /home/tomas-jelinek/clearpath_sim_ws/install/clearpath_manipulators_description/share/clearpath_manipulators_description/config/arm/kinova_gen3_7dof/moveit_controllers.yaml
[0.929s] -- Up-to-date symlink: /home/tomas-jelinek/clearpath_sim_ws/install/clearpath_manipulators_description/share/clearpath_manipulators_description/config/arm/kinova_gen3_lite/control.yaml
[0.929s] -- Up-to-date symlink: /home/tomas-jelinek/clearpath_sim_ws/install/clearpath_manipulators_description/share/clearpath_manipulators_description/config/arm/kinova_gen3_lite/initial_positions.yaml
[0.929s] -- Up-to-date symlink: /home/tomas-jelinek/clearpath_sim_ws/install/clearpath_manipulators_description/share/clearpath_manipulators_description/config/arm/kinova_gen3_lite/joint_limits.yaml
[0.929s] -- Up-to-date symlink: /home/tomas-jelinek/clearpath_sim_ws/install/clearpath_manipulators_description/share/clearpath_manipulators_description/config/arm/kinova_gen3_lite/moveit_controllers.yaml
[0.929s] -- Up-to-date symlink: /home/tomas-jelinek/clearpath_sim_ws/install/clearpath_manipulators_description/share/clearpath_manipulators_description/config/gripper/kinova_2f_lite/control.yaml
[0.930s] -- Up-to-date symlink: /home/tomas-jelinek/clearpath_sim_ws/install/clearpath_manipulators_description/share/clearpath_manipulators_description/config/gripper/kinova_2f_lite/initial_positions.yaml
[0.942s] -- Up-to-date symlink: /home/tomas-jelinek/clearpath_sim_ws/install/clearpath_manipulators_description/share/clearpath_manipulators_description/config/gripper/kinova_2f_lite/joint_limits.yaml
[0.942s] -- Up-to-date symlink: /home/tomas-jelinek/clearpath_sim_ws/install/clearpath_manipulators_description/share/clearpath_manipulators_description/config/gripper/kinova_2f_lite/moveit_controllers.yaml
[0.955s] -- Up-to-date symlink: /home/tomas-jelinek/clearpath_sim_ws/install/clearpath_manipulators_description/share/clearpath_manipulators_description/config/gripper/robotiq_2f_140/control.yaml
[0.956s] -- Up-to-date symlink: /home/tomas-jelinek/clearpath_sim_ws/install/clearpath_manipulators_description/share/clearpath_manipulators_description/config/gripper/robotiq_2f_140/initial_positions.yaml
[0.959s] -- Up-to-date symlink: /home/tomas-jelinek/clearpath_sim_ws/install/clearpath_manipulators_description/share/clearpath_manipulators_description/config/gripper/robotiq_2f_140/joint_limits.yaml
[0.959s] -- Up-to-date symlink: /home/tomas-jelinek/clearpath_sim_ws/install/clearpath_manipulators_description/share/clearpath_manipulators_description/config/gripper/robotiq_2f_140/moveit_controllers.yaml
[0.966s] -- Up-to-date symlink: /home/tomas-jelinek/clearpath_sim_ws/install/clearpath_manipulators_description/share/clearpath_manipulators_description/config/gripper/robotiq_2f_85/control.yaml
[0.966s] -- Up-to-date symlink: /home/tomas-jelinek/clearpath_sim_ws/install/clearpath_manipulators_description/share/clearpath_manipulators_description/config/gripper/robotiq_2f_85/initial_positions.yaml
[0.966s] -- Up-to-date symlink: /home/tomas-jelinek/clearpath_sim_ws/install/clearpath_manipulators_description/share/clearpath_manipulators_description/config/gripper/robotiq_2f_85/joint_limits.yaml
[0.971s] -- Up-to-date symlink: /home/tomas-jelinek/clearpath_sim_ws/install/clearpath_manipulators_description/share/clearpath_manipulators_description/config/gripper/robotiq_2f_85/moveit_controllers.yaml
[0.982s] -- Up-to-date symlink: /home/tomas-jelinek/clearpath_sim_ws/install/clearpath_manipulators_description/share/clearpath_manipulators_description/srdf/arm/kinova_gen3_6dof.srdf.xacro
[0.982s] -- Up-to-date symlink: /home/tomas-jelinek/clearpath_sim_ws/install/clearpath_manipulators_description/share/clearpath_manipulators_description/srdf/arm/kinova_gen3_7dof.srdf.xacro
[0.982s] -- Up-to-date symlink: /home/tomas-jelinek/clearpath_sim_ws/install/clearpath_manipulators_description/share/clearpath_manipulators_description/srdf/arm/kinova_gen3_lite.srdf.xacro
[0.982s] -- Up-to-date symlink: /home/tomas-jelinek/clearpath_sim_ws/install/clearpath_manipulators_description/share/clearpath_manipulators_description/srdf/gripper/kinova_2f_lite.srdf.xacro
[0.982s] -- Up-to-date symlink: /home/tomas-jelinek/clearpath_sim_ws/install/clearpath_manipulators_description/share/clearpath_manipulators_description/srdf/gripper/robotiq_2f_140.srdf.xacro
[0.982s] -- Up-to-date symlink: /home/tomas-jelinek/clearpath_sim_ws/install/clearpath_manipulators_description/share/clearpath_manipulators_description/srdf/gripper/robotiq_2f_85.srdf.xacro
[0.982s] -- Up-to-date symlink: /home/tomas-jelinek/clearpath_sim_ws/install/clearpath_manipulators_description/share/clearpath_manipulators_description/launch/description.launch.py
[0.985s] -- Up-to-date symlink: /home/tomas-jelinek/clearpath_sim_ws/install/clearpath_manipulators_description/share/clearpath_manipulators_description/meshes/gripper/robotiq_2f_140_base_link.stl
[0.985s] -- Up-to-date symlink: /home/tomas-jelinek/clearpath_sim_ws/install/clearpath_manipulators_description/share/clearpath_manipulators_description/meshes/gripper/robotiq_2f_140_base_link_collision.stl
[0.986s] -- Up-to-date symlink: /home/tomas-jelinek/clearpath_sim_ws/install/clearpath_manipulators_description/share/clearpath_manipulators_description/meshes/gripper/robotiq_2f_140_coupling.stl
[0.986s] -- Up-to-date symlink: /home/tomas-jelinek/clearpath_sim_ws/install/clearpath_manipulators_description/share/clearpath_manipulators_description/meshes/gripper/robotiq_2f_140_coupling_collision.stl
[0.986s] -- Up-to-date symlink: /home/tomas-jelinek/clearpath_sim_ws/install/clearpath_manipulators_description/share/clearpath_manipulators_description/meshes/gripper/robotiq_2f_140_inner_finger.stl
[1.003s] -- Up-to-date symlink: /home/tomas-jelinek/clearpath_sim_ws/install/clearpath_manipulators_description/share/clearpath_manipulators_description/meshes/gripper/robotiq_2f_140_inner_finger_collision.stl
[1.009s] -- Up-to-date symlink: /home/tomas-jelinek/clearpath_sim_ws/install/clearpath_manipulators_description/share/clearpath_manipulators_description/meshes/gripper/robotiq_2f_140_inner_knuckle.stl
[1.009s] -- Up-to-date symlink: /home/tomas-jelinek/clearpath_sim_ws/install/clearpath_manipulators_description/share/clearpath_manipulators_description/meshes/gripper/robotiq_2f_140_inner_knuckle_collision.stl
[1.009s] -- Up-to-date symlink: /home/tomas-jelinek/clearpath_sim_ws/install/clearpath_manipulators_description/share/clearpath_manipulators_description/meshes/gripper/robotiq_2f_140_outer_finger.stl
[1.010s] -- Up-to-date symlink: /home/tomas-jelinek/clearpath_sim_ws/install/clearpath_manipulators_description/share/clearpath_manipulators_description/meshes/gripper/robotiq_2f_140_outer_finger_collision.stl
[1.010s] -- Up-to-date symlink: /home/tomas-jelinek/clearpath_sim_ws/install/clearpath_manipulators_description/share/clearpath_manipulators_description/meshes/gripper/robotiq_2f_140_outer_knuckle.stl
[1.010s] -- Up-to-date symlink: /home/tomas-jelinek/clearpath_sim_ws/install/clearpath_manipulators_description/share/clearpath_manipulators_description/meshes/gripper/robotiq_2f_140_outer_knuckle_collision.stl
[1.010s] -- Up-to-date symlink: /home/tomas-jelinek/clearpath_sim_ws/install/clearpath_manipulators_description/share/ament_index/resource_index/package_run_dependencies/clearpath_manipulators_description
[1.015s] -- Up-to-date symlink: /home/tomas-jelinek/clearpath_sim_ws/install/clearpath_manipulators_description/share/ament_index/resource_index/parent_prefix_path/clearpath_manipulators_description
[1.017s] -- Up-to-date symlink: /home/tomas-jelinek/clearpath_sim_ws/install/clearpath_manipulators_description/share/clearpath_manipulators_description/environment/ament_prefix_path.sh
[1.023s] -- Up-to-date symlink: /home/tomas-jelinek/clearpath_sim_ws/install/clearpath_manipulators_description/share/clearpath_manipulators_description/environment/ament_prefix_path.dsv
[1.023s] -- Up-to-date symlink: /home/tomas-jelinek/clearpath_sim_ws/install/clearpath_manipulators_description/share/clearpath_manipulators_description/environment/path.sh
[1.023s] -- Up-to-date symlink: /home/tomas-jelinek/clearpath_sim_ws/install/clearpath_manipulators_description/share/clearpath_manipulators_description/environment/path.dsv
[1.023s] -- Up-to-date symlink: /home/tomas-jelinek/clearpath_sim_ws/install/clearpath_manipulators_description/share/clearpath_manipulators_description/local_setup.bash
[1.023s] -- Up-to-date symlink: /home/tomas-jelinek/clearpath_sim_ws/install/clearpath_manipulators_description/share/clearpath_manipulators_description/local_setup.sh
[1.024s] -- Up-to-date symlink: /home/tomas-jelinek/clearpath_sim_ws/install/clearpath_manipulators_description/share/clearpath_manipulators_description/local_setup.zsh
[1.024s] -- Up-to-date symlink: /home/tomas-jelinek/clearpath_sim_ws/install/clearpath_manipulators_description/share/clearpath_manipulators_description/local_setup.dsv
[1.024s] -- Symlinking: /home/tomas-jelinek/clearpath_sim_ws/install/clearpath_manipulators_description/share/clearpath_manipulators_description/package.dsv
[1.035s] -- Up-to-date symlink: /home/tomas-jelinek/clearpath_sim_ws/install/clearpath_manipulators_description/share/ament_index/resource_index/packages/clearpath_manipulators_description
[1.035s] -- Up-to-date symlink: /home/tomas-jelinek/clearpath_sim_ws/install/clearpath_manipulators_description/share/clearpath_manipulators_description/cmake/clearpath_manipulators_descriptionConfig.cmake
[1.035s] -- Up-to-date symlink: /home/tomas-jelinek/clearpath_sim_ws/install/clearpath_manipulators_description/share/clearpath_manipulators_description/cmake/clearpath_manipulators_descriptionConfig-version.cmake
[1.035s] -- Up-to-date symlink: /home/tomas-jelinek/clearpath_sim_ws/install/clearpath_manipulators_description/share/clearpath_manipulators_description/package.xml
[1.094s] Invoked command in '/home/tomas-jelinek/clearpath_sim_ws/build/clearpath_manipulators_description' returned '0': CMAKE_PREFIX_PATH=/opt/ros/humble /usr/bin/cmake --install /home/tomas-jelinek/clearpath_sim_ws/build/clearpath_manipulators_description
