[0.019s] Invoking command in '/home/tomas-jelinek/clearpath_sim_ws/build/clearpath_mounts_description': CMAKE_PREFIX_PATH=/opt/ros/humble /usr/bin/cmake /home/tomas-jelinek/clearpath_sim_ws/src/clearpath_common/clearpath_mounts_description -DAMENT_CMAKE_SYMLINK_INSTALL=1 -DCMAKE_INSTALL_PREFIX=/home/tomas-jelinek/clearpath_sim_ws/install/clearpath_mounts_description
[0.290s] -- The C compiler identification is GNU 11.4.0
[0.291s] -- The CXX compiler identification is GNU 11.4.0
[0.291s] -- Detecting C compiler ABI info
[0.291s] -- Detecting C compiler ABI info - done
[0.291s] -- Check for working C compiler: /usr/bin/cc - skipped
[0.291s] -- Detecting C compile features
[0.291s] -- Detecting C compile features - done
[0.291s] -- Detecting CXX compiler ABI info
[0.357s] -- Detecting CXX compiler ABI info - done
[0.370s] -- Check for working CXX compiler: /usr/bin/c++ - skipped
[0.370s] -- Detecting CXX compile features
[0.371s] -- Detecting CXX compile features - done
[0.374s] -- Found ament_cmake: 1.3.10 (/opt/ros/humble/share/ament_cmake/cmake)
[0.547s] -- Found Python3: /usr/bin/python3 (found version "3.10.12") found components: Interpreter 
[0.619s] -- Override CMake install command with custom implementation using symlinks instead of copying resources
[0.710s] -- Configuring done
[0.712s] -- Generating done
[0.725s] -- Build files have been written to: /home/tomas-jelinek/clearpath_sim_ws/build/clearpath_mounts_description
[0.726s] Invoked command in '/home/tomas-jelinek/clearpath_sim_ws/build/clearpath_mounts_description' returned '0': CMAKE_PREFIX_PATH=/opt/ros/humble /usr/bin/cmake /home/tomas-jelinek/clearpath_sim_ws/src/clearpath_common/clearpath_mounts_description -DAMENT_CMAKE_SYMLINK_INSTALL=1 -DCMAKE_INSTALL_PREFIX=/home/tomas-jelinek/clearpath_sim_ws/install/clearpath_mounts_description
[0.727s] Invoking command in '/home/tomas-jelinek/clearpath_sim_ws/build/clearpath_mounts_description': CMAKE_PREFIX_PATH=/opt/ros/humble /usr/bin/cmake --build /home/tomas-jelinek/clearpath_sim_ws/build/clearpath_mounts_description -- -j8 -l8
[0.762s] Invoked command in '/home/tomas-jelinek/clearpath_sim_ws/build/clearpath_mounts_description' returned '0': CMAKE_PREFIX_PATH=/opt/ros/humble /usr/bin/cmake --build /home/tomas-jelinek/clearpath_sim_ws/build/clearpath_mounts_description -- -j8 -l8
[0.788s] Invoking command in '/home/tomas-jelinek/clearpath_sim_ws/build/clearpath_mounts_description': CMAKE_PREFIX_PATH=/opt/ros/humble /usr/bin/cmake --install /home/tomas-jelinek/clearpath_sim_ws/build/clearpath_mounts_description
[0.796s] -- Install configuration: ""
[0.801s] -- Execute custom install script
[0.801s] -- Symlinking: /home/tomas-jelinek/clearpath_sim_ws/install/clearpath_mounts_description/share/clearpath_mounts_description/meshes/disk.stl
[0.805s] -- Symlinking: /home/tomas-jelinek/clearpath_sim_ws/install/clearpath_mounts_description/share/clearpath_mounts_description/meshes/fath_pivot_mount.dae
[0.814s] -- Symlinking: /home/tomas-jelinek/clearpath_sim_ws/install/clearpath_mounts_description/share/clearpath_mounts_description/meshes/fath_pivot_mount_base.dae
[0.823s] -- Symlinking: /home/tomas-jelinek/clearpath_sim_ws/install/clearpath_mounts_description/share/clearpath_mounts_description/meshes/pacs/bracket_extension_20.stl
[0.832s] -- Symlinking: /home/tomas-jelinek/clearpath_sim_ws/install/clearpath_mounts_description/share/clearpath_mounts_description/meshes/pacs/bracket_extension_40.stl
[0.843s] -- Symlinking: /home/tomas-jelinek/clearpath_sim_ws/install/clearpath_mounts_description/share/clearpath_mounts_description/meshes/pacs/bracket_extension_60.stl
[0.857s] -- Symlinking: /home/tomas-jelinek/clearpath_sim_ws/install/clearpath_mounts_description/share/clearpath_mounts_description/meshes/pacs/bracket_extension_80.stl
[0.864s] -- Symlinking: /home/tomas-jelinek/clearpath_sim_ws/install/clearpath_mounts_description/share/clearpath_mounts_description/meshes/pacs/bracket_horizontal.stl
[0.872s] -- Symlinking: /home/tomas-jelinek/clearpath_sim_ws/install/clearpath_mounts_description/share/clearpath_mounts_description/meshes/pacs/bracket_horizontal_large.stl
[0.881s] -- Symlinking: /home/tomas-jelinek/clearpath_sim_ws/install/clearpath_mounts_description/share/clearpath_mounts_description/meshes/pacs/bracket_vertical.stl
[0.891s] -- Symlinking: /home/tomas-jelinek/clearpath_sim_ws/install/clearpath_mounts_description/share/clearpath_mounts_description/meshes/pacs/riser_1x7.stl
[0.898s] -- Symlinking: /home/tomas-jelinek/clearpath_sim_ws/install/clearpath_mounts_description/share/clearpath_mounts_description/meshes/pacs/riser_8x7.stl
[0.919s] -- Symlinking: /home/tomas-jelinek/clearpath_sim_ws/install/clearpath_mounts_description/share/clearpath_mounts_description/meshes/sick_inverted.dae
[0.936s] -- Symlinking: /home/tomas-jelinek/clearpath_sim_ws/install/clearpath_mounts_description/share/clearpath_mounts_description/meshes/sick_upright.stl
[0.950s] -- Symlinking: /home/tomas-jelinek/clearpath_sim_ws/install/clearpath_mounts_description/share/clearpath_mounts_description/urdf/disk.urdf.xacro
[0.964s] -- Symlinking: /home/tomas-jelinek/clearpath_sim_ws/install/clearpath_mounts_description/share/clearpath_mounts_description/urdf/fath_pivot.urdf.xacro
[0.981s] -- Symlinking: /home/tomas-jelinek/clearpath_sim_ws/install/clearpath_mounts_description/share/clearpath_mounts_description/urdf/pacs/bracket.urdf.xacro
[0.995s] -- Symlinking: /home/tomas-jelinek/clearpath_sim_ws/install/clearpath_mounts_description/share/clearpath_mounts_description/urdf/pacs/riser.urdf.xacro
[1.012s] -- Symlinking: /home/tomas-jelinek/clearpath_sim_ws/install/clearpath_mounts_description/share/clearpath_mounts_description/urdf/pacs/riser_leg.urdf.xacro
[1.025s] -- Symlinking: /home/tomas-jelinek/clearpath_sim_ws/install/clearpath_mounts_description/share/clearpath_mounts_description/urdf/post.urdf.xacro
[1.032s] -- Symlinking: /home/tomas-jelinek/clearpath_sim_ws/install/clearpath_mounts_description/share/clearpath_mounts_description/urdf/sick.urdf.xacro
[1.047s] -- Symlinking: /home/tomas-jelinek/clearpath_sim_ws/install/clearpath_mounts_description/share/ament_index/resource_index/package_run_dependencies/clearpath_mounts_description
[1.055s] -- Symlinking: /home/tomas-jelinek/clearpath_sim_ws/install/clearpath_mounts_description/share/ament_index/resource_index/parent_prefix_path/clearpath_mounts_description
[1.065s] -- Symlinking: /home/tomas-jelinek/clearpath_sim_ws/install/clearpath_mounts_description/share/clearpath_mounts_description/environment/ament_prefix_path.sh
[1.073s] -- Symlinking: /home/tomas-jelinek/clearpath_sim_ws/install/clearpath_mounts_description/share/clearpath_mounts_description/environment/ament_prefix_path.dsv
[1.083s] -- Symlinking: /home/tomas-jelinek/clearpath_sim_ws/install/clearpath_mounts_description/share/clearpath_mounts_description/environment/path.sh
[1.090s] -- Symlinking: /home/tomas-jelinek/clearpath_sim_ws/install/clearpath_mounts_description/share/clearpath_mounts_description/environment/path.dsv
[1.097s] -- Symlinking: /home/tomas-jelinek/clearpath_sim_ws/install/clearpath_mounts_description/share/clearpath_mounts_description/local_setup.bash
[1.106s] -- Symlinking: /home/tomas-jelinek/clearpath_sim_ws/install/clearpath_mounts_description/share/clearpath_mounts_description/local_setup.sh
[1.113s] -- Symlinking: /home/tomas-jelinek/clearpath_sim_ws/install/clearpath_mounts_description/share/clearpath_mounts_description/local_setup.zsh
[1.121s] -- Symlinking: /home/tomas-jelinek/clearpath_sim_ws/install/clearpath_mounts_description/share/clearpath_mounts_description/local_setup.dsv
[1.129s] -- Symlinking: /home/tomas-jelinek/clearpath_sim_ws/install/clearpath_mounts_description/share/clearpath_mounts_description/package.dsv
[1.137s] -- Symlinking: /home/tomas-jelinek/clearpath_sim_ws/install/clearpath_mounts_description/share/ament_index/resource_index/packages/clearpath_mounts_description
[1.147s] -- Symlinking: /home/tomas-jelinek/clearpath_sim_ws/install/clearpath_mounts_description/share/clearpath_mounts_description/cmake/clearpath_mounts_descriptionConfig.cmake
[1.153s] -- Symlinking: /home/tomas-jelinek/clearpath_sim_ws/install/clearpath_mounts_description/share/clearpath_mounts_description/cmake/clearpath_mounts_descriptionConfig-version.cmake
[1.162s] -- Symlinking: /home/tomas-jelinek/clearpath_sim_ws/install/clearpath_mounts_description/share/clearpath_mounts_description/package.xml
[1.173s] Invoked command in '/home/tomas-jelinek/clearpath_sim_ws/build/clearpath_mounts_description' returned '0': CMAKE_PREFIX_PATH=/opt/ros/humble /usr/bin/cmake --install /home/tomas-jelinek/clearpath_sim_ws/build/clearpath_mounts_description
