[0.007s] Invoking command in '/home/tomas-jelinek/clearpath_sim_ws/build/clearpath_msgs': AMENT_PREFIX_PATH=/home/tomas-jelinek/clearpath_sim_ws/install/clearpath_platform_msgs:${AMENT_PREFIX_PATH} CMAKE_PREFIX_PATH=/home/tomas-jelinek/clearpath_sim_ws/install/clearpath_platform_msgs:/opt/ros/humble LD_LIBRARY_PATH=/home/tomas-jelinek/clearpath_sim_ws/install/clearpath_platform_msgs/lib:${LD_LIBRARY_PATH} PYTHONPATH=/home/tomas-jelinek/clearpath_sim_ws/install/clearpath_platform_msgs/local/lib/python3.10/dist-packages:${PYTHONPATH} /usr/bin/cmake /home/tomas-jelinek/clearpath_sim_ws/src/clearpath_msgs/clearpath_msgs -DAMENT_CMAKE_SYMLINK_INSTALL=1 -DCMAKE_INSTALL_PREFIX=/home/tomas-jelinek/clearpath_sim_ws/install/clearpath_msgs
[0.055s] -- The C compiler identification is GNU 11.4.0
[0.107s] -- The CXX compiler identification is GNU 11.4.0
[0.113s] -- Detecting C compiler ABI info
[0.178s] -- Detecting C compiler ABI info - done
[0.186s] -- Check for working C compiler: /usr/bin/cc - skipped
[0.187s] -- Detecting C compile features
[0.187s] -- Detecting C compile features - done
[0.191s] -- Detecting CXX compiler ABI info
[0.272s] -- Detecting CXX compiler ABI info - done
[0.281s] -- Check for working CXX compiler: /usr/bin/c++ - skipped
[0.282s] -- Detecting CXX compile features
[0.282s] -- Detecting CXX compile features - done
[0.285s] -- Found ament_cmake: 1.3.10 (/opt/ros/humble/share/ament_cmake/cmake)
[0.469s] -- Found Python3: /usr/bin/python3 (found version "3.10.12") found components: Interpreter 
[0.545s] -- Override CMake install command with custom implementation using symlinks instead of copying resources
[0.658s] -- Configuring done
[0.661s] -- Generating done
[0.661s] -- Build files have been written to: /home/tomas-jelinek/clearpath_sim_ws/build/clearpath_msgs
[0.666s] Invoked command in '/home/tomas-jelinek/clearpath_sim_ws/build/clearpath_msgs' returned '0': AMENT_PREFIX_PATH=/home/tomas-jelinek/clearpath_sim_ws/install/clearpath_platform_msgs:${AMENT_PREFIX_PATH} CMAKE_PREFIX_PATH=/home/tomas-jelinek/clearpath_sim_ws/install/clearpath_platform_msgs:/opt/ros/humble LD_LIBRARY_PATH=/home/tomas-jelinek/clearpath_sim_ws/install/clearpath_platform_msgs/lib:${LD_LIBRARY_PATH} PYTHONPATH=/home/tomas-jelinek/clearpath_sim_ws/install/clearpath_platform_msgs/local/lib/python3.10/dist-packages:${PYTHONPATH} /usr/bin/cmake /home/tomas-jelinek/clearpath_sim_ws/src/clearpath_msgs/clearpath_msgs -DAMENT_CMAKE_SYMLINK_INSTALL=1 -DCMAKE_INSTALL_PREFIX=/home/tomas-jelinek/clearpath_sim_ws/install/clearpath_msgs
[0.668s] Invoking command in '/home/tomas-jelinek/clearpath_sim_ws/build/clearpath_msgs': AMENT_PREFIX_PATH=/home/tomas-jelinek/clearpath_sim_ws/install/clearpath_platform_msgs:${AMENT_PREFIX_PATH} CMAKE_PREFIX_PATH=/home/tomas-jelinek/clearpath_sim_ws/install/clearpath_platform_msgs:/opt/ros/humble LD_LIBRARY_PATH=/home/tomas-jelinek/clearpath_sim_ws/install/clearpath_platform_msgs/lib:${LD_LIBRARY_PATH} PYTHONPATH=/home/tomas-jelinek/clearpath_sim_ws/install/clearpath_platform_msgs/local/lib/python3.10/dist-packages:${PYTHONPATH} /usr/bin/cmake --build /home/tomas-jelinek/clearpath_sim_ws/build/clearpath_msgs -- -j8 -l8
[0.709s] Invoked command in '/home/tomas-jelinek/clearpath_sim_ws/build/clearpath_msgs' returned '0': AMENT_PREFIX_PATH=/home/tomas-jelinek/clearpath_sim_ws/install/clearpath_platform_msgs:${AMENT_PREFIX_PATH} CMAKE_PREFIX_PATH=/home/tomas-jelinek/clearpath_sim_ws/install/clearpath_platform_msgs:/opt/ros/humble LD_LIBRARY_PATH=/home/tomas-jelinek/clearpath_sim_ws/install/clearpath_platform_msgs/lib:${LD_LIBRARY_PATH} PYTHONPATH=/home/tomas-jelinek/clearpath_sim_ws/install/clearpath_platform_msgs/local/lib/python3.10/dist-packages:${PYTHONPATH} /usr/bin/cmake --build /home/tomas-jelinek/clearpath_sim_ws/build/clearpath_msgs -- -j8 -l8
[0.732s] Invoking command in '/home/tomas-jelinek/clearpath_sim_ws/build/clearpath_msgs': AMENT_PREFIX_PATH=/home/tomas-jelinek/clearpath_sim_ws/install/clearpath_platform_msgs:${AMENT_PREFIX_PATH} CMAKE_PREFIX_PATH=/home/tomas-jelinek/clearpath_sim_ws/install/clearpath_platform_msgs:/opt/ros/humble LD_LIBRARY_PATH=/home/tomas-jelinek/clearpath_sim_ws/install/clearpath_platform_msgs/lib:${LD_LIBRARY_PATH} PYTHONPATH=/home/tomas-jelinek/clearpath_sim_ws/install/clearpath_platform_msgs/local/lib/python3.10/dist-packages:${PYTHONPATH} /usr/bin/cmake --install /home/tomas-jelinek/clearpath_sim_ws/build/clearpath_msgs
[0.740s] -- Install configuration: ""
[0.740s] -- Execute custom install script
[0.741s] -- Symlinking: /home/tomas-jelinek/clearpath_sim_ws/install/clearpath_msgs/share/ament_index/resource_index/package_run_dependencies/clearpath_msgs
[0.750s] -- Symlinking: /home/tomas-jelinek/clearpath_sim_ws/install/clearpath_msgs/share/ament_index/resource_index/parent_prefix_path/clearpath_msgs
[0.759s] -- Symlinking: /home/tomas-jelinek/clearpath_sim_ws/install/clearpath_msgs/share/clearpath_msgs/environment/ament_prefix_path.sh
[0.767s] -- Symlinking: /home/tomas-jelinek/clearpath_sim_ws/install/clearpath_msgs/share/clearpath_msgs/environment/ament_prefix_path.dsv
[0.776s] -- Symlinking: /home/tomas-jelinek/clearpath_sim_ws/install/clearpath_msgs/share/clearpath_msgs/environment/path.sh
[0.785s] -- Symlinking: /home/tomas-jelinek/clearpath_sim_ws/install/clearpath_msgs/share/clearpath_msgs/environment/path.dsv
[0.796s] -- Symlinking: /home/tomas-jelinek/clearpath_sim_ws/install/clearpath_msgs/share/clearpath_msgs/local_setup.bash
[0.804s] -- Symlinking: /home/tomas-jelinek/clearpath_sim_ws/install/clearpath_msgs/share/clearpath_msgs/local_setup.sh
[0.813s] -- Symlinking: /home/tomas-jelinek/clearpath_sim_ws/install/clearpath_msgs/share/clearpath_msgs/local_setup.zsh
[0.821s] -- Symlinking: /home/tomas-jelinek/clearpath_sim_ws/install/clearpath_msgs/share/clearpath_msgs/local_setup.dsv
[0.829s] -- Symlinking: /home/tomas-jelinek/clearpath_sim_ws/install/clearpath_msgs/share/clearpath_msgs/package.dsv
[0.838s] -- Symlinking: /home/tomas-jelinek/clearpath_sim_ws/install/clearpath_msgs/share/ament_index/resource_index/packages/clearpath_msgs
[0.846s] -- Symlinking: /home/tomas-jelinek/clearpath_sim_ws/install/clearpath_msgs/share/clearpath_msgs/cmake/clearpath_msgsConfig.cmake
[0.855s] -- Symlinking: /home/tomas-jelinek/clearpath_sim_ws/install/clearpath_msgs/share/clearpath_msgs/cmake/clearpath_msgsConfig-version.cmake
[0.863s] -- Symlinking: /home/tomas-jelinek/clearpath_sim_ws/install/clearpath_msgs/share/clearpath_msgs/package.xml
[0.874s] Invoked command in '/home/tomas-jelinek/clearpath_sim_ws/build/clearpath_msgs' returned '0': AMENT_PREFIX_PATH=/home/tomas-jelinek/clearpath_sim_ws/install/clearpath_platform_msgs:${AMENT_PREFIX_PATH} CMAKE_PREFIX_PATH=/home/tomas-jelinek/clearpath_sim_ws/install/clearpath_platform_msgs:/opt/ros/humble LD_LIBRARY_PATH=/home/tomas-jelinek/clearpath_sim_ws/install/clearpath_platform_msgs/lib:${LD_LIBRARY_PATH} PYTHONPATH=/home/tomas-jelinek/clearpath_sim_ws/install/clearpath_platform_msgs/local/lib/python3.10/dist-packages:${PYTHONPATH} /usr/bin/cmake --install /home/tomas-jelinek/clearpath_sim_ws/build/clearpath_msgs
