[0.058s] Invoking command in '/home/tomas-jelinek/clearpath_sim_ws/build/clearpath_platform_description': CMAKE_PREFIX_PATH=/opt/ros/humble /usr/bin/cmake --build /home/tomas-jelinek/clearpath_sim_ws/build/clearpath_platform_description -- -j8 -l8
[0.726s] Invoked command in '/home/tomas-jelinek/clearpath_sim_ws/build/clearpath_platform_description' returned '0': CMAKE_PREFIX_PATH=/opt/ros/humble /usr/bin/cmake --build /home/tomas-jelinek/clearpath_sim_ws/build/clearpath_platform_description -- -j8 -l8
[0.860s] Invoking command in '/home/tomas-jelinek/clearpath_sim_ws/build/clearpath_platform_description': CMAKE_PREFIX_PATH=/opt/ros/humble /usr/bin/cmake --install /home/tomas-jelinek/clearpath_sim_ws/build/clearpath_platform_description
[0.948s] -- Install configuration: ""
[0.948s] -- Execute custom install script
[0.948s] -- Up-to-date symlink: /home/tomas-jelinek/clearpath_sim_ws/install/clearpath_platform_description/share/clearpath_platform_description/launch/description.launch.py
[0.960s] -- Up-to-date symlink: /home/tomas-jelinek/clearpath_sim_ws/install/clearpath_platform_description/share/clearpath_platform_description/meshes/a200/accessories/lidar_mount.stl
[0.960s] -- Up-to-date symlink: /home/tomas-jelinek/clearpath_sim_ws/install/clearpath_platform_description/share/clearpath_platform_description/meshes/a200/accessories/lms1xx_mount.dae
[0.964s] -- Up-to-date symlink: /home/tomas-jelinek/clearpath_sim_ws/install/clearpath_platform_description/share/clearpath_platform_description/meshes/a200/accessories/lms1xx_mount.stl
[0.965s] -- Up-to-date symlink: /home/tomas-jelinek/clearpath_sim_ws/install/clearpath_platform_description/share/clearpath_platform_description/meshes/a200/attachments/300_mm_sensor_arch.dae
[0.965s] -- Up-to-date symlink: /home/tomas-jelinek/clearpath_sim_ws/install/clearpath_platform_description/share/clearpath_platform_description/meshes/a200/attachments/300_mm_sensor_arch.stl
[0.965s] -- Up-to-date symlink: /home/tomas-jelinek/clearpath_sim_ws/install/clearpath_platform_description/share/clearpath_platform_description/meshes/a200/attachments/510_mm_sensor_arch.dae
[0.965s] -- Up-to-date symlink: /home/tomas-jelinek/clearpath_sim_ws/install/clearpath_platform_description/share/clearpath_platform_description/meshes/a200/attachments/510_mm_sensor_arch.stl
[0.965s] -- Up-to-date symlink: /home/tomas-jelinek/clearpath_sim_ws/install/clearpath_platform_description/share/clearpath_platform_description/meshes/a200/attachments/bumper.dae
[0.965s] -- Up-to-date symlink: /home/tomas-jelinek/clearpath_sim_ws/install/clearpath_platform_description/share/clearpath_platform_description/meshes/a200/attachments/bumper2.dae
[0.965s] -- Up-to-date symlink: /home/tomas-jelinek/clearpath_sim_ws/install/clearpath_platform_description/share/clearpath_platform_description/meshes/a200/attachments/bumper3.dae
[0.965s] -- Up-to-date symlink: /home/tomas-jelinek/clearpath_sim_ws/install/clearpath_platform_description/share/clearpath_platform_description/meshes/a200/attachments/bumper_extension.dae
[0.966s] -- Up-to-date symlink: /home/tomas-jelinek/clearpath_sim_ws/install/clearpath_platform_description/share/clearpath_platform_description/meshes/a200/attachments/large_top_plate.dae
[0.966s] -- Up-to-date symlink: /home/tomas-jelinek/clearpath_sim_ws/install/clearpath_platform_description/share/clearpath_platform_description/meshes/a200/attachments/large_top_plate_collision.stl
[0.968s] -- Up-to-date symlink: /home/tomas-jelinek/clearpath_sim_ws/install/clearpath_platform_description/share/clearpath_platform_description/meshes/a200/attachments/pacs_top_plate.stl
[0.969s] -- Up-to-date symlink: /home/tomas-jelinek/clearpath_sim_ws/install/clearpath_platform_description/share/clearpath_platform_description/meshes/a200/attachments/top_plate.dae
[0.969s] -- Up-to-date symlink: /home/tomas-jelinek/clearpath_sim_ws/install/clearpath_platform_description/share/clearpath_platform_description/meshes/a200/attachments/top_plate.stl
[0.969s] -- Up-to-date symlink: /home/tomas-jelinek/clearpath_sim_ws/install/clearpath_platform_description/share/clearpath_platform_description/meshes/a200/attachments/user_rail.dae
[0.982s] -- Up-to-date symlink: /home/tomas-jelinek/clearpath_sim_ws/install/clearpath_platform_description/share/clearpath_platform_description/meshes/a200/attachments/user_rail.stl
[0.982s] -- Up-to-date symlink: /home/tomas-jelinek/clearpath_sim_ws/install/clearpath_platform_description/share/clearpath_platform_description/meshes/a200/base_link.dae
[0.983s] -- Up-to-date symlink: /home/tomas-jelinek/clearpath_sim_ws/install/clearpath_platform_description/share/clearpath_platform_description/meshes/a200/base_link.stl
[0.983s] -- Up-to-date symlink: /home/tomas-jelinek/clearpath_sim_ws/install/clearpath_platform_description/share/clearpath_platform_description/meshes/a200/top_chassis.dae
[0.983s] -- Up-to-date symlink: /home/tomas-jelinek/clearpath_sim_ws/install/clearpath_platform_description/share/clearpath_platform_description/meshes/a200/top_chassis.stl
[0.984s] -- Up-to-date symlink: /home/tomas-jelinek/clearpath_sim_ws/install/clearpath_platform_description/share/clearpath_platform_description/meshes/a200/wheel.dae
[0.987s] -- Up-to-date symlink: /home/tomas-jelinek/clearpath_sim_ws/install/clearpath_platform_description/share/clearpath_platform_description/meshes/a200/wheel.stl
[0.992s] -- Up-to-date symlink: /home/tomas-jelinek/clearpath_sim_ws/install/clearpath_platform_description/share/clearpath_platform_description/meshes/dd100/attachments/pacs_top_plate.stl
[0.993s] -- Up-to-date symlink: /home/tomas-jelinek/clearpath_sim_ws/install/clearpath_platform_description/share/clearpath_platform_description/meshes/dd100/chassis.dae
[0.993s] -- Up-to-date symlink: /home/tomas-jelinek/clearpath_sim_ws/install/clearpath_platform_description/share/clearpath_platform_description/meshes/dd100/chassis_collision.stl
[1.000s] -- Up-to-date symlink: /home/tomas-jelinek/clearpath_sim_ws/install/clearpath_platform_description/share/clearpath_platform_description/meshes/dd100/wheel.stl
[1.000s] -- Up-to-date symlink: /home/tomas-jelinek/clearpath_sim_ws/install/clearpath_platform_description/share/clearpath_platform_description/meshes/do100/mecanum_wheel.dae
[1.001s] -- Up-to-date symlink: /home/tomas-jelinek/clearpath_sim_ws/install/clearpath_platform_description/share/clearpath_platform_description/meshes/do100/old_mecanum_wheel.dae
[1.001s] -- Up-to-date symlink: /home/tomas-jelinek/clearpath_sim_ws/install/clearpath_platform_description/share/clearpath_platform_description/meshes/do100/omni_chassis.dae
[1.001s] -- Up-to-date symlink: /home/tomas-jelinek/clearpath_sim_ws/install/clearpath_platform_description/share/clearpath_platform_description/meshes/do100/omni_chassis_collision.stl
[1.001s] -- Up-to-date symlink: /home/tomas-jelinek/clearpath_sim_ws/install/clearpath_platform_description/share/clearpath_platform_description/meshes/j100/attachments/ark_enclosure.stl
[1.001s] -- Up-to-date symlink: /home/tomas-jelinek/clearpath_sim_ws/install/clearpath_platform_description/share/clearpath_platform_description/meshes/j100/attachments/default_fender.stl
[1.001s] -- Up-to-date symlink: /home/tomas-jelinek/clearpath_sim_ws/install/clearpath_platform_description/share/clearpath_platform_description/meshes/j100/attachments/sensor_fender.stl
[1.002s] -- Up-to-date symlink: /home/tomas-jelinek/clearpath_sim_ws/install/clearpath_platform_description/share/clearpath_platform_description/meshes/j100/bridge_plate.stl
[1.002s] -- Up-to-date symlink: /home/tomas-jelinek/clearpath_sim_ws/install/clearpath_platform_description/share/clearpath_platform_description/meshes/j100/camera_beam.stl
[1.002s] -- Up-to-date symlink: /home/tomas-jelinek/clearpath_sim_ws/install/clearpath_platform_description/share/clearpath_platform_description/meshes/j100/camera_bracket.stl
[1.006s] -- Up-to-date symlink: /home/tomas-jelinek/clearpath_sim_ws/install/clearpath_platform_description/share/clearpath_platform_description/meshes/j100/j100_base.stl
[1.007s] -- Up-to-date symlink: /home/tomas-jelinek/clearpath_sim_ws/install/clearpath_platform_description/share/clearpath_platform_description/meshes/j100/j100_wheel.stl
[1.007s] -- Up-to-date symlink: /home/tomas-jelinek/clearpath_sim_ws/install/clearpath_platform_description/share/clearpath_platform_description/meshes/j100/kinect_mount.stl
[1.008s] -- Up-to-date symlink: /home/tomas-jelinek/clearpath_sim_ws/install/clearpath_platform_description/share/clearpath_platform_description/meshes/j100/sick_lms1xx_inverted_bracket.stl
[1.008s] -- Up-to-date symlink: /home/tomas-jelinek/clearpath_sim_ws/install/clearpath_platform_description/share/clearpath_platform_description/meshes/j100/sick_lms1xx_upright_bracket.stl
[1.008s] -- Up-to-date symlink: /home/tomas-jelinek/clearpath_sim_ws/install/clearpath_platform_description/share/clearpath_platform_description/meshes/j100/stereo_camera_beam.stl
[1.008s] -- Up-to-date symlink: /home/tomas-jelinek/clearpath_sim_ws/install/clearpath_platform_description/share/clearpath_platform_description/meshes/j100/stereo_camera_bracket.stl
[1.008s] -- Up-to-date symlink: /home/tomas-jelinek/clearpath_sim_ws/install/clearpath_platform_description/share/clearpath_platform_description/meshes/j100/velodyne_tower.stl
[1.008s] -- Up-to-date symlink: /home/tomas-jelinek/clearpath_sim_ws/install/clearpath_platform_description/share/clearpath_platform_description/meshes/j100/wibotic_bumper.stl
[1.009s] -- Up-to-date symlink: /home/tomas-jelinek/clearpath_sim_ws/install/clearpath_platform_description/share/clearpath_platform_description/meshes/r100/attachments/hams_mount.stl
[1.009s] -- Up-to-date symlink: /home/tomas-jelinek/clearpath_sim_ws/install/clearpath_platform_description/share/clearpath_platform_description/meshes/r100/attachments/hams_top.stl
[1.009s] -- Up-to-date symlink: /home/tomas-jelinek/clearpath_sim_ws/install/clearpath_platform_description/share/clearpath_platform_description/meshes/r100/attachments/leg.stl
[1.009s] -- Up-to-date symlink: /home/tomas-jelinek/clearpath_sim_ws/install/clearpath_platform_description/share/clearpath_platform_description/meshes/r100/attachments/tower_body.stl
[1.009s] -- Up-to-date symlink: /home/tomas-jelinek/clearpath_sim_ws/install/clearpath_platform_description/share/clearpath_platform_description/meshes/r100/attachments/tower_body_collision.stl
[1.009s] -- Up-to-date symlink: /home/tomas-jelinek/clearpath_sim_ws/install/clearpath_platform_description/share/clearpath_platform_description/meshes/r100/attachments/tower_shoulder.stl
[1.009s] -- Up-to-date symlink: /home/tomas-jelinek/clearpath_sim_ws/install/clearpath_platform_description/share/clearpath_platform_description/meshes/r100/attachments/tower_shoulder_collision.stl
[1.009s] -- Up-to-date symlink: /home/tomas-jelinek/clearpath_sim_ws/install/clearpath_platform_description/share/clearpath_platform_description/meshes/r100/axle.stl
[1.010s] -- Up-to-date symlink: /home/tomas-jelinek/clearpath_sim_ws/install/clearpath_platform_description/share/clearpath_platform_description/meshes/r100/body-collision.stl
[1.010s] -- Up-to-date symlink: /home/tomas-jelinek/clearpath_sim_ws/install/clearpath_platform_description/share/clearpath_platform_description/meshes/r100/body.stl
[1.011s] -- Up-to-date symlink: /home/tomas-jelinek/clearpath_sim_ws/install/clearpath_platform_description/share/clearpath_platform_description/meshes/r100/end-cover.stl
[1.012s] -- Up-to-date symlink: /home/tomas-jelinek/clearpath_sim_ws/install/clearpath_platform_description/share/clearpath_platform_description/meshes/r100/lights.stl
[1.012s] -- Up-to-date symlink: /home/tomas-jelinek/clearpath_sim_ws/install/clearpath_platform_description/share/clearpath_platform_description/meshes/r100/rocker.stl
[1.012s] -- Up-to-date symlink: /home/tomas-jelinek/clearpath_sim_ws/install/clearpath_platform_description/share/clearpath_platform_description/meshes/r100/side-cover.stl
[1.013s] -- Up-to-date symlink: /home/tomas-jelinek/clearpath_sim_ws/install/clearpath_platform_description/share/clearpath_platform_description/meshes/r100/top.stl
[1.013s] -- Up-to-date symlink: /home/tomas-jelinek/clearpath_sim_ws/install/clearpath_platform_description/share/clearpath_platform_description/meshes/r100/wheel.stl
[1.013s] -- Up-to-date symlink: /home/tomas-jelinek/clearpath_sim_ws/install/clearpath_platform_description/share/clearpath_platform_description/meshes/w200/arm-mount-plate.stl
[1.014s] -- Up-to-date symlink: /home/tomas-jelinek/clearpath_sim_ws/install/clearpath_platform_description/share/clearpath_platform_description/meshes/w200/bulkhead-collision.stl
[1.014s] -- Up-to-date symlink: /home/tomas-jelinek/clearpath_sim_ws/install/clearpath_platform_description/share/clearpath_platform_description/meshes/w200/bulkhead.stl
[1.014s] -- Up-to-date symlink: /home/tomas-jelinek/clearpath_sim_ws/install/clearpath_platform_description/share/clearpath_platform_description/meshes/w200/chassis-collision.stl
[1.014s] -- Up-to-date symlink: /home/tomas-jelinek/clearpath_sim_ws/install/clearpath_platform_description/share/clearpath_platform_description/meshes/w200/chassis.stl
[1.014s] -- Up-to-date symlink: /home/tomas-jelinek/clearpath_sim_ws/install/clearpath_platform_description/share/clearpath_platform_description/meshes/w200/diff-link.stl
[1.014s] -- Up-to-date symlink: /home/tomas-jelinek/clearpath_sim_ws/install/clearpath_platform_description/share/clearpath_platform_description/meshes/w200/e-stop.stl
[1.014s] -- Up-to-date symlink: /home/tomas-jelinek/clearpath_sim_ws/install/clearpath_platform_description/share/clearpath_platform_description/meshes/w200/fenders.stl
[1.015s] -- Up-to-date symlink: /home/tomas-jelinek/clearpath_sim_ws/install/clearpath_platform_description/share/clearpath_platform_description/meshes/w200/generator.stl
[1.015s] -- Up-to-date symlink: /home/tomas-jelinek/clearpath_sim_ws/install/clearpath_platform_description/share/clearpath_platform_description/meshes/w200/light.stl
[1.018s] -- Up-to-date symlink: /home/tomas-jelinek/clearpath_sim_ws/install/clearpath_platform_description/share/clearpath_platform_description/meshes/w200/rocker.stl
[1.018s] -- Up-to-date symlink: /home/tomas-jelinek/clearpath_sim_ws/install/clearpath_platform_description/share/clearpath_platform_description/meshes/w200/susp-link.stl
[1.019s] -- Up-to-date symlink: /home/tomas-jelinek/clearpath_sim_ws/install/clearpath_platform_description/share/clearpath_platform_description/meshes/w200/tracks.dae
[1.019s] -- Up-to-date symlink: /home/tomas-jelinek/clearpath_sim_ws/install/clearpath_platform_description/share/clearpath_platform_description/meshes/w200/tracks_collision.stl
[1.019s] -- Up-to-date symlink: /home/tomas-jelinek/clearpath_sim_ws/install/clearpath_platform_description/share/clearpath_platform_description/meshes/w200/wheel.stl
[1.019s] -- Up-to-date symlink: /home/tomas-jelinek/clearpath_sim_ws/install/clearpath_platform_description/share/clearpath_platform_description/urdf/a200/a200.urdf.xacro
[1.020s] -- Up-to-date symlink: /home/tomas-jelinek/clearpath_sim_ws/install/clearpath_platform_description/share/clearpath_platform_description/urdf/a200/attachments/bumper.urdf.xacro
[1.020s] -- Up-to-date symlink: /home/tomas-jelinek/clearpath_sim_ws/install/clearpath_platform_description/share/clearpath_platform_description/urdf/a200/attachments/sensor_arch.urdf.xacro
[1.020s] -- Up-to-date symlink: /home/tomas-jelinek/clearpath_sim_ws/install/clearpath_platform_description/share/clearpath_platform_description/urdf/a200/attachments/top_plate.urdf.xacro
[1.020s] -- Up-to-date symlink: /home/tomas-jelinek/clearpath_sim_ws/install/clearpath_platform_description/share/clearpath_platform_description/urdf/a200/wheels/wheel.urdf.xacro
[1.020s] -- Up-to-date symlink: /home/tomas-jelinek/clearpath_sim_ws/install/clearpath_platform_description/share/clearpath_platform_description/urdf/common.urdf.xacro
[1.020s] -- Up-to-date symlink: /home/tomas-jelinek/clearpath_sim_ws/install/clearpath_platform_description/share/clearpath_platform_description/urdf/dd100/attachments/top_plate.urdf.xacro
[1.020s] -- Up-to-date symlink: /home/tomas-jelinek/clearpath_sim_ws/install/clearpath_platform_description/share/clearpath_platform_description/urdf/dd100/dd100.urdf.xacro
[1.020s] -- Up-to-date symlink: /home/tomas-jelinek/clearpath_sim_ws/install/clearpath_platform_description/share/clearpath_platform_description/urdf/dd100/wheels/wheel.urdf.xacro
[1.021s] -- Up-to-date symlink: /home/tomas-jelinek/clearpath_sim_ws/install/clearpath_platform_description/share/clearpath_platform_description/urdf/dd150/attachments/top_plate.urdf.xacro
[1.021s] -- Up-to-date symlink: /home/tomas-jelinek/clearpath_sim_ws/install/clearpath_platform_description/share/clearpath_platform_description/urdf/dd150/dd150.urdf.xacro
[1.021s] -- Up-to-date symlink: /home/tomas-jelinek/clearpath_sim_ws/install/clearpath_platform_description/share/clearpath_platform_description/urdf/dd150/wheels/wheel.urdf.xacro
[1.021s] -- Up-to-date symlink: /home/tomas-jelinek/clearpath_sim_ws/install/clearpath_platform_description/share/clearpath_platform_description/urdf/do100/attachments/top_plate.urdf.xacro
[1.021s] -- Up-to-date symlink: /home/tomas-jelinek/clearpath_sim_ws/install/clearpath_platform_description/share/clearpath_platform_description/urdf/do100/do100.urdf.xacro
[1.021s] -- Up-to-date symlink: /home/tomas-jelinek/clearpath_sim_ws/install/clearpath_platform_description/share/clearpath_platform_description/urdf/do100/wheels/wheel.urdf.xacro
[1.021s] -- Up-to-date symlink: /home/tomas-jelinek/clearpath_sim_ws/install/clearpath_platform_description/share/clearpath_platform_description/urdf/do150/attachments/top_plate.urdf.xacro
[1.021s] -- Up-to-date symlink: /home/tomas-jelinek/clearpath_sim_ws/install/clearpath_platform_description/share/clearpath_platform_description/urdf/do150/do150.urdf.xacro
[1.022s] -- Up-to-date symlink: /home/tomas-jelinek/clearpath_sim_ws/install/clearpath_platform_description/share/clearpath_platform_description/urdf/generic/gazebo.urdf.xacro
[1.022s] -- Up-to-date symlink: /home/tomas-jelinek/clearpath_sim_ws/install/clearpath_platform_description/share/clearpath_platform_description/urdf/j100/attachments/fender.urdf.xacro
[1.024s] -- Up-to-date symlink: /home/tomas-jelinek/clearpath_sim_ws/install/clearpath_platform_description/share/clearpath_platform_description/urdf/j100/attachments/top_plate.urdf.xacro
[1.026s] -- Up-to-date symlink: /home/tomas-jelinek/clearpath_sim_ws/install/clearpath_platform_description/share/clearpath_platform_description/urdf/j100/j100.urdf.xacro
[1.026s] -- Up-to-date symlink: /home/tomas-jelinek/clearpath_sim_ws/install/clearpath_platform_description/share/clearpath_platform_description/urdf/j100/wheels/wheel.urdf.xacro
[1.026s] -- Up-to-date symlink: /home/tomas-jelinek/clearpath_sim_ws/install/clearpath_platform_description/share/clearpath_platform_description/urdf/links/box.urdf.xacro
[1.026s] -- Up-to-date symlink: /home/tomas-jelinek/clearpath_sim_ws/install/clearpath_platform_description/share/clearpath_platform_description/urdf/links/cylinder.urdf.xacro
[1.027s] -- Up-to-date symlink: /home/tomas-jelinek/clearpath_sim_ws/install/clearpath_platform_description/share/clearpath_platform_description/urdf/links/frame.urdf.xacro
[1.027s] -- Up-to-date symlink: /home/tomas-jelinek/clearpath_sim_ws/install/clearpath_platform_description/share/clearpath_platform_description/urdf/links/mesh.urdf.xacro
[1.027s] -- Up-to-date symlink: /home/tomas-jelinek/clearpath_sim_ws/install/clearpath_platform_description/share/clearpath_platform_description/urdf/links/sphere.urdf.xacro
[1.027s] -- Up-to-date symlink: /home/tomas-jelinek/clearpath_sim_ws/install/clearpath_platform_description/share/clearpath_platform_description/urdf/r100/attachments/fams.urdf.xacro
[1.027s] -- Up-to-date symlink: /home/tomas-jelinek/clearpath_sim_ws/install/clearpath_platform_description/share/clearpath_platform_description/urdf/r100/attachments/hams.urdf.xacro
[1.027s] -- Up-to-date symlink: /home/tomas-jelinek/clearpath_sim_ws/install/clearpath_platform_description/share/clearpath_platform_description/urdf/r100/attachments/legs.urdf.xacro
[1.027s] -- Up-to-date symlink: /home/tomas-jelinek/clearpath_sim_ws/install/clearpath_platform_description/share/clearpath_platform_description/urdf/r100/attachments/tower.urdf.xacro
[1.027s] -- Up-to-date symlink: /home/tomas-jelinek/clearpath_sim_ws/install/clearpath_platform_description/share/clearpath_platform_description/urdf/r100/r100.urdf.xacro
[1.028s] -- Up-to-date symlink: /home/tomas-jelinek/clearpath_sim_ws/install/clearpath_platform_description/share/clearpath_platform_description/urdf/r100/rocker.urdf.xacro
[1.028s] -- Up-to-date symlink: /home/tomas-jelinek/clearpath_sim_ws/install/clearpath_platform_description/share/clearpath_platform_description/urdf/r100/wheels/wheel.urdf.xacro
[1.028s] -- Up-to-date symlink: /home/tomas-jelinek/clearpath_sim_ws/install/clearpath_platform_description/share/clearpath_platform_description/urdf/w200/attachments/arm_plate.urdf.xacro
[1.028s] -- Up-to-date symlink: /home/tomas-jelinek/clearpath_sim_ws/install/clearpath_platform_description/share/clearpath_platform_description/urdf/w200/attachments/bulkhead.urdf.xacro
[1.028s] -- Up-to-date symlink: /home/tomas-jelinek/clearpath_sim_ws/install/clearpath_platform_description/share/clearpath_platform_description/urdf/w200/attachments/generator.urdf.xacro
[1.030s] -- Up-to-date symlink: /home/tomas-jelinek/clearpath_sim_ws/install/clearpath_platform_description/share/clearpath_platform_description/urdf/w200/diff_unit.urdf.xacro
[1.030s] -- Up-to-date symlink: /home/tomas-jelinek/clearpath_sim_ws/install/clearpath_platform_description/share/clearpath_platform_description/urdf/w200/w200.urdf.xacro
[1.030s] -- Up-to-date symlink: /home/tomas-jelinek/clearpath_sim_ws/install/clearpath_platform_description/share/clearpath_platform_description/urdf/w200/wheels/track.urdf.xacro
[1.030s] -- Up-to-date symlink: /home/tomas-jelinek/clearpath_sim_ws/install/clearpath_platform_description/share/clearpath_platform_description/urdf/w200/wheels/wheel.urdf.xacro
[1.031s] -- Up-to-date symlink: /home/tomas-jelinek/clearpath_sim_ws/install/clearpath_platform_description/share/ament_index/resource_index/package_run_dependencies/clearpath_platform_description
[1.031s] -- Up-to-date symlink: /home/tomas-jelinek/clearpath_sim_ws/install/clearpath_platform_description/share/ament_index/resource_index/parent_prefix_path/clearpath_platform_description
[1.031s] -- Up-to-date symlink: /home/tomas-jelinek/clearpath_sim_ws/install/clearpath_platform_description/share/clearpath_platform_description/environment/ament_prefix_path.sh
[1.031s] -- Up-to-date symlink: /home/tomas-jelinek/clearpath_sim_ws/install/clearpath_platform_description/share/clearpath_platform_description/environment/ament_prefix_path.dsv
[1.031s] -- Up-to-date symlink: /home/tomas-jelinek/clearpath_sim_ws/install/clearpath_platform_description/share/clearpath_platform_description/environment/path.sh
[1.031s] -- Up-to-date symlink: /home/tomas-jelinek/clearpath_sim_ws/install/clearpath_platform_description/share/clearpath_platform_description/environment/path.dsv
[1.032s] -- Up-to-date symlink: /home/tomas-jelinek/clearpath_sim_ws/install/clearpath_platform_description/share/clearpath_platform_description/local_setup.bash
[1.032s] -- Up-to-date symlink: /home/tomas-jelinek/clearpath_sim_ws/install/clearpath_platform_description/share/clearpath_platform_description/local_setup.sh
[1.032s] -- Up-to-date symlink: /home/tomas-jelinek/clearpath_sim_ws/install/clearpath_platform_description/share/clearpath_platform_description/local_setup.zsh
[1.032s] -- Up-to-date symlink: /home/tomas-jelinek/clearpath_sim_ws/install/clearpath_platform_description/share/clearpath_platform_description/local_setup.dsv
[1.032s] -- Symlinking: /home/tomas-jelinek/clearpath_sim_ws/install/clearpath_platform_description/share/clearpath_platform_description/package.dsv
[1.032s] -- Up-to-date symlink: /home/tomas-jelinek/clearpath_sim_ws/install/clearpath_platform_description/share/ament_index/resource_index/packages/clearpath_platform_description
[1.032s] -- Up-to-date symlink: /home/tomas-jelinek/clearpath_sim_ws/install/clearpath_platform_description/share/clearpath_platform_description/cmake/clearpath_platform_descriptionConfig.cmake
[1.032s] -- Up-to-date symlink: /home/tomas-jelinek/clearpath_sim_ws/install/clearpath_platform_description/share/clearpath_platform_description/cmake/clearpath_platform_descriptionConfig-version.cmake
[1.033s] -- Up-to-date symlink: /home/tomas-jelinek/clearpath_sim_ws/install/clearpath_platform_description/share/clearpath_platform_description/package.xml
[1.132s] Invoked command in '/home/tomas-jelinek/clearpath_sim_ws/build/clearpath_platform_description' returned '0': CMAKE_PREFIX_PATH=/opt/ros/humble /usr/bin/cmake --install /home/tomas-jelinek/clearpath_sim_ws/build/clearpath_platform_description
