[0.015s] Invoking command in '/home/tomas-jelinek/clearpath_sim_ws/build/clearpath_generator_common': AMENT_PREFIX_PATH=/home/tomas-jelinek/clearpath_sim_ws/install/clearpath_config:/home/tomas-jelinek/clearpath_sim_ws/install/obst_avoid:/home/tomas-jelinek/clearpath_sim_ws/install/clearpath_common:/home/tomas-jelinek/clearpath_sim_ws/install/clearpath_generator_common:/home/tomas-jelinek/clearpath_sim_ws/install/clearpath_description:/home/tomas-jelinek/clearpath_sim_ws/install/clearpath_sensors_description:/home/tomas-jelinek/clearpath_sim_ws/install/clearpath_platform:/home/tomas-jelinek/clearpath_sim_ws/install/clearpath_msgs:/home/tomas-jelinek/clearpath_sim_ws/install/clearpath_platform_msgs:/home/tomas-jelinek/clearpath_sim_ws/install/clearpath_platform_description:/home/tomas-jelinek/clearpath_sim_ws/install/clearpath_mounts_description:/home/tomas-jelinek/clearpath_sim_ws/install/clearpath_manipulators:/home/tomas-jelinek/clearpath_sim_ws/install/clearpath_manipulators_description:/home/tomas-jelinek/clearpath_sim_ws/install/clearpath_customization:/home/tomas-jelinek/clearpath_sim_ws/install/clearpath_control:/opt/ros/humble CMAKE_PREFIX_PATH=/home/tomas-jelinek/clearpath_sim_ws/install/clearpath_platform:/home/tomas-jelinek/clearpath_sim_ws/install/clearpath_manipulators:/home/tomas-jelinek/clearpath_sim_ws/install/clearpath_description:/home/tomas-jelinek/clearpath_sim_ws/install/clearpath_sensors_description:/home/tomas-jelinek/clearpath_sim_ws/install/clearpath_platform_msgs:/home/tomas-jelinek/clearpath_sim_ws/install/clearpath_platform_description:/home/tomas-jelinek/clearpath_sim_ws/install/clearpath_mounts_description:/home/tomas-jelinek/clearpath_sim_ws/install/clearpath_manipulators_description:/home/tomas-jelinek/clearpath_sim_ws/install/clearpath_control:/home/tomas-jelinek/clearpath_sim_ws/install/clearpath_common:/home/tomas-jelinek/clearpath_sim_ws/install/clearpath_generator_common:/home/tomas-jelinek/clearpath_sim_ws/install/clearpath_msgs:/home/tomas-jelinek/clearpath_sim_ws/install/clearpath_customization:/home/tomas-jelinek/clearpath_sim_ws/install/obst_avoid:/home/tomas-jelinek/clearpath_sim_ws/install/clearpath_config:/opt/ros/humble PYTHONPATH=/home/tomas-jelinek/clearpath_sim_ws/install/clearpath_config/lib/python3.10/site-packages:/home/tomas-jelinek/clearpath_sim_ws/install/obst_avoid/lib/python3.10/site-packages:/home/tomas-jelinek/clearpath_sim_ws/install/clearpath_generator_common/local/lib/python3.10/dist-packages:/home/tomas-jelinek/clearpath_sim_ws/install/clearpath_platform_msgs/local/lib/python3.10/dist-packages:/opt/ros/humble/lib/python3.10/site-packages:/opt/ros/humble/local/lib/python3.10/dist-packages:/opt/ros/hubmle/lib/python3.10/site-packages /usr/bin/cmake --build /home/tomas-jelinek/clearpath_sim_ws/build/clearpath_generator_common -- -j8 -l8
[0.053s] [  0%] Built target ament_cmake_python_symlink_clearpath_generator_common
[0.063s] [100%] Built target moveit_collision_updater
[0.229s] running egg_info
[0.229s] writing clearpath_generator_common.egg-info/PKG-INFO
[0.229s] writing dependency_links to clearpath_generator_common.egg-info/dependency_links.txt
[0.230s] writing top-level names to clearpath_generator_common.egg-info/top_level.txt
[0.232s] reading manifest file 'clearpath_generator_common.egg-info/SOURCES.txt'
[0.232s] writing manifest file 'clearpath_generator_common.egg-info/SOURCES.txt'
[0.250s] [100%] Built target ament_cmake_python_build_clearpath_generator_common_egg
[0.257s] Invoked command in '/home/tomas-jelinek/clearpath_sim_ws/build/clearpath_generator_common' returned '0': AMENT_PREFIX_PATH=/home/tomas-jelinek/clearpath_sim_ws/install/clearpath_config:/home/tomas-jelinek/clearpath_sim_ws/install/obst_avoid:/home/tomas-jelinek/clearpath_sim_ws/install/clearpath_common:/home/tomas-jelinek/clearpath_sim_ws/install/clearpath_generator_common:/home/tomas-jelinek/clearpath_sim_ws/install/clearpath_description:/home/tomas-jelinek/clearpath_sim_ws/install/clearpath_sensors_description:/home/tomas-jelinek/clearpath_sim_ws/install/clearpath_platform:/home/tomas-jelinek/clearpath_sim_ws/install/clearpath_msgs:/home/tomas-jelinek/clearpath_sim_ws/install/clearpath_platform_msgs:/home/tomas-jelinek/clearpath_sim_ws/install/clearpath_platform_description:/home/tomas-jelinek/clearpath_sim_ws/install/clearpath_mounts_description:/home/tomas-jelinek/clearpath_sim_ws/install/clearpath_manipulators:/home/tomas-jelinek/clearpath_sim_ws/install/clearpath_manipulators_description:/home/tomas-jelinek/clearpath_sim_ws/install/clearpath_customization:/home/tomas-jelinek/clearpath_sim_ws/install/clearpath_control:/opt/ros/humble CMAKE_PREFIX_PATH=/home/tomas-jelinek/clearpath_sim_ws/install/clearpath_platform:/home/tomas-jelinek/clearpath_sim_ws/install/clearpath_manipulators:/home/tomas-jelinek/clearpath_sim_ws/install/clearpath_description:/home/tomas-jelinek/clearpath_sim_ws/install/clearpath_sensors_description:/home/tomas-jelinek/clearpath_sim_ws/install/clearpath_platform_msgs:/home/tomas-jelinek/clearpath_sim_ws/install/clearpath_platform_description:/home/tomas-jelinek/clearpath_sim_ws/install/clearpath_mounts_description:/home/tomas-jelinek/clearpath_sim_ws/install/clearpath_manipulators_description:/home/tomas-jelinek/clearpath_sim_ws/install/clearpath_control:/home/tomas-jelinek/clearpath_sim_ws/install/clearpath_common:/home/tomas-jelinek/clearpath_sim_ws/install/clearpath_generator_common:/home/tomas-jelinek/clearpath_sim_ws/install/clearpath_msgs:/home/tomas-jelinek/clearpath_sim_ws/install/clearpath_customization:/home/tomas-jelinek/clearpath_sim_ws/install/obst_avoid:/home/tomas-jelinek/clearpath_sim_ws/install/clearpath_config:/opt/ros/humble PYTHONPATH=/home/tomas-jelinek/clearpath_sim_ws/install/clearpath_config/lib/python3.10/site-packages:/home/tomas-jelinek/clearpath_sim_ws/install/obst_avoid/lib/python3.10/site-packages:/home/tomas-jelinek/clearpath_sim_ws/install/clearpath_generator_common/local/lib/python3.10/dist-packages:/home/tomas-jelinek/clearpath_sim_ws/install/clearpath_platform_msgs/local/lib/python3.10/dist-packages:/opt/ros/humble/lib/python3.10/site-packages:/opt/ros/humble/local/lib/python3.10/dist-packages:/opt/ros/hubmle/lib/python3.10/site-packages /usr/bin/cmake --build /home/tomas-jelinek/clearpath_sim_ws/build/clearpath_generator_common -- -j8 -l8
[0.275s] Invoking command in '/home/tomas-jelinek/clearpath_sim_ws/build/clearpath_generator_common': AMENT_PREFIX_PATH=/home/tomas-jelinek/clearpath_sim_ws/install/clearpath_config:/home/tomas-jelinek/clearpath_sim_ws/install/obst_avoid:/home/tomas-jelinek/clearpath_sim_ws/install/clearpath_common:/home/tomas-jelinek/clearpath_sim_ws/install/clearpath_generator_common:/home/tomas-jelinek/clearpath_sim_ws/install/clearpath_description:/home/tomas-jelinek/clearpath_sim_ws/install/clearpath_sensors_description:/home/tomas-jelinek/clearpath_sim_ws/install/clearpath_platform:/home/tomas-jelinek/clearpath_sim_ws/install/clearpath_msgs:/home/tomas-jelinek/clearpath_sim_ws/install/clearpath_platform_msgs:/home/tomas-jelinek/clearpath_sim_ws/install/clearpath_platform_description:/home/tomas-jelinek/clearpath_sim_ws/install/clearpath_mounts_description:/home/tomas-jelinek/clearpath_sim_ws/install/clearpath_manipulators:/home/tomas-jelinek/clearpath_sim_ws/install/clearpath_manipulators_description:/home/tomas-jelinek/clearpath_sim_ws/install/clearpath_customization:/home/tomas-jelinek/clearpath_sim_ws/install/clearpath_control:/opt/ros/humble CMAKE_PREFIX_PATH=/home/tomas-jelinek/clearpath_sim_ws/install/clearpath_platform:/home/tomas-jelinek/clearpath_sim_ws/install/clearpath_manipulators:/home/tomas-jelinek/clearpath_sim_ws/install/clearpath_description:/home/tomas-jelinek/clearpath_sim_ws/install/clearpath_sensors_description:/home/tomas-jelinek/clearpath_sim_ws/install/clearpath_platform_msgs:/home/tomas-jelinek/clearpath_sim_ws/install/clearpath_platform_description:/home/tomas-jelinek/clearpath_sim_ws/install/clearpath_mounts_description:/home/tomas-jelinek/clearpath_sim_ws/install/clearpath_manipulators_description:/home/tomas-jelinek/clearpath_sim_ws/install/clearpath_control:/home/tomas-jelinek/clearpath_sim_ws/install/clearpath_common:/home/tomas-jelinek/clearpath_sim_ws/install/clearpath_generator_common:/home/tomas-jelinek/clearpath_sim_ws/install/clearpath_msgs:/home/tomas-jelinek/clearpath_sim_ws/install/clearpath_customization:/home/tomas-jelinek/clearpath_sim_ws/install/obst_avoid:/home/tomas-jelinek/clearpath_sim_ws/install/clearpath_config:/opt/ros/humble PYTHONPATH=/home/tomas-jelinek/clearpath_sim_ws/install/clearpath_config/lib/python3.10/site-packages:/home/tomas-jelinek/clearpath_sim_ws/install/obst_avoid/lib/python3.10/site-packages:/home/tomas-jelinek/clearpath_sim_ws/install/clearpath_generator_common/local/lib/python3.10/dist-packages:/home/tomas-jelinek/clearpath_sim_ws/install/clearpath_platform_msgs/local/lib/python3.10/dist-packages:/opt/ros/humble/lib/python3.10/site-packages:/opt/ros/humble/local/lib/python3.10/dist-packages:/opt/ros/hubmle/lib/python3.10/site-packages /usr/bin/cmake --install /home/tomas-jelinek/clearpath_sim_ws/build/clearpath_generator_common
[0.280s] -- Install configuration: ""
[0.280s] -- Execute custom install script
[0.280s] -- Up-to-date symlink: /home/tomas-jelinek/clearpath_sim_ws/install/clearpath_generator_common/lib/clearpath_generator_common/generate_description
[0.280s] -- Up-to-date symlink: /home/tomas-jelinek/clearpath_sim_ws/install/clearpath_generator_common/lib/clearpath_generator_common/generate_discovery_server
[0.280s] -- Up-to-date symlink: /home/tomas-jelinek/clearpath_sim_ws/install/clearpath_generator_common/lib/clearpath_generator_common/generate_bash
[0.280s] -- Up-to-date symlink: /home/tomas-jelinek/clearpath_sim_ws/install/clearpath_generator_common/lib/clearpath_generator_common/generate_semantic_description
[0.280s] -- Up-to-date symlink: /home/tomas-jelinek/clearpath_sim_ws/install/clearpath_generator_common/share/clearpath_generator_common/environment/pythonpath.sh
[0.280s] -- Up-to-date symlink: /home/tomas-jelinek/clearpath_sim_ws/install/clearpath_generator_common/share/clearpath_generator_common/environment/pythonpath.dsv
[0.281s] -- Up-to-date symlink: /home/tomas-jelinek/clearpath_sim_ws/install/clearpath_generator_common/local/lib/python3.10/dist-packages/clearpath_generator_common-0.3.4-py3.10.egg-info/PKG-INFO
[0.281s] -- Up-to-date symlink: /home/tomas-jelinek/clearpath_sim_ws/install/clearpath_generator_common/local/lib/python3.10/dist-packages/clearpath_generator_common-0.3.4-py3.10.egg-info/SOURCES.txt
[0.281s] -- Up-to-date symlink: /home/tomas-jelinek/clearpath_sim_ws/install/clearpath_generator_common/local/lib/python3.10/dist-packages/clearpath_generator_common-0.3.4-py3.10.egg-info/dependency_links.txt
[0.281s] -- Up-to-date symlink: /home/tomas-jelinek/clearpath_sim_ws/install/clearpath_generator_common/local/lib/python3.10/dist-packages/clearpath_generator_common-0.3.4-py3.10.egg-info/top_level.txt
[0.281s] -- Up-to-date symlink: /home/tomas-jelinek/clearpath_sim_ws/install/clearpath_generator_common/local/lib/python3.10/dist-packages/clearpath_generator_common/__init__.py
[0.281s] -- Up-to-date symlink: /home/tomas-jelinek/clearpath_sim_ws/install/clearpath_generator_common/local/lib/python3.10/dist-packages/clearpath_generator_common/bash/__init__.py
[0.281s] -- Up-to-date symlink: /home/tomas-jelinek/clearpath_sim_ws/install/clearpath_generator_common/local/lib/python3.10/dist-packages/clearpath_generator_common/bash/generate_bash
[0.282s] -- Up-to-date symlink: /home/tomas-jelinek/clearpath_sim_ws/install/clearpath_generator_common/local/lib/python3.10/dist-packages/clearpath_generator_common/bash/generator.py
[0.282s] -- Up-to-date symlink: /home/tomas-jelinek/clearpath_sim_ws/install/clearpath_generator_common/local/lib/python3.10/dist-packages/clearpath_generator_common/bash/writer.py
[0.282s] -- Up-to-date symlink: /home/tomas-jelinek/clearpath_sim_ws/install/clearpath_generator_common/local/lib/python3.10/dist-packages/clearpath_generator_common/common.py
[0.282s] -- Up-to-date symlink: /home/tomas-jelinek/clearpath_sim_ws/install/clearpath_generator_common/local/lib/python3.10/dist-packages/clearpath_generator_common/description/__init__.py
[0.282s] -- Up-to-date symlink: /home/tomas-jelinek/clearpath_sim_ws/install/clearpath_generator_common/local/lib/python3.10/dist-packages/clearpath_generator_common/description/attachments.py
[0.282s] -- Up-to-date symlink: /home/tomas-jelinek/clearpath_sim_ws/install/clearpath_generator_common/local/lib/python3.10/dist-packages/clearpath_generator_common/description/generate_description
[0.282s] -- Up-to-date symlink: /home/tomas-jelinek/clearpath_sim_ws/install/clearpath_generator_common/local/lib/python3.10/dist-packages/clearpath_generator_common/description/generator.py
[0.282s] -- Up-to-date symlink: /home/tomas-jelinek/clearpath_sim_ws/install/clearpath_generator_common/local/lib/python3.10/dist-packages/clearpath_generator_common/description/links.py
[0.282s] -- Up-to-date symlink: /home/tomas-jelinek/clearpath_sim_ws/install/clearpath_generator_common/local/lib/python3.10/dist-packages/clearpath_generator_common/description/manipulators.py
[0.282s] -- Up-to-date symlink: /home/tomas-jelinek/clearpath_sim_ws/install/clearpath_generator_common/local/lib/python3.10/dist-packages/clearpath_generator_common/description/mounts.py
[0.282s] -- Up-to-date symlink: /home/tomas-jelinek/clearpath_sim_ws/install/clearpath_generator_common/local/lib/python3.10/dist-packages/clearpath_generator_common/description/platform.py
[0.282s] -- Up-to-date symlink: /home/tomas-jelinek/clearpath_sim_ws/install/clearpath_generator_common/local/lib/python3.10/dist-packages/clearpath_generator_common/description/sensors.py
[0.282s] -- Up-to-date symlink: /home/tomas-jelinek/clearpath_sim_ws/install/clearpath_generator_common/local/lib/python3.10/dist-packages/clearpath_generator_common/description/writer.py
[0.282s] -- Up-to-date symlink: /home/tomas-jelinek/clearpath_sim_ws/install/clearpath_generator_common/local/lib/python3.10/dist-packages/clearpath_generator_common/discovery_server/generate_discovery_server
[0.282s] -- Up-to-date symlink: /home/tomas-jelinek/clearpath_sim_ws/install/clearpath_generator_common/local/lib/python3.10/dist-packages/clearpath_generator_common/discovery_server/generator.py
[0.282s] -- Up-to-date symlink: /home/tomas-jelinek/clearpath_sim_ws/install/clearpath_generator_common/local/lib/python3.10/dist-packages/clearpath_generator_common/launch/__init__.py
[0.282s] -- Up-to-date symlink: /home/tomas-jelinek/clearpath_sim_ws/install/clearpath_generator_common/local/lib/python3.10/dist-packages/clearpath_generator_common/launch/generator.py
[0.282s] -- Up-to-date symlink: /home/tomas-jelinek/clearpath_sim_ws/install/clearpath_generator_common/local/lib/python3.10/dist-packages/clearpath_generator_common/launch/writer.py
[0.283s] -- Up-to-date symlink: /home/tomas-jelinek/clearpath_sim_ws/install/clearpath_generator_common/local/lib/python3.10/dist-packages/clearpath_generator_common/package/__init__.py
[0.283s] -- Up-to-date symlink: /home/tomas-jelinek/clearpath_sim_ws/install/clearpath_generator_common/local/lib/python3.10/dist-packages/clearpath_generator_common/package/writer.py
[0.283s] -- Up-to-date symlink: /home/tomas-jelinek/clearpath_sim_ws/install/clearpath_generator_common/local/lib/python3.10/dist-packages/clearpath_generator_common/param/__init__.py
[0.283s] -- Up-to-date symlink: /home/tomas-jelinek/clearpath_sim_ws/install/clearpath_generator_common/local/lib/python3.10/dist-packages/clearpath_generator_common/param/generator.py
[0.283s] -- Up-to-date symlink: /home/tomas-jelinek/clearpath_sim_ws/install/clearpath_generator_common/local/lib/python3.10/dist-packages/clearpath_generator_common/param/manipulators.py
[0.283s] -- Up-to-date symlink: /home/tomas-jelinek/clearpath_sim_ws/install/clearpath_generator_common/local/lib/python3.10/dist-packages/clearpath_generator_common/param/platform.py
[0.283s] -- Up-to-date symlink: /home/tomas-jelinek/clearpath_sim_ws/install/clearpath_generator_common/local/lib/python3.10/dist-packages/clearpath_generator_common/param/writer.py
[0.283s] -- Up-to-date symlink: /home/tomas-jelinek/clearpath_sim_ws/install/clearpath_generator_common/local/lib/python3.10/dist-packages/clearpath_generator_common/semantic_description/__init__.py
[0.283s] -- Up-to-date symlink: /home/tomas-jelinek/clearpath_sim_ws/install/clearpath_generator_common/local/lib/python3.10/dist-packages/clearpath_generator_common/semantic_description/generate_semantic_description
[0.283s] -- Up-to-date symlink: /home/tomas-jelinek/clearpath_sim_ws/install/clearpath_generator_common/local/lib/python3.10/dist-packages/clearpath_generator_common/semantic_description/generator.py
[0.283s] -- Up-to-date symlink: /home/tomas-jelinek/clearpath_sim_ws/install/clearpath_generator_common/local/lib/python3.10/dist-packages/clearpath_generator_common/semantic_description/manipulators.py
[0.283s] -- Up-to-date symlink: /home/tomas-jelinek/clearpath_sim_ws/install/clearpath_generator_common/share/ament_index/resource_index/package_run_dependencies/clearpath_generator_common
[0.283s] -- Up-to-date symlink: /home/tomas-jelinek/clearpath_sim_ws/install/clearpath_generator_common/share/ament_index/resource_index/parent_prefix_path/clearpath_generator_common
[0.283s] -- Up-to-date symlink: /home/tomas-jelinek/clearpath_sim_ws/install/clearpath_generator_common/share/clearpath_generator_common/environment/ament_prefix_path.sh
[0.283s] -- Up-to-date symlink: /home/tomas-jelinek/clearpath_sim_ws/install/clearpath_generator_common/share/clearpath_generator_common/environment/ament_prefix_path.dsv
[0.283s] -- Up-to-date symlink: /home/tomas-jelinek/clearpath_sim_ws/install/clearpath_generator_common/share/clearpath_generator_common/environment/path.sh
[0.284s] -- Up-to-date symlink: /home/tomas-jelinek/clearpath_sim_ws/install/clearpath_generator_common/share/clearpath_generator_common/environment/path.dsv
[0.284s] -- Up-to-date symlink: /home/tomas-jelinek/clearpath_sim_ws/install/clearpath_generator_common/share/clearpath_generator_common/local_setup.bash
[0.284s] -- Up-to-date symlink: /home/tomas-jelinek/clearpath_sim_ws/install/clearpath_generator_common/share/clearpath_generator_common/local_setup.sh
[0.284s] -- Up-to-date symlink: /home/tomas-jelinek/clearpath_sim_ws/install/clearpath_generator_common/share/clearpath_generator_common/local_setup.zsh
[0.284s] -- Up-to-date symlink: /home/tomas-jelinek/clearpath_sim_ws/install/clearpath_generator_common/share/clearpath_generator_common/local_setup.dsv
[0.284s] -- Symlinking: /home/tomas-jelinek/clearpath_sim_ws/install/clearpath_generator_common/share/clearpath_generator_common/package.dsv
[0.289s] -- Up-to-date symlink: /home/tomas-jelinek/clearpath_sim_ws/install/clearpath_generator_common/share/ament_index/resource_index/packages/clearpath_generator_common
[0.290s] -- Up-to-date symlink: /home/tomas-jelinek/clearpath_sim_ws/install/clearpath_generator_common/share/clearpath_generator_common/cmake/clearpath_generator_commonConfig.cmake
[0.290s] -- Up-to-date symlink: /home/tomas-jelinek/clearpath_sim_ws/install/clearpath_generator_common/share/clearpath_generator_common/cmake/clearpath_generator_commonConfig-version.cmake
[0.290s] -- Up-to-date symlink: /home/tomas-jelinek/clearpath_sim_ws/install/clearpath_generator_common/share/clearpath_generator_common/package.xml
[0.290s] -- Up-to-date: /home/tomas-jelinek/clearpath_sim_ws/install/clearpath_generator_common/lib/clearpath_generator_common/moveit_collision_updater
[0.311s] Listing '/home/tomas-jelinek/clearpath_sim_ws/install/clearpath_generator_common/local/lib/python3.10/dist-packages/clearpath_generator_common'...
[0.311s] Listing '/home/tomas-jelinek/clearpath_sim_ws/install/clearpath_generator_common/local/lib/python3.10/dist-packages/clearpath_generator_common/bash'...
[0.311s] Listing '/home/tomas-jelinek/clearpath_sim_ws/install/clearpath_generator_common/local/lib/python3.10/dist-packages/clearpath_generator_common/description'...
[0.312s] Listing '/home/tomas-jelinek/clearpath_sim_ws/install/clearpath_generator_common/local/lib/python3.10/dist-packages/clearpath_generator_common/discovery_server'...
[0.312s] Listing '/home/tomas-jelinek/clearpath_sim_ws/install/clearpath_generator_common/local/lib/python3.10/dist-packages/clearpath_generator_common/launch'...
[0.312s] Listing '/home/tomas-jelinek/clearpath_sim_ws/install/clearpath_generator_common/local/lib/python3.10/dist-packages/clearpath_generator_common/package'...
[0.312s] Listing '/home/tomas-jelinek/clearpath_sim_ws/install/clearpath_generator_common/local/lib/python3.10/dist-packages/clearpath_generator_common/param'...
[0.312s] Listing '/home/tomas-jelinek/clearpath_sim_ws/install/clearpath_generator_common/local/lib/python3.10/dist-packages/clearpath_generator_common/semantic_description'...
[0.316s] Invoked command in '/home/tomas-jelinek/clearpath_sim_ws/build/clearpath_generator_common' returned '0': AMENT_PREFIX_PATH=/home/tomas-jelinek/clearpath_sim_ws/install/clearpath_config:/home/tomas-jelinek/clearpath_sim_ws/install/obst_avoid:/home/tomas-jelinek/clearpath_sim_ws/install/clearpath_common:/home/tomas-jelinek/clearpath_sim_ws/install/clearpath_generator_common:/home/tomas-jelinek/clearpath_sim_ws/install/clearpath_description:/home/tomas-jelinek/clearpath_sim_ws/install/clearpath_sensors_description:/home/tomas-jelinek/clearpath_sim_ws/install/clearpath_platform:/home/tomas-jelinek/clearpath_sim_ws/install/clearpath_msgs:/home/tomas-jelinek/clearpath_sim_ws/install/clearpath_platform_msgs:/home/tomas-jelinek/clearpath_sim_ws/install/clearpath_platform_description:/home/tomas-jelinek/clearpath_sim_ws/install/clearpath_mounts_description:/home/tomas-jelinek/clearpath_sim_ws/install/clearpath_manipulators:/home/tomas-jelinek/clearpath_sim_ws/install/clearpath_manipulators_description:/home/tomas-jelinek/clearpath_sim_ws/install/clearpath_customization:/home/tomas-jelinek/clearpath_sim_ws/install/clearpath_control:/opt/ros/humble CMAKE_PREFIX_PATH=/home/tomas-jelinek/clearpath_sim_ws/install/clearpath_platform:/home/tomas-jelinek/clearpath_sim_ws/install/clearpath_manipulators:/home/tomas-jelinek/clearpath_sim_ws/install/clearpath_description:/home/tomas-jelinek/clearpath_sim_ws/install/clearpath_sensors_description:/home/tomas-jelinek/clearpath_sim_ws/install/clearpath_platform_msgs:/home/tomas-jelinek/clearpath_sim_ws/install/clearpath_platform_description:/home/tomas-jelinek/clearpath_sim_ws/install/clearpath_mounts_description:/home/tomas-jelinek/clearpath_sim_ws/install/clearpath_manipulators_description:/home/tomas-jelinek/clearpath_sim_ws/install/clearpath_control:/home/tomas-jelinek/clearpath_sim_ws/install/clearpath_common:/home/tomas-jelinek/clearpath_sim_ws/install/clearpath_generator_common:/home/tomas-jelinek/clearpath_sim_ws/install/clearpath_msgs:/home/tomas-jelinek/clearpath_sim_ws/install/clearpath_customization:/home/tomas-jelinek/clearpath_sim_ws/install/obst_avoid:/home/tomas-jelinek/clearpath_sim_ws/install/clearpath_config:/opt/ros/humble PYTHONPATH=/home/tomas-jelinek/clearpath_sim_ws/install/clearpath_config/lib/python3.10/site-packages:/home/tomas-jelinek/clearpath_sim_ws/install/obst_avoid/lib/python3.10/site-packages:/home/tomas-jelinek/clearpath_sim_ws/install/clearpath_generator_common/local/lib/python3.10/dist-packages:/home/tomas-jelinek/clearpath_sim_ws/install/clearpath_platform_msgs/local/lib/python3.10/dist-packages:/opt/ros/humble/lib/python3.10/site-packages:/opt/ros/humble/local/lib/python3.10/dist-packages:/opt/ros/hubmle/lib/python3.10/site-packages /usr/bin/cmake --install /home/tomas-jelinek/clearpath_sim_ws/build/clearpath_generator_common
