[  0%] Built target clearpath_platform_msgs__cpp
[ 12%] Built target clearpath_platform_msgs__rosidl_generator_c
[ 12%] Built target ament_cmake_python_symlink_clearpath_platform_msgs
[ 24%] Built target clearpath_platform_msgs__rosidl_typesupport_introspection_cpp
[ 36%] Built target clearpath_platform_msgs__rosidl_typesupport_cpp
[ 47%] Built target clearpath_platform_msgs__rosidl_typesupport_fastrtps_cpp
[ 59%] Built target clearpath_platform_msgs__rosidl_typesupport_introspection_c
[ 71%] Built target clearpath_platform_msgs__rosidl_typesupport_fastrtps_c
[ 82%] Built target clearpath_platform_msgs__rosidl_typesupport_c
[ 82%] Built target clearpath_platform_msgs
[ 83%] Built target clearpath_platform_msgs__py
[ 94%] Built target clearpath_platform_msgs__rosidl_generator_py
[ 96%] Built target clearpath_platform_msgs__rosidl_typesupport_c__pyext
[ 98%] Built target clearpath_platform_msgs__rosidl_typesupport_fastrtps_c__pyext
[100%] Built target clearpath_platform_msgs__rosidl_typesupport_introspection_c__pyext
running egg_info
writing clearpath_platform_msgs.egg-info/PKG-INFO
writing dependency_links to clearpath_platform_msgs.egg-info/dependency_links.txt
writing top-level names to clearpath_platform_msgs.egg-info/top_level.txt
reading manifest file 'clearpath_platform_msgs.egg-info/SOURCES.txt'
writing manifest file 'clearpath_platform_msgs.egg-info/SOURCES.txt'
[100%] Built target ament_cmake_python_build_clearpath_platform_msgs_egg
