[0.081s] Invoking command in '/home/tomas-jelinek/clearpath_sim_ws/build/clearpath_manipulators_description': CMAKE_PREFIX_PATH=/opt/ros/humble /usr/bin/cmake --build /home/tomas-jelinek/clearpath_sim_ws/build/clearpath_manipulators_description -- -j8 -l8
[0.994s] Invoked command in '/home/tomas-jelinek/clearpath_sim_ws/build/clearpath_manipulators_description' returned '0': CMAKE_PREFIX_PATH=/opt/ros/humble /usr/bin/cmake --build /home/tomas-jelinek/clearpath_sim_ws/build/clearpath_manipulators_description -- -j8 -l8
[1.085s] Invoking command in '/home/tomas-jelinek/clearpath_sim_ws/build/clearpath_manipulators_description': CMAKE_PREFIX_PATH=/opt/ros/humble /usr/bin/cmake --install /home/tomas-jelinek/clearpath_sim_ws/build/clearpath_manipulators_description
[1.141s] -- Install configuration: ""
[1.141s] -- Execute custom install script
[1.141s] -- Up-to-date symlink: /home/tomas-jelinek/clearpath_sim_ws/install/clearpath_manipulators_description/share/clearpath_manipulators_description/urdf/arm/kinova_gen3_6dof.urdf.xacro
[1.141s] -- Up-to-date symlink: /home/tomas-jelinek/clearpath_sim_ws/install/clearpath_manipulators_description/share/clearpath_manipulators_description/urdf/arm/kinova_gen3_7dof.urdf.xacro
[1.141s] -- Up-to-date symlink: /home/tomas-jelinek/clearpath_sim_ws/install/clearpath_manipulators_description/share/clearpath_manipulators_description/urdf/arm/kinova_gen3_lite.urdf.xacro
[1.141s] -- Up-to-date symlink: /home/tomas-jelinek/clearpath_sim_ws/install/clearpath_manipulators_description/share/clearpath_manipulators_description/urdf/gripper/kinova_2f_lite.urdf.xacro
[1.141s] -- Up-to-date symlink: /home/tomas-jelinek/clearpath_sim_ws/install/clearpath_manipulators_description/share/clearpath_manipulators_description/urdf/gripper/robotiq_2f_140.urdf.xacro
[1.147s] -- Up-to-date symlink: /home/tomas-jelinek/clearpath_sim_ws/install/clearpath_manipulators_description/share/clearpath_manipulators_description/urdf/gripper/robotiq_2f_85.urdf.xacro
[1.147s] -- Up-to-date symlink: /home/tomas-jelinek/clearpath_sim_ws/install/clearpath_manipulators_description/share/clearpath_manipulators_description/config/arm/kinova_gen3_6dof/control.yaml
[1.147s] -- Up-to-date symlink: /home/tomas-jelinek/clearpath_sim_ws/install/clearpath_manipulators_description/share/clearpath_manipulators_description/config/arm/kinova_gen3_6dof/initial_positions.yaml
[1.147s] -- Up-to-date symlink: /home/tomas-jelinek/clearpath_sim_ws/install/clearpath_manipulators_description/share/clearpath_manipulators_description/config/arm/kinova_gen3_6dof/joint_limits.yaml
[1.148s] -- Up-to-date symlink: /home/tomas-jelinek/clearpath_sim_ws/install/clearpath_manipulators_description/share/clearpath_manipulators_description/config/arm/kinova_gen3_6dof/moveit_controllers.yaml
[1.148s] -- Up-to-date symlink: /home/tomas-jelinek/clearpath_sim_ws/install/clearpath_manipulators_description/share/clearpath_manipulators_description/config/arm/kinova_gen3_7dof/control.yaml
[1.148s] -- Up-to-date symlink: /home/tomas-jelinek/clearpath_sim_ws/install/clearpath_manipulators_description/share/clearpath_manipulators_description/config/arm/kinova_gen3_7dof/initial_positions.yaml
[1.148s] -- Up-to-date symlink: /home/tomas-jelinek/clearpath_sim_ws/install/clearpath_manipulators_description/share/clearpath_manipulators_description/config/arm/kinova_gen3_7dof/joint_limits.yaml
[1.148s] -- Up-to-date symlink: /home/tomas-jelinek/clearpath_sim_ws/install/clearpath_manipulators_description/share/clearpath_manipulators_description/config/arm/kinova_gen3_7dof/moveit_controllers.yaml
[1.148s] -- Up-to-date symlink: /home/tomas-jelinek/clearpath_sim_ws/install/clearpath_manipulators_description/share/clearpath_manipulators_description/config/arm/kinova_gen3_lite/control.yaml
[1.148s] -- Up-to-date symlink: /home/tomas-jelinek/clearpath_sim_ws/install/clearpath_manipulators_description/share/clearpath_manipulators_description/config/arm/kinova_gen3_lite/initial_positions.yaml
[1.148s] -- Up-to-date symlink: /home/tomas-jelinek/clearpath_sim_ws/install/clearpath_manipulators_description/share/clearpath_manipulators_description/config/arm/kinova_gen3_lite/joint_limits.yaml
[1.149s] -- Up-to-date symlink: /home/tomas-jelinek/clearpath_sim_ws/install/clearpath_manipulators_description/share/clearpath_manipulators_description/config/arm/kinova_gen3_lite/moveit_controllers.yaml
[1.149s] -- Up-to-date symlink: /home/tomas-jelinek/clearpath_sim_ws/install/clearpath_manipulators_description/share/clearpath_manipulators_description/config/gripper/kinova_2f_lite/control.yaml
[1.149s] -- Up-to-date symlink: /home/tomas-jelinek/clearpath_sim_ws/install/clearpath_manipulators_description/share/clearpath_manipulators_description/config/gripper/kinova_2f_lite/initial_positions.yaml
[1.149s] -- Up-to-date symlink: /home/tomas-jelinek/clearpath_sim_ws/install/clearpath_manipulators_description/share/clearpath_manipulators_description/config/gripper/kinova_2f_lite/joint_limits.yaml
[1.152s] -- Up-to-date symlink: /home/tomas-jelinek/clearpath_sim_ws/install/clearpath_manipulators_description/share/clearpath_manipulators_description/config/gripper/kinova_2f_lite/moveit_controllers.yaml
[1.152s] -- Up-to-date symlink: /home/tomas-jelinek/clearpath_sim_ws/install/clearpath_manipulators_description/share/clearpath_manipulators_description/config/gripper/robotiq_2f_140/control.yaml
[1.152s] -- Up-to-date symlink: /home/tomas-jelinek/clearpath_sim_ws/install/clearpath_manipulators_description/share/clearpath_manipulators_description/config/gripper/robotiq_2f_140/initial_positions.yaml
[1.153s] -- Up-to-date symlink: /home/tomas-jelinek/clearpath_sim_ws/install/clearpath_manipulators_description/share/clearpath_manipulators_description/config/gripper/robotiq_2f_140/joint_limits.yaml
[1.154s] -- Up-to-date symlink: /home/tomas-jelinek/clearpath_sim_ws/install/clearpath_manipulators_description/share/clearpath_manipulators_description/config/gripper/robotiq_2f_140/moveit_controllers.yaml
[1.154s] -- Up-to-date symlink: /home/tomas-jelinek/clearpath_sim_ws/install/clearpath_manipulators_description/share/clearpath_manipulators_description/config/gripper/robotiq_2f_85/control.yaml
[1.155s] -- Up-to-date symlink: /home/tomas-jelinek/clearpath_sim_ws/install/clearpath_manipulators_description/share/clearpath_manipulators_description/config/gripper/robotiq_2f_85/initial_positions.yaml
[1.161s] -- Up-to-date symlink: /home/tomas-jelinek/clearpath_sim_ws/install/clearpath_manipulators_description/share/clearpath_manipulators_description/config/gripper/robotiq_2f_85/joint_limits.yaml
[1.165s] -- Up-to-date symlink: /home/tomas-jelinek/clearpath_sim_ws/install/clearpath_manipulators_description/share/clearpath_manipulators_description/config/gripper/robotiq_2f_85/moveit_controllers.yaml
[1.165s] -- Up-to-date symlink: /home/tomas-jelinek/clearpath_sim_ws/install/clearpath_manipulators_description/share/clearpath_manipulators_description/srdf/arm/kinova_gen3_6dof.srdf.xacro
[1.166s] -- Up-to-date symlink: /home/tomas-jelinek/clearpath_sim_ws/install/clearpath_manipulators_description/share/clearpath_manipulators_description/srdf/arm/kinova_gen3_7dof.srdf.xacro
[1.166s] -- Up-to-date symlink: /home/tomas-jelinek/clearpath_sim_ws/install/clearpath_manipulators_description/share/clearpath_manipulators_description/srdf/arm/kinova_gen3_lite.srdf.xacro
[1.167s] -- Up-to-date symlink: /home/tomas-jelinek/clearpath_sim_ws/install/clearpath_manipulators_description/share/clearpath_manipulators_description/srdf/gripper/kinova_2f_lite.srdf.xacro
[1.167s] -- Up-to-date symlink: /home/tomas-jelinek/clearpath_sim_ws/install/clearpath_manipulators_description/share/clearpath_manipulators_description/srdf/gripper/robotiq_2f_140.srdf.xacro
[1.167s] -- Up-to-date symlink: /home/tomas-jelinek/clearpath_sim_ws/install/clearpath_manipulators_description/share/clearpath_manipulators_description/srdf/gripper/robotiq_2f_85.srdf.xacro
[1.169s] -- Up-to-date symlink: /home/tomas-jelinek/clearpath_sim_ws/install/clearpath_manipulators_description/share/clearpath_manipulators_description/launch/description.launch.py
[1.176s] -- Up-to-date symlink: /home/tomas-jelinek/clearpath_sim_ws/install/clearpath_manipulators_description/share/clearpath_manipulators_description/meshes/gripper/robotiq_2f_140_base_link.stl
[1.176s] -- Up-to-date symlink: /home/tomas-jelinek/clearpath_sim_ws/install/clearpath_manipulators_description/share/clearpath_manipulators_description/meshes/gripper/robotiq_2f_140_base_link_collision.stl
[1.176s] -- Up-to-date symlink: /home/tomas-jelinek/clearpath_sim_ws/install/clearpath_manipulators_description/share/clearpath_manipulators_description/meshes/gripper/robotiq_2f_140_coupling.stl
[1.177s] -- Up-to-date symlink: /home/tomas-jelinek/clearpath_sim_ws/install/clearpath_manipulators_description/share/clearpath_manipulators_description/meshes/gripper/robotiq_2f_140_coupling_collision.stl
[1.183s] -- Up-to-date symlink: /home/tomas-jelinek/clearpath_sim_ws/install/clearpath_manipulators_description/share/clearpath_manipulators_description/meshes/gripper/robotiq_2f_140_inner_finger.stl
[1.184s] -- Up-to-date symlink: /home/tomas-jelinek/clearpath_sim_ws/install/clearpath_manipulators_description/share/clearpath_manipulators_description/meshes/gripper/robotiq_2f_140_inner_finger_collision.stl
[1.184s] -- Up-to-date symlink: /home/tomas-jelinek/clearpath_sim_ws/install/clearpath_manipulators_description/share/clearpath_manipulators_description/meshes/gripper/robotiq_2f_140_inner_knuckle.stl
[1.184s] -- Up-to-date symlink: /home/tomas-jelinek/clearpath_sim_ws/install/clearpath_manipulators_description/share/clearpath_manipulators_description/meshes/gripper/robotiq_2f_140_inner_knuckle_collision.stl
[1.184s] -- Up-to-date symlink: /home/tomas-jelinek/clearpath_sim_ws/install/clearpath_manipulators_description/share/clearpath_manipulators_description/meshes/gripper/robotiq_2f_140_outer_finger.stl
[1.184s] -- Up-to-date symlink: /home/tomas-jelinek/clearpath_sim_ws/install/clearpath_manipulators_description/share/clearpath_manipulators_description/meshes/gripper/robotiq_2f_140_outer_finger_collision.stl
[1.184s] -- Up-to-date symlink: /home/tomas-jelinek/clearpath_sim_ws/install/clearpath_manipulators_description/share/clearpath_manipulators_description/meshes/gripper/robotiq_2f_140_outer_knuckle.stl
[1.184s] -- Up-to-date symlink: /home/tomas-jelinek/clearpath_sim_ws/install/clearpath_manipulators_description/share/clearpath_manipulators_description/meshes/gripper/robotiq_2f_140_outer_knuckle_collision.stl
[1.185s] -- Up-to-date symlink: /home/tomas-jelinek/clearpath_sim_ws/install/clearpath_manipulators_description/share/ament_index/resource_index/package_run_dependencies/clearpath_manipulators_description
[1.185s] -- Up-to-date symlink: /home/tomas-jelinek/clearpath_sim_ws/install/clearpath_manipulators_description/share/ament_index/resource_index/parent_prefix_path/clearpath_manipulators_description
[1.185s] -- Up-to-date symlink: /home/tomas-jelinek/clearpath_sim_ws/install/clearpath_manipulators_description/share/clearpath_manipulators_description/environment/ament_prefix_path.sh
[1.185s] -- Up-to-date symlink: /home/tomas-jelinek/clearpath_sim_ws/install/clearpath_manipulators_description/share/clearpath_manipulators_description/environment/ament_prefix_path.dsv
[1.191s] -- Up-to-date symlink: /home/tomas-jelinek/clearpath_sim_ws/install/clearpath_manipulators_description/share/clearpath_manipulators_description/environment/path.sh
[1.191s] -- Up-to-date symlink: /home/tomas-jelinek/clearpath_sim_ws/install/clearpath_manipulators_description/share/clearpath_manipulators_description/environment/path.dsv
[1.192s] -- Up-to-date symlink: /home/tomas-jelinek/clearpath_sim_ws/install/clearpath_manipulators_description/share/clearpath_manipulators_description/local_setup.bash
[1.193s] -- Up-to-date symlink: /home/tomas-jelinek/clearpath_sim_ws/install/clearpath_manipulators_description/share/clearpath_manipulators_description/local_setup.sh
[1.193s] -- Up-to-date symlink: /home/tomas-jelinek/clearpath_sim_ws/install/clearpath_manipulators_description/share/clearpath_manipulators_description/local_setup.zsh
[1.193s] -- Up-to-date symlink: /home/tomas-jelinek/clearpath_sim_ws/install/clearpath_manipulators_description/share/clearpath_manipulators_description/local_setup.dsv
[1.207s] -- Symlinking: /home/tomas-jelinek/clearpath_sim_ws/install/clearpath_manipulators_description/share/clearpath_manipulators_description/package.dsv
[1.236s] -- Up-to-date symlink: /home/tomas-jelinek/clearpath_sim_ws/install/clearpath_manipulators_description/share/ament_index/resource_index/packages/clearpath_manipulators_description
[1.236s] -- Up-to-date symlink: /home/tomas-jelinek/clearpath_sim_ws/install/clearpath_manipulators_description/share/clearpath_manipulators_description/cmake/clearpath_manipulators_descriptionConfig.cmake
[1.236s] -- Up-to-date symlink: /home/tomas-jelinek/clearpath_sim_ws/install/clearpath_manipulators_description/share/clearpath_manipulators_description/cmake/clearpath_manipulators_descriptionConfig-version.cmake
[1.236s] -- Up-to-date symlink: /home/tomas-jelinek/clearpath_sim_ws/install/clearpath_manipulators_description/share/clearpath_manipulators_description/package.xml
[1.245s] Invoked command in '/home/tomas-jelinek/clearpath_sim_ws/build/clearpath_manipulators_description' returned '0': CMAKE_PREFIX_PATH=/opt/ros/humble /usr/bin/cmake --install /home/tomas-jelinek/clearpath_sim_ws/build/clearpath_manipulators_description
