[0.011s] Invoking command in '/home/tomas-jelinek/clearpath_sim_ws/build/clearpath_manipulators': AMENT_PREFIX_PATH=/home/tomas-jelinek/clearpath_sim_ws/install/clearpath_manipulators_description:${AMENT_PREFIX_PATH} CMAKE_PREFIX_PATH=/home/tomas-jelinek/clearpath_sim_ws/install/clearpath_manipulators_description:/opt/ros/humble /usr/bin/cmake /home/tomas-jelinek/clearpath_sim_ws/src/clearpath_common/clearpath_manipulators -DAMENT_CMAKE_SYMLINK_INSTALL=1 -DCMAKE_INSTALL_PREFIX=/home/tomas-jelinek/clearpath_sim_ws/install/clearpath_manipulators
[0.058s] -- The C compiler identification is GNU 11.4.0
[0.111s] -- The CXX compiler identification is GNU 11.4.0
[0.118s] -- Detecting C compiler ABI info
[0.178s] -- Detecting C compiler ABI info - done
[0.185s] -- Check for working C compiler: /usr/bin/cc - skipped
[0.185s] -- Detecting C compile features
[0.186s] -- Detecting C compile features - done
[0.190s] -- Detecting CXX compiler ABI info
[0.274s] -- Detecting CXX compiler ABI info - done
[0.282s] -- Check for working CXX compiler: /usr/bin/c++ - skipped
[0.282s] -- Detecting CXX compile features
[0.282s] -- Detecting CXX compile features - done
[0.285s] -- Found ament_cmake: 1.3.10 (/opt/ros/humble/share/ament_cmake/cmake)
[0.487s] -- Found Python3: /usr/bin/python3 (found version "3.10.12") found components: Interpreter 
[0.579s] -- Override CMake install command with custom implementation using symlinks instead of copying resources
[0.748s] -- Configuring done
[0.750s] -- Generating done
[0.751s] -- Build files have been written to: /home/tomas-jelinek/clearpath_sim_ws/build/clearpath_manipulators
[0.760s] Invoked command in '/home/tomas-jelinek/clearpath_sim_ws/build/clearpath_manipulators' returned '0': AMENT_PREFIX_PATH=/home/tomas-jelinek/clearpath_sim_ws/install/clearpath_manipulators_description:${AMENT_PREFIX_PATH} CMAKE_PREFIX_PATH=/home/tomas-jelinek/clearpath_sim_ws/install/clearpath_manipulators_description:/opt/ros/humble /usr/bin/cmake /home/tomas-jelinek/clearpath_sim_ws/src/clearpath_common/clearpath_manipulators -DAMENT_CMAKE_SYMLINK_INSTALL=1 -DCMAKE_INSTALL_PREFIX=/home/tomas-jelinek/clearpath_sim_ws/install/clearpath_manipulators
[0.761s] Invoking command in '/home/tomas-jelinek/clearpath_sim_ws/build/clearpath_manipulators': AMENT_PREFIX_PATH=/home/tomas-jelinek/clearpath_sim_ws/install/clearpath_manipulators_description:${AMENT_PREFIX_PATH} CMAKE_PREFIX_PATH=/home/tomas-jelinek/clearpath_sim_ws/install/clearpath_manipulators_description:/opt/ros/humble /usr/bin/cmake --build /home/tomas-jelinek/clearpath_sim_ws/build/clearpath_manipulators -- -j8 -l8
[0.808s] Invoked command in '/home/tomas-jelinek/clearpath_sim_ws/build/clearpath_manipulators' returned '0': AMENT_PREFIX_PATH=/home/tomas-jelinek/clearpath_sim_ws/install/clearpath_manipulators_description:${AMENT_PREFIX_PATH} CMAKE_PREFIX_PATH=/home/tomas-jelinek/clearpath_sim_ws/install/clearpath_manipulators_description:/opt/ros/humble /usr/bin/cmake --build /home/tomas-jelinek/clearpath_sim_ws/build/clearpath_manipulators -- -j8 -l8
[0.835s] Invoking command in '/home/tomas-jelinek/clearpath_sim_ws/build/clearpath_manipulators': AMENT_PREFIX_PATH=/home/tomas-jelinek/clearpath_sim_ws/install/clearpath_manipulators_description:${AMENT_PREFIX_PATH} CMAKE_PREFIX_PATH=/home/tomas-jelinek/clearpath_sim_ws/install/clearpath_manipulators_description:/opt/ros/humble /usr/bin/cmake --install /home/tomas-jelinek/clearpath_sim_ws/build/clearpath_manipulators
[0.843s] -- Install configuration: ""
[0.843s] -- Execute custom install script
[0.844s] -- Symlinking: /home/tomas-jelinek/clearpath_sim_ws/install/clearpath_manipulators/share/clearpath_manipulators/config/cartesian_limits.yaml
[0.853s] -- Symlinking: /home/tomas-jelinek/clearpath_sim_ws/install/clearpath_manipulators/share/clearpath_manipulators/config/control.yaml
[0.865s] -- Symlinking: /home/tomas-jelinek/clearpath_sim_ws/install/clearpath_manipulators/share/clearpath_manipulators/config/kinematics/arm.yaml
[0.873s] -- Symlinking: /home/tomas-jelinek/clearpath_sim_ws/install/clearpath_manipulators/share/clearpath_manipulators/config/kinematics/gripper.yaml
[0.883s] -- Symlinking: /home/tomas-jelinek/clearpath_sim_ws/install/clearpath_manipulators/share/clearpath_manipulators/config/kinematics/lift.yaml
[0.893s] -- Symlinking: /home/tomas-jelinek/clearpath_sim_ws/install/clearpath_manipulators/share/clearpath_manipulators/config/planning/_ompl/defaults.yaml
[0.902s] -- Symlinking: /home/tomas-jelinek/clearpath_sim_ws/install/clearpath_manipulators/share/clearpath_manipulators/config/planning/_ompl/planning.yaml
[0.915s] -- Symlinking: /home/tomas-jelinek/clearpath_sim_ws/install/clearpath_manipulators/share/clearpath_manipulators/config/planning/chomp/planning.yaml
[0.926s] -- Symlinking: /home/tomas-jelinek/clearpath_sim_ws/install/clearpath_manipulators/share/clearpath_manipulators/config/planning/pilz/defaults.yaml
[0.937s] -- Symlinking: /home/tomas-jelinek/clearpath_sim_ws/install/clearpath_manipulators/share/clearpath_manipulators/config/planning/pilz/planning.yaml
[0.948s] -- Symlinking: /home/tomas-jelinek/clearpath_sim_ws/install/clearpath_manipulators/share/clearpath_manipulators/config/planning/pipeline.yaml
[0.958s] -- Symlinking: /home/tomas-jelinek/clearpath_sim_ws/install/clearpath_manipulators/share/clearpath_manipulators/config/planning_scene.yaml
[0.971s] -- Symlinking: /home/tomas-jelinek/clearpath_sim_ws/install/clearpath_manipulators/share/clearpath_manipulators/config/trajectory_execution.yaml
[0.987s] -- Symlinking: /home/tomas-jelinek/clearpath_sim_ws/install/clearpath_manipulators/share/clearpath_manipulators/launch/control.launch.py
[0.998s] -- Symlinking: /home/tomas-jelinek/clearpath_sim_ws/install/clearpath_manipulators/share/clearpath_manipulators/launch/manipulators.launch.py
[1.012s] -- Symlinking: /home/tomas-jelinek/clearpath_sim_ws/install/clearpath_manipulators/share/clearpath_manipulators/launch/moveit.launch.py
[1.028s] -- Symlinking: /home/tomas-jelinek/clearpath_sim_ws/install/clearpath_manipulators/share/ament_index/resource_index/package_run_dependencies/clearpath_manipulators
[1.041s] -- Symlinking: /home/tomas-jelinek/clearpath_sim_ws/install/clearpath_manipulators/share/ament_index/resource_index/parent_prefix_path/clearpath_manipulators
[1.057s] -- Symlinking: /home/tomas-jelinek/clearpath_sim_ws/install/clearpath_manipulators/share/clearpath_manipulators/environment/ament_prefix_path.sh
[1.075s] -- Symlinking: /home/tomas-jelinek/clearpath_sim_ws/install/clearpath_manipulators/share/clearpath_manipulators/environment/ament_prefix_path.dsv
[1.091s] -- Symlinking: /home/tomas-jelinek/clearpath_sim_ws/install/clearpath_manipulators/share/clearpath_manipulators/environment/path.sh
[1.105s] -- Symlinking: /home/tomas-jelinek/clearpath_sim_ws/install/clearpath_manipulators/share/clearpath_manipulators/environment/path.dsv
[1.133s] -- Symlinking: /home/tomas-jelinek/clearpath_sim_ws/install/clearpath_manipulators/share/clearpath_manipulators/local_setup.bash
[1.150s] -- Symlinking: /home/tomas-jelinek/clearpath_sim_ws/install/clearpath_manipulators/share/clearpath_manipulators/local_setup.sh
[1.166s] -- Symlinking: /home/tomas-jelinek/clearpath_sim_ws/install/clearpath_manipulators/share/clearpath_manipulators/local_setup.zsh
[1.183s] -- Symlinking: /home/tomas-jelinek/clearpath_sim_ws/install/clearpath_manipulators/share/clearpath_manipulators/local_setup.dsv
[1.202s] -- Symlinking: /home/tomas-jelinek/clearpath_sim_ws/install/clearpath_manipulators/share/clearpath_manipulators/package.dsv
[1.221s] -- Symlinking: /home/tomas-jelinek/clearpath_sim_ws/install/clearpath_manipulators/share/ament_index/resource_index/packages/clearpath_manipulators
[1.241s] -- Symlinking: /home/tomas-jelinek/clearpath_sim_ws/install/clearpath_manipulators/share/clearpath_manipulators/cmake/clearpath_manipulatorsConfig.cmake
[1.275s] -- Symlinking: /home/tomas-jelinek/clearpath_sim_ws/install/clearpath_manipulators/share/clearpath_manipulators/cmake/clearpath_manipulatorsConfig-version.cmake
[1.293s] -- Symlinking: /home/tomas-jelinek/clearpath_sim_ws/install/clearpath_manipulators/share/clearpath_manipulators/package.xml
[1.314s] Invoked command in '/home/tomas-jelinek/clearpath_sim_ws/build/clearpath_manipulators' returned '0': AMENT_PREFIX_PATH=/home/tomas-jelinek/clearpath_sim_ws/install/clearpath_manipulators_description:${AMENT_PREFIX_PATH} CMAKE_PREFIX_PATH=/home/tomas-jelinek/clearpath_sim_ws/install/clearpath_manipulators_description:/opt/ros/humble /usr/bin/cmake --install /home/tomas-jelinek/clearpath_sim_ws/build/clearpath_manipulators
