[0.020s] Invoking command in '/home/tomas-jelinek/clearpath_sim_ws/build/cpr_accessories_gazebo': /usr/bin/cmake /home/tomas-jelinek/clearpath_sim_ws/src/cpr_gazebo/cpr_accessories_gazebo -DCATKIN_INSTALL_INTO_PREFIX_ROOT=0 -DCMAKE_INSTALL_PREFIX=/home/tomas-jelinek/clearpath_sim_ws/install/cpr_accessories_gazebo
[0.091s] -- The C compiler identification is GNU 11.4.0
[0.158s] -- The CXX compiler identification is GNU 11.4.0
[0.169s] -- Detecting C compiler ABI info
[0.248s] -- Detecting C compiler ABI info - done
[0.255s] -- Check for working C compiler: /usr/bin/cc - skipped
[0.255s] -- Detecting C compile features
[0.256s] -- Detecting C compile features - done
[0.259s] -- Detecting CXX compiler ABI info
[0.311s] -- Detecting CXX compiler ABI info - done
[0.317s] -- Check for working CXX compiler: /usr/bin/c++ - skipped
[0.317s] -- Detecting CXX compile features
[0.317s] -- Detecting CXX compile features - done
[0.326s] [31mCMake Error at CMakeLists.txt:4 (find_package):
[0.326s]   By not providing "Findcatkin.cmake" in CMAKE_MODULE_PATH this project has
[0.326s]   asked CMake to find a package configuration file provided by "catkin", but
[0.326s]   CMake did not find one.
[0.326s] 
[0.326s]   Could not find a package configuration file provided by "catkin" with any
[0.326s]   of the following names:
[0.326s] 
[0.326s]     catkinConfig.cmake
[0.326s]     catkin-config.cmake
[0.326s] 
[0.326s]   Add the installation prefix of "catkin" to CMAKE_PREFIX_PATH or set
[0.326s]   "catkin_DIR" to a directory containing one of the above files.  If "catkin"
[0.326s]   provides a separate development package or SDK, be sure it has been
[0.327s]   installed.
[0.327s] 
[0.327s] [0m
[0.327s] -- Configuring incomplete, errors occurred!
[0.327s] See also "/home/tomas-jelinek/clearpath_sim_ws/build/cpr_accessories_gazebo/CMakeFiles/CMakeOutput.log".
[0.340s] Invoked command in '/home/tomas-jelinek/clearpath_sim_ws/build/cpr_accessories_gazebo' returned '1': /usr/bin/cmake /home/tomas-jelinek/clearpath_sim_ws/src/cpr_gazebo/cpr_accessories_gazebo -DCATKIN_INSTALL_INTO_PREFIX_ROOT=0 -DCMAKE_INSTALL_PREFIX=/home/tomas-jelinek/clearpath_sim_ws/install/cpr_accessories_gazebo
