[0.033s] Invoking command in '/home/tomas-jelinek/clearpath_sim_ws/build/clearpath_msgs': AMENT_PREFIX_PATH=/home/tomas-jelinek/clearpath_sim_ws/install/clearpath_platform_msgs:${AMENT_PREFIX_PATH} CMAKE_PREFIX_PATH=/home/tomas-jelinek/clearpath_sim_ws/install/clearpath_platform_msgs:/opt/ros/humble LD_LIBRARY_PATH=/home/tomas-jelinek/clearpath_sim_ws/install/clearpath_platform_msgs/lib:${LD_LIBRARY_PATH} PYTHONPATH=/home/tomas-jelinek/clearpath_sim_ws/install/clearpath_platform_msgs/local/lib/python3.10/dist-packages:${PYTHONPATH} /usr/bin/cmake --build /home/tomas-jelinek/clearpath_sim_ws/build/clearpath_msgs -- -j8 -l8
[0.131s] Invoked command in '/home/tomas-jelinek/clearpath_sim_ws/build/clearpath_msgs' returned '0': AMENT_PREFIX_PATH=/home/tomas-jelinek/clearpath_sim_ws/install/clearpath_platform_msgs:${AMENT_PREFIX_PATH} CMAKE_PREFIX_PATH=/home/tomas-jelinek/clearpath_sim_ws/install/clearpath_platform_msgs:/opt/ros/humble LD_LIBRARY_PATH=/home/tomas-jelinek/clearpath_sim_ws/install/clearpath_platform_msgs/lib:${LD_LIBRARY_PATH} PYTHONPATH=/home/tomas-jelinek/clearpath_sim_ws/install/clearpath_platform_msgs/local/lib/python3.10/dist-packages:${PYTHONPATH} /usr/bin/cmake --build /home/tomas-jelinek/clearpath_sim_ws/build/clearpath_msgs -- -j8 -l8
[0.217s] Invoking command in '/home/tomas-jelinek/clearpath_sim_ws/build/clearpath_msgs': AMENT_PREFIX_PATH=/home/tomas-jelinek/clearpath_sim_ws/install/clearpath_platform_msgs:${AMENT_PREFIX_PATH} CMAKE_PREFIX_PATH=/home/tomas-jelinek/clearpath_sim_ws/install/clearpath_platform_msgs:/opt/ros/humble LD_LIBRARY_PATH=/home/tomas-jelinek/clearpath_sim_ws/install/clearpath_platform_msgs/lib:${LD_LIBRARY_PATH} PYTHONPATH=/home/tomas-jelinek/clearpath_sim_ws/install/clearpath_platform_msgs/local/lib/python3.10/dist-packages:${PYTHONPATH} /usr/bin/cmake --install /home/tomas-jelinek/clearpath_sim_ws/build/clearpath_msgs
[0.247s] -- Install configuration: ""
[0.249s] -- Execute custom install script
[0.251s] -- Up-to-date symlink: /home/tomas-jelinek/clearpath_sim_ws/install/clearpath_msgs/share/ament_index/resource_index/package_run_dependencies/clearpath_msgs
[0.252s] -- Up-to-date symlink: /home/tomas-jelinek/clearpath_sim_ws/install/clearpath_msgs/share/ament_index/resource_index/parent_prefix_path/clearpath_msgs
[0.254s] -- Up-to-date symlink: /home/tomas-jelinek/clearpath_sim_ws/install/clearpath_msgs/share/clearpath_msgs/environment/ament_prefix_path.sh
[0.255s] -- Up-to-date symlink: /home/tomas-jelinek/clearpath_sim_ws/install/clearpath_msgs/share/clearpath_msgs/environment/ament_prefix_path.dsv
[0.256s] -- Up-to-date symlink: /home/tomas-jelinek/clearpath_sim_ws/install/clearpath_msgs/share/clearpath_msgs/environment/path.sh
[0.260s] -- Up-to-date symlink: /home/tomas-jelinek/clearpath_sim_ws/install/clearpath_msgs/share/clearpath_msgs/environment/path.dsv
[0.261s] -- Up-to-date symlink: /home/tomas-jelinek/clearpath_sim_ws/install/clearpath_msgs/share/clearpath_msgs/local_setup.bash
[0.262s] -- Up-to-date symlink: /home/tomas-jelinek/clearpath_sim_ws/install/clearpath_msgs/share/clearpath_msgs/local_setup.sh
[0.263s] -- Up-to-date symlink: /home/tomas-jelinek/clearpath_sim_ws/install/clearpath_msgs/share/clearpath_msgs/local_setup.zsh
[0.265s] -- Up-to-date symlink: /home/tomas-jelinek/clearpath_sim_ws/install/clearpath_msgs/share/clearpath_msgs/local_setup.dsv
[0.265s] -- Symlinking: /home/tomas-jelinek/clearpath_sim_ws/install/clearpath_msgs/share/clearpath_msgs/package.dsv
[0.295s] -- Up-to-date symlink: /home/tomas-jelinek/clearpath_sim_ws/install/clearpath_msgs/share/ament_index/resource_index/packages/clearpath_msgs
[0.296s] -- Up-to-date symlink: /home/tomas-jelinek/clearpath_sim_ws/install/clearpath_msgs/share/clearpath_msgs/cmake/clearpath_msgsConfig.cmake
[0.296s] -- Up-to-date symlink: /home/tomas-jelinek/clearpath_sim_ws/install/clearpath_msgs/share/clearpath_msgs/cmake/clearpath_msgsConfig-version.cmake
[0.298s] -- Up-to-date symlink: /home/tomas-jelinek/clearpath_sim_ws/install/clearpath_msgs/share/clearpath_msgs/package.xml
[0.306s] Invoked command in '/home/tomas-jelinek/clearpath_sim_ws/build/clearpath_msgs' returned '0': AMENT_PREFIX_PATH=/home/tomas-jelinek/clearpath_sim_ws/install/clearpath_platform_msgs:${AMENT_PREFIX_PATH} CMAKE_PREFIX_PATH=/home/tomas-jelinek/clearpath_sim_ws/install/clearpath_platform_msgs:/opt/ros/humble LD_LIBRARY_PATH=/home/tomas-jelinek/clearpath_sim_ws/install/clearpath_platform_msgs/lib:${LD_LIBRARY_PATH} PYTHONPATH=/home/tomas-jelinek/clearpath_sim_ws/install/clearpath_platform_msgs/local/lib/python3.10/dist-packages:${PYTHONPATH} /usr/bin/cmake --install /home/tomas-jelinek/clearpath_sim_ws/build/clearpath_msgs
