[0.614s] Invoking command in '/home/tomas-jelinek/clearpath_sim_ws/src/clearpath_config': PYTHONPATH=/home/tomas-jelinek/clearpath_sim_ws/build/clearpath_config/prefix_override:/usr/lib/python3/dist-packages/colcon_core/task/python/colcon_distutils_commands:/home/tomas-jelinek/clearpath_sim_ws/install/clearpath_config/lib/python3.10/site-packages:${PYTHONPATH} /usr/bin/python3 -W ignore:setup.py install is deprecated setup.py egg_info --egg-base ../../build/clearpath_config build --build-base /home/tomas-jelinek/clearpath_sim_ws/build/clearpath_config/build install --record /home/tomas-jelinek/clearpath_sim_ws/build/clearpath_config/install.log --single-version-externally-managed install_data
[0.813s] running egg_info
[0.813s] writing ../../build/clearpath_config/clearpath_config.egg-info/PKG-INFO
[0.813s] writing dependency_links to ../../build/clearpath_config/clearpath_config.egg-info/dependency_links.txt
[0.814s] writing requirements to ../../build/clearpath_config/clearpath_config.egg-info/requires.txt
[0.814s] writing top-level names to ../../build/clearpath_config/clearpath_config.egg-info/top_level.txt
[0.815s] package init file 'clearpath_config/manipulators/types/__init__.py' not found (or not a regular file)
[0.816s] reading manifest file '../../build/clearpath_config/clearpath_config.egg-info/SOURCES.txt'
[0.817s] adding license file 'LICENSE'
[0.818s] writing manifest file '../../build/clearpath_config/clearpath_config.egg-info/SOURCES.txt'
[0.818s] running build
[0.818s] running build_py
[0.822s] running install
[0.822s] running install_lib
[0.825s] running install_data
[0.826s] running install_egg_info
[0.827s] removing '/home/tomas-jelinek/clearpath_sim_ws/install/clearpath_config/lib/python3.10/site-packages/clearpath_config-0.3.3-py3.10.egg-info' (and everything under it)
[0.827s] Copying ../../build/clearpath_config/clearpath_config.egg-info to /home/tomas-jelinek/clearpath_sim_ws/install/clearpath_config/lib/python3.10/site-packages/clearpath_config-0.3.3-py3.10.egg-info
[0.828s] running install_scripts
[0.844s] writing list of installed files to '/home/tomas-jelinek/clearpath_sim_ws/build/clearpath_config/install.log'
[0.873s] Invoked command in '/home/tomas-jelinek/clearpath_sim_ws/src/clearpath_config' returned '0': PYTHONPATH=/home/tomas-jelinek/clearpath_sim_ws/build/clearpath_config/prefix_override:/usr/lib/python3/dist-packages/colcon_core/task/python/colcon_distutils_commands:/home/tomas-jelinek/clearpath_sim_ws/install/clearpath_config/lib/python3.10/site-packages:${PYTHONPATH} /usr/bin/python3 -W ignore:setup.py install is deprecated setup.py egg_info --egg-base ../../build/clearpath_config build --build-base /home/tomas-jelinek/clearpath_sim_ws/build/clearpath_config/build install --record /home/tomas-jelinek/clearpath_sim_ws/build/clearpath_config/install.log --single-version-externally-managed install_data
