[0.210s] Invoking command in '/home/tomas-jelinek/clearpath_sim_ws/build/clearpath_description': AMENT_PREFIX_PATH=/home/tomas-jelinek/clearpath_sim_ws/install/clearpath_sensors_description:/home/tomas-jelinek/clearpath_sim_ws/install/clearpath_platform_description:/home/tomas-jelinek/clearpath_sim_ws/install/clearpath_mounts_description:/home/tomas-jelinek/clearpath_sim_ws/install/clearpath_manipulators_description:${AMENT_PREFIX_PATH} CMAKE_PREFIX_PATH=/home/tomas-jelinek/clearpath_sim_ws/install/clearpath_sensors_description:/home/tomas-jelinek/clearpath_sim_ws/install/clearpath_platform_description:/home/tomas-jelinek/clearpath_sim_ws/install/clearpath_mounts_description:/home/tomas-jelinek/clearpath_sim_ws/install/clearpath_manipulators_description:/opt/ros/humble /usr/bin/cmake /home/tomas-jelinek/clearpath_sim_ws/src/clearpath_common/clearpath_description -DCMAKE_INSTALL_PREFIX=/home/tomas-jelinek/clearpath_sim_ws/install/clearpath_description
[0.223s] -- Found ament_cmake: 1.3.10 (/opt/ros/humble/share/ament_cmake/cmake)
[0.364s] -- Override CMake install command with custom implementation using symlinks instead of copying resources
[0.441s] -- Configuring done
[0.443s] -- Generating done
[0.444s] -- Build files have been written to: /home/tomas-jelinek/clearpath_sim_ws/build/clearpath_description
[0.446s] Invoked command in '/home/tomas-jelinek/clearpath_sim_ws/build/clearpath_description' returned '0': AMENT_PREFIX_PATH=/home/tomas-jelinek/clearpath_sim_ws/install/clearpath_sensors_description:/home/tomas-jelinek/clearpath_sim_ws/install/clearpath_platform_description:/home/tomas-jelinek/clearpath_sim_ws/install/clearpath_mounts_description:/home/tomas-jelinek/clearpath_sim_ws/install/clearpath_manipulators_description:${AMENT_PREFIX_PATH} CMAKE_PREFIX_PATH=/home/tomas-jelinek/clearpath_sim_ws/install/clearpath_sensors_description:/home/tomas-jelinek/clearpath_sim_ws/install/clearpath_platform_description:/home/tomas-jelinek/clearpath_sim_ws/install/clearpath_mounts_description:/home/tomas-jelinek/clearpath_sim_ws/install/clearpath_manipulators_description:/opt/ros/humble /usr/bin/cmake /home/tomas-jelinek/clearpath_sim_ws/src/clearpath_common/clearpath_description -DCMAKE_INSTALL_PREFIX=/home/tomas-jelinek/clearpath_sim_ws/install/clearpath_description
[0.448s] Invoking command in '/home/tomas-jelinek/clearpath_sim_ws/build/clearpath_description': AMENT_PREFIX_PATH=/home/tomas-jelinek/clearpath_sim_ws/install/clearpath_sensors_description:/home/tomas-jelinek/clearpath_sim_ws/install/clearpath_platform_description:/home/tomas-jelinek/clearpath_sim_ws/install/clearpath_mounts_description:/home/tomas-jelinek/clearpath_sim_ws/install/clearpath_manipulators_description:${AMENT_PREFIX_PATH} CMAKE_PREFIX_PATH=/home/tomas-jelinek/clearpath_sim_ws/install/clearpath_sensors_description:/home/tomas-jelinek/clearpath_sim_ws/install/clearpath_platform_description:/home/tomas-jelinek/clearpath_sim_ws/install/clearpath_mounts_description:/home/tomas-jelinek/clearpath_sim_ws/install/clearpath_manipulators_description:/opt/ros/humble /usr/bin/cmake --build /home/tomas-jelinek/clearpath_sim_ws/build/clearpath_description -- -j8 -l8
[0.479s] Invoked command in '/home/tomas-jelinek/clearpath_sim_ws/build/clearpath_description' returned '0': AMENT_PREFIX_PATH=/home/tomas-jelinek/clearpath_sim_ws/install/clearpath_sensors_description:/home/tomas-jelinek/clearpath_sim_ws/install/clearpath_platform_description:/home/tomas-jelinek/clearpath_sim_ws/install/clearpath_mounts_description:/home/tomas-jelinek/clearpath_sim_ws/install/clearpath_manipulators_description:${AMENT_PREFIX_PATH} CMAKE_PREFIX_PATH=/home/tomas-jelinek/clearpath_sim_ws/install/clearpath_sensors_description:/home/tomas-jelinek/clearpath_sim_ws/install/clearpath_platform_description:/home/tomas-jelinek/clearpath_sim_ws/install/clearpath_mounts_description:/home/tomas-jelinek/clearpath_sim_ws/install/clearpath_manipulators_description:/opt/ros/humble /usr/bin/cmake --build /home/tomas-jelinek/clearpath_sim_ws/build/clearpath_description -- -j8 -l8
[0.503s] Invoking command in '/home/tomas-jelinek/clearpath_sim_ws/build/clearpath_description': AMENT_PREFIX_PATH=/home/tomas-jelinek/clearpath_sim_ws/install/clearpath_sensors_description:/home/tomas-jelinek/clearpath_sim_ws/install/clearpath_platform_description:/home/tomas-jelinek/clearpath_sim_ws/install/clearpath_mounts_description:/home/tomas-jelinek/clearpath_sim_ws/install/clearpath_manipulators_description:${AMENT_PREFIX_PATH} CMAKE_PREFIX_PATH=/home/tomas-jelinek/clearpath_sim_ws/install/clearpath_sensors_description:/home/tomas-jelinek/clearpath_sim_ws/install/clearpath_platform_description:/home/tomas-jelinek/clearpath_sim_ws/install/clearpath_mounts_description:/home/tomas-jelinek/clearpath_sim_ws/install/clearpath_manipulators_description:/opt/ros/humble /usr/bin/cmake --install /home/tomas-jelinek/clearpath_sim_ws/build/clearpath_description
[0.510s] -- Install configuration: ""
[0.510s] -- Execute custom install script
[0.510s] -- Up-to-date symlink: /home/tomas-jelinek/clearpath_sim_ws/install/clearpath_description/share/ament_index/resource_index/package_run_dependencies/clearpath_description
[0.512s] -- Up-to-date symlink: /home/tomas-jelinek/clearpath_sim_ws/install/clearpath_description/share/ament_index/resource_index/parent_prefix_path/clearpath_description
[0.512s] -- Up-to-date symlink: /home/tomas-jelinek/clearpath_sim_ws/install/clearpath_description/share/clearpath_description/environment/ament_prefix_path.sh
[0.515s] -- Up-to-date symlink: /home/tomas-jelinek/clearpath_sim_ws/install/clearpath_description/share/clearpath_description/environment/ament_prefix_path.dsv
[0.515s] -- Up-to-date symlink: /home/tomas-jelinek/clearpath_sim_ws/install/clearpath_description/share/clearpath_description/environment/path.sh
[0.515s] -- Up-to-date symlink: /home/tomas-jelinek/clearpath_sim_ws/install/clearpath_description/share/clearpath_description/environment/path.dsv
[0.515s] -- Up-to-date symlink: /home/tomas-jelinek/clearpath_sim_ws/install/clearpath_description/share/clearpath_description/local_setup.bash
[0.516s] -- Up-to-date symlink: /home/tomas-jelinek/clearpath_sim_ws/install/clearpath_description/share/clearpath_description/local_setup.sh
[0.516s] -- Up-to-date symlink: /home/tomas-jelinek/clearpath_sim_ws/install/clearpath_description/share/clearpath_description/local_setup.zsh
[0.516s] -- Up-to-date symlink: /home/tomas-jelinek/clearpath_sim_ws/install/clearpath_description/share/clearpath_description/local_setup.dsv
[0.516s] -- Symlinking: /home/tomas-jelinek/clearpath_sim_ws/install/clearpath_description/share/clearpath_description/package.dsv
[0.520s] -- Up-to-date symlink: /home/tomas-jelinek/clearpath_sim_ws/install/clearpath_description/share/ament_index/resource_index/packages/clearpath_description
[0.520s] -- Up-to-date symlink: /home/tomas-jelinek/clearpath_sim_ws/install/clearpath_description/share/clearpath_description/cmake/clearpath_descriptionConfig.cmake
[0.520s] -- Up-to-date symlink: /home/tomas-jelinek/clearpath_sim_ws/install/clearpath_description/share/clearpath_description/cmake/clearpath_descriptionConfig-version.cmake
[0.521s] -- Up-to-date symlink: /home/tomas-jelinek/clearpath_sim_ws/install/clearpath_description/share/clearpath_description/package.xml
[0.534s] Invoked command in '/home/tomas-jelinek/clearpath_sim_ws/build/clearpath_description' returned '0': AMENT_PREFIX_PATH=/home/tomas-jelinek/clearpath_sim_ws/install/clearpath_sensors_description:/home/tomas-jelinek/clearpath_sim_ws/install/clearpath_platform_description:/home/tomas-jelinek/clearpath_sim_ws/install/clearpath_mounts_description:/home/tomas-jelinek/clearpath_sim_ws/install/clearpath_manipulators_description:${AMENT_PREFIX_PATH} CMAKE_PREFIX_PATH=/home/tomas-jelinek/clearpath_sim_ws/install/clearpath_sensors_description:/home/tomas-jelinek/clearpath_sim_ws/install/clearpath_platform_description:/home/tomas-jelinek/clearpath_sim_ws/install/clearpath_mounts_description:/home/tomas-jelinek/clearpath_sim_ws/install/clearpath_manipulators_description:/opt/ros/humble /usr/bin/cmake --install /home/tomas-jelinek/clearpath_sim_ws/build/clearpath_description
